2017-11-30 05:59:30.7667 INFO User: Tajay successfully logged in
2017-11-30 06:39:59.6481 INFO User: Tajay successfully logged in
2017-11-30 06:47:32.4454 INFO Retrieving order location
2017-11-30 06:47:32.4594 INFO Location successfully retrieved
2017-11-30 06:47:32.4594 INFO Getting customer names
2017-11-30 06:47:32.4795 INFO Names successfully receieved
2017-11-30 07:07:03.2300 WARN Unable to log in user Tajay. Incorrect credentials enterred
2017-11-30 07:07:07.4562 INFO User: Tajay successfully logged in
2017-11-30 07:12:08.8360 INFO User: Tajay successfully logged in
2017-11-30 07:16:03.9084 INFO User: Tajay successfully logged in
2017-11-30 07:33:44.2057 INFO User: Tajay successfully logged in
2017-11-30 07:33:52.8110 INFO  Getting item name, quantity and additionals from 17
2017-11-30 07:33:52.8463 INFO Retrieving order location
2017-11-30 07:33:52.8619 INFO Location successfully retrieved
2017-11-30 07:33:52.8775 INFO  Getting item name, quantity and additionals from 18
2017-11-30 07:33:52.8775 INFO Retrieving order location
2017-11-30 07:33:52.8932 INFO Location successfully retrieved
2017-11-30 07:33:52.9778 INFO  Getting item name, quantity and additionals from 19
2017-11-30 07:33:52.9778 INFO Retrieving order location
2017-11-30 07:33:52.9934 INFO Location successfully retrieved
2017-11-30 07:33:52.9934 INFO  Getting item name, quantity and additionals from 22
2017-11-30 07:33:53.0121 INFO Retrieving order location
2017-11-30 07:33:53.0121 INFO Location successfully retrieved
2017-11-30 07:33:53.0121 INFO  Getting item name, quantity and additionals from 23
2017-11-30 07:33:53.0312 INFO Retrieving order location
2017-11-30 07:33:53.0312 INFO Location successfully retrieved
2017-11-30 07:33:53.0312 INFO  Getting item name, quantity and additionals from 24
2017-11-30 07:33:53.0625 INFO Retrieving order location
2017-11-30 07:33:53.0625 INFO Location successfully retrieved
2017-11-30 07:33:53.0625 INFO  Getting item name, quantity and additionals from 25
2017-11-30 07:33:53.0625 INFO Retrieving order location
2017-11-30 07:33:53.0781 INFO Location successfully retrieved
2017-11-30 07:33:53.0781 INFO  Getting item name, quantity and additionals from 26
2017-11-30 07:33:53.0937 INFO Retrieving order location
2017-11-30 07:33:53.0937 INFO Location successfully retrieved
2017-11-30 07:33:53.0937 INFO  Getting item name, quantity and additionals from 27
2017-11-30 07:33:53.1134 INFO Retrieving order location
2017-11-30 07:33:53.1134 INFO Location successfully retrieved
2017-11-30 07:33:53.1134 INFO  Getting item name, quantity and additionals from 28
2017-11-30 07:33:53.1310 INFO Retrieving order location
2017-11-30 07:33:53.1310 INFO Location successfully retrieved
2017-11-30 07:33:53.1310 INFO  Getting item name, quantity and additionals from 33
2017-11-30 07:33:53.1467 INFO Retrieving order location
2017-11-30 07:33:53.1467 INFO Location successfully retrieved
2017-11-30 07:33:53.1623 INFO  Getting item name, quantity and additionals from 35
2017-11-30 07:33:53.2466 INFO Retrieving order location
2017-11-30 07:33:53.2622 INFO Location successfully retrieved
2017-11-30 07:33:53.2778 INFO  Getting item name, quantity and additionals from 36
2017-11-30 07:33:53.2935 INFO Retrieving order location
2017-11-30 07:33:53.3157 INFO Location successfully retrieved
2017-11-30 07:33:53.3313 INFO  Getting item name, quantity and additionals from 37
2017-11-30 07:33:53.3313 INFO Retrieving order location
2017-11-30 07:33:53.3469 INFO Location successfully retrieved
2017-11-30 07:33:53.3469 INFO  Getting item name, quantity and additionals from 38
2017-11-30 07:33:53.3625 INFO Retrieving order location
2017-11-30 07:33:53.3782 INFO Location successfully retrieved
2017-11-30 07:33:53.3938 INFO  Getting item name, quantity and additionals from 39
2017-11-30 07:33:53.3938 INFO Retrieving order location
2017-11-30 07:33:53.4154 INFO Location successfully retrieved
2017-11-30 07:33:53.4154 INFO  Getting item name, quantity and additionals from 40
2017-11-30 07:33:53.4154 INFO Retrieving order location
2017-11-30 07:33:53.4313 INFO Location successfully retrieved
2017-11-30 07:33:53.4313 INFO  Getting item name, quantity and additionals from 41
2017-11-30 07:33:53.4469 INFO Retrieving order location
2017-11-30 07:33:53.4469 INFO Location successfully retrieved
2017-11-30 07:33:53.4469 INFO  Getting item name, quantity and additionals from 42
2017-11-30 07:33:53.4625 INFO Retrieving order location
2017-11-30 07:33:53.4625 INFO Location successfully retrieved
2017-11-30 07:33:53.4625 INFO  Getting item name, quantity and additionals from 43
2017-11-30 07:33:53.4782 INFO Retrieving order location
2017-11-30 07:33:53.4782 INFO Location successfully retrieved
2017-11-30 07:33:53.4782 INFO  Getting item name, quantity and additionals from 44
2017-11-30 07:33:53.4938 INFO Retrieving order location
2017-11-30 07:33:53.4938 INFO Location successfully retrieved
2017-11-30 07:33:53.5099 INFO  Getting item name, quantity and additionals from 45
2017-11-30 07:33:53.5099 INFO Retrieving order location
2017-11-30 07:33:53.5099 INFO Location successfully retrieved
2017-11-30 07:33:53.5099 INFO  Getting item name, quantity and additionals from 46
2017-11-30 07:33:53.5311 INFO Retrieving order location
2017-11-30 07:33:53.5311 INFO Location successfully retrieved
2017-11-30 07:33:53.5311 INFO  Getting item name, quantity and additionals from 47
2017-11-30 07:33:53.5468 INFO Retrieving order location
2017-11-30 07:33:53.5468 INFO Location successfully retrieved
2017-11-30 07:33:53.5624 INFO  Getting item name, quantity and additionals from 48
2017-11-30 07:33:53.5624 INFO Retrieving order location
2017-11-30 07:33:53.5780 INFO Location successfully retrieved
2017-11-30 07:33:53.5780 INFO  Getting item name, quantity and additionals from 49
2017-11-30 07:33:53.5936 INFO Retrieving order location
2017-11-30 07:33:53.5936 INFO Location successfully retrieved
2017-11-30 07:33:53.5936 INFO  Getting item name, quantity and additionals from 50
2017-11-30 07:33:53.6138 INFO Retrieving order location
2017-11-30 07:33:53.6138 INFO Location successfully retrieved
2017-11-30 07:33:53.6138 INFO  Getting item name, quantity and additionals from 51
2017-11-30 07:33:53.6138 INFO Retrieving order location
2017-11-30 07:33:53.6314 INFO Location successfully retrieved
2017-11-30 07:33:53.6314 INFO  Getting item name, quantity and additionals from 53
2017-11-30 07:33:53.6470 INFO Retrieving order location
2017-11-30 07:33:53.6470 INFO Location successfully retrieved
2017-11-30 07:33:53.6470 INFO  Getting item name, quantity and additionals from 54
2017-11-30 07:33:53.6627 INFO Retrieving order location
2017-11-30 07:33:53.6627 INFO Location successfully retrieved
2017-11-30 07:33:53.6627 INFO  Getting item name, quantity and additionals from 55
2017-11-30 07:33:53.6783 INFO Retrieving order location
2017-11-30 07:33:53.6783 INFO Location successfully retrieved
2017-11-30 07:33:53.6939 INFO  Getting item name, quantity and additionals from 56
2017-11-30 07:33:53.6939 INFO Retrieving order location
2017-11-30 07:33:53.6939 INFO Location successfully retrieved
2017-11-30 07:33:53.7121 INFO  Getting item name, quantity and additionals from 65
2017-11-30 07:33:53.7121 INFO Retrieving order location
2017-11-30 07:33:53.7121 INFO Location successfully retrieved
2017-11-30 07:33:53.7121 INFO  Getting item name, quantity and additionals from 66
2017-11-30 07:33:53.7317 INFO Retrieving order location
2017-11-30 07:33:53.7317 INFO Location successfully retrieved
2017-11-30 07:36:24.4349 INFO User: Tajay successfully logged in
2017-11-30 19:09:35.0089 INFO User: Tajay successfully logged in
2017-11-30 20:14:25.5409 INFO User: Tajay successfully logged in
2017-11-30 20:15:08.7338 ERROR System.NullReferenceException: Object reference not set to an instance of an object.
   at adaOrderingSys.ViewCustomers.dgv_Customers_CellEndEdit(Object sender, DataGridViewCellEventArgs e) in C:\Users\Tajay\Documents\Visual Studio 2013\Projects\ADA\adaOrderingSys\adaOrderingSys\ViewCustomers.cs:line 65
2017-11-30 20:20:35.4365 INFO User: Tajay successfully logged in
2017-11-30 20:31:11.1232 INFO User: Tajay successfully logged in
2017-11-30 20:32:18.8186 INFO User: Tajay successfully logged in
2017-11-30 21:13:22.5620 INFO User: Tajay successfully logged in
