2017-12-03 07:40:37.6381 INFO User: adauser successfully logged in
2017-12-03 07:40:47.9481 INFO User: Tajay successfully logged in
2017-12-03 07:42:12.2972 INFO User: Tajay successfully logged in
2017-12-03 07:43:08.2504 INFO User: Tajay successfully logged in
2017-12-03 07:43:46.6337 INFO User: adauser successfully logged in
2017-12-03 07:43:54.0015 INFO User: Tajay successfully logged in
2017-12-03 07:45:53.1808 ERROR System.Data.SqlClient.SqlException (0x80131904): Conversion failed when converting date and/or time from character string.
   at System.Data.SqlClient.SqlConnection.OnError(SqlException exception, Boolean breakConnection, Action`1 wrapCloseInAction)
   at System.Data.SqlClient.SqlInternalConnection.OnError(SqlException exception, Boolean breakConnection, Action`1 wrapCloseInAction)
   at System.Data.SqlClient.TdsParser.ThrowExceptionAndWarning(TdsParserStateObject stateObj, Boolean callerHasConnectionLock, Boolean asyncClose)
   at System.Data.SqlClient.TdsParser.TryRun(RunBehavior runBehavior, SqlCommand cmdHandler, SqlDataReader dataStream, BulkCopySimpleResultSet bulkCopyHandler, TdsParserStateObject stateObj, Boolean& dataReady)
   at System.Data.SqlClient.SqlDataReader.TryHasMoreRows(Boolean& moreRows)
   at System.Data.SqlClient.SqlDataReader.TryReadInternal(Boolean setTimeout, Boolean& more)
   at System.Data.SqlClient.SqlDataReader.Read()
   at adaOrderingSys.business_objects.Order.getCustNameBasedOnOrderDate(DateTime orderDate) in C:\Users\Tajay\Documents\Visual Studio 2013\Projects\ADA\adaOrderingSys\adaOrderingSys\business-objects\Order.cs:line 49
ClientConnectionId:5f060c5d-96dc-4c4e-b878-4cdfe38ff615
Error Number:241,State:1,Class:16
2017-12-03 07:45:53.3281 ERROR System.Data.SqlClient.SqlException (0x80131904): Conversion failed when converting date and/or time from character string.
   at System.Data.SqlClient.SqlConnection.OnError(SqlException exception, Boolean breakConnection, Action`1 wrapCloseInAction)
   at System.Data.SqlClient.SqlInternalConnection.OnError(SqlException exception, Boolean breakConnection, Action`1 wrapCloseInAction)
   at System.Data.SqlClient.TdsParser.ThrowExceptionAndWarning(TdsParserStateObject stateObj, Boolean callerHasConnectionLock, Boolean asyncClose)
   at System.Data.SqlClient.TdsParser.TryRun(RunBehavior runBehavior, SqlCommand cmdHandler, SqlDataReader dataStream, BulkCopySimpleResultSet bulkCopyHandler, TdsParserStateObject stateObj, Boolean& dataReady)
   at System.Data.SqlClient.SqlDataReader.TryHasMoreRows(Boolean& moreRows)
   at System.Data.SqlClient.SqlDataReader.TryReadInternal(Boolean setTimeout, Boolean& more)
   at System.Data.SqlClient.SqlDataReader.Read()
   at adaOrderingSys.business_objects.Order.getCustNameBasedOnOrderDate(DateTime orderDate) in C:\Users\Tajay\Documents\Visual Studio 2013\Projects\ADA\adaOrderingSys\adaOrderingSys\business-objects\Order.cs:line 49
ClientConnectionId:5f060c5d-96dc-4c4e-b878-4cdfe38ff615
Error Number:241,State:1,Class:16
2017-12-03 07:46:03.2409 ERROR System.Data.SqlClient.SqlException (0x80131904): Conversion failed when converting date and/or time from character string.
   at System.Data.SqlClient.SqlConnection.OnError(SqlException exception, Boolean breakConnection, Action`1 wrapCloseInAction)
   at System.Data.SqlClient.SqlInternalConnection.OnError(SqlException exception, Boolean breakConnection, Action`1 wrapCloseInAction)
   at System.Data.SqlClient.TdsParser.ThrowExceptionAndWarning(TdsParserStateObject stateObj, Boolean callerHasConnectionLock, Boolean asyncClose)
   at System.Data.SqlClient.TdsParser.TryRun(RunBehavior runBehavior, SqlCommand cmdHandler, SqlDataReader dataStream, BulkCopySimpleResultSet bulkCopyHandler, TdsParserStateObject stateObj, Boolean& dataReady)
   at System.Data.SqlClient.SqlDataReader.TryHasMoreRows(Boolean& moreRows)
   at System.Data.SqlClient.SqlDataReader.TryReadInternal(Boolean setTimeout, Boolean& more)
   at System.Data.SqlClient.SqlDataReader.Read()
   at adaOrderingSys.business_objects.Order.getCustNameBasedOnOrderDate(DateTime orderDate) in C:\Users\Tajay\Documents\Visual Studio 2013\Projects\ADA\adaOrderingSys\adaOrderingSys\business-objects\Order.cs:line 49
ClientConnectionId:5f060c5d-96dc-4c4e-b878-4cdfe38ff615
Error Number:241,State:1,Class:16
2017-12-03 07:46:03.2626 ERROR System.Data.SqlClient.SqlException (0x80131904): Conversion failed when converting date and/or time from character string.
   at System.Data.SqlClient.SqlConnection.OnError(SqlException exception, Boolean breakConnection, Action`1 wrapCloseInAction)
   at System.Data.SqlClient.SqlInternalConnection.OnError(SqlException exception, Boolean breakConnection, Action`1 wrapCloseInAction)
   at System.Data.SqlClient.TdsParser.ThrowExceptionAndWarning(TdsParserStateObject stateObj, Boolean callerHasConnectionLock, Boolean asyncClose)
   at System.Data.SqlClient.TdsParser.TryRun(RunBehavior runBehavior, SqlCommand cmdHandler, SqlDataReader dataStream, BulkCopySimpleResultSet bulkCopyHandler, TdsParserStateObject stateObj, Boolean& dataReady)
   at System.Data.SqlClient.SqlDataReader.TryHasMoreRows(Boolean& moreRows)
   at System.Data.SqlClient.SqlDataReader.TryReadInternal(Boolean setTimeout, Boolean& more)
   at System.Data.SqlClient.SqlDataReader.Read()
   at adaOrderingSys.business_objects.Order.getCustNameBasedOnOrderDate(DateTime orderDate) in C:\Users\Tajay\Documents\Visual Studio 2013\Projects\ADA\adaOrderingSys\adaOrderingSys\business-objects\Order.cs:line 49
ClientConnectionId:5f060c5d-96dc-4c4e-b878-4cdfe38ff615
Error Number:241,State:1,Class:16
2017-12-03 07:46:32.0320 ERROR System.Data.SqlClient.SqlException (0x80131904): Conversion failed when converting date and/or time from character string.
   at System.Data.SqlClient.SqlConnection.OnError(SqlException exception, Boolean breakConnection, Action`1 wrapCloseInAction)
   at System.Data.SqlClient.SqlInternalConnection.OnError(SqlException exception, Boolean breakConnection, Action`1 wrapCloseInAction)
   at System.Data.SqlClient.TdsParser.ThrowExceptionAndWarning(TdsParserStateObject stateObj, Boolean callerHasConnectionLock, Boolean asyncClose)
   at System.Data.SqlClient.TdsParser.TryRun(RunBehavior runBehavior, SqlCommand cmdHandler, SqlDataReader dataStream, BulkCopySimpleResultSet bulkCopyHandler, TdsParserStateObject stateObj, Boolean& dataReady)
   at System.Data.SqlClient.SqlDataReader.TryHasMoreRows(Boolean& moreRows)
   at System.Data.SqlClient.SqlDataReader.TryReadInternal(Boolean setTimeout, Boolean& more)
   at System.Data.SqlClient.SqlDataReader.Read()
   at adaOrderingSys.business_objects.Order.getCustNameBasedOnOrderDate(DateTime orderDate) in C:\Users\Tajay\Documents\Visual Studio 2013\Projects\ADA\adaOrderingSys\adaOrderingSys\business-objects\Order.cs:line 49
ClientConnectionId:5f060c5d-96dc-4c4e-b878-4cdfe38ff615
Error Number:241,State:1,Class:16
2017-12-03 07:46:32.0476 ERROR System.Data.SqlClient.SqlException (0x80131904): Conversion failed when converting date and/or time from character string.
   at System.Data.SqlClient.SqlConnection.OnError(SqlException exception, Boolean breakConnection, Action`1 wrapCloseInAction)
   at System.Data.SqlClient.SqlInternalConnection.OnError(SqlException exception, Boolean breakConnection, Action`1 wrapCloseInAction)
   at System.Data.SqlClient.TdsParser.ThrowExceptionAndWarning(TdsParserStateObject stateObj, Boolean callerHasConnectionLock, Boolean asyncClose)
   at System.Data.SqlClient.TdsParser.TryRun(RunBehavior runBehavior, SqlCommand cmdHandler, SqlDataReader dataStream, BulkCopySimpleResultSet bulkCopyHandler, TdsParserStateObject stateObj, Boolean& dataReady)
   at System.Data.SqlClient.SqlDataReader.TryHasMoreRows(Boolean& moreRows)
   at System.Data.SqlClient.SqlDataReader.TryReadInternal(Boolean setTimeout, Boolean& more)
   at System.Data.SqlClient.SqlDataReader.Read()
   at adaOrderingSys.business_objects.Order.getCustNameBasedOnOrderDate(DateTime orderDate) in C:\Users\Tajay\Documents\Visual Studio 2013\Projects\ADA\adaOrderingSys\adaOrderingSys\business-objects\Order.cs:line 49
ClientConnectionId:5f060c5d-96dc-4c4e-b878-4cdfe38ff615
Error Number:241,State:1,Class:16
2017-12-03 07:46:38.2898 ERROR System.Data.SqlClient.SqlException (0x80131904): Conversion failed when converting date and/or time from character string.
   at System.Data.SqlClient.SqlConnection.OnError(SqlException exception, Boolean breakConnection, Action`1 wrapCloseInAction)
   at System.Data.SqlClient.SqlInternalConnection.OnError(SqlException exception, Boolean breakConnection, Action`1 wrapCloseInAction)
   at System.Data.SqlClient.TdsParser.ThrowExceptionAndWarning(TdsParserStateObject stateObj, Boolean callerHasConnectionLock, Boolean asyncClose)
   at System.Data.SqlClient.TdsParser.TryRun(RunBehavior runBehavior, SqlCommand cmdHandler, SqlDataReader dataStream, BulkCopySimpleResultSet bulkCopyHandler, TdsParserStateObject stateObj, Boolean& dataReady)
   at System.Data.SqlClient.SqlDataReader.TryHasMoreRows(Boolean& moreRows)
   at System.Data.SqlClient.SqlDataReader.TryReadInternal(Boolean setTimeout, Boolean& more)
   at System.Data.SqlClient.SqlDataReader.Read()
   at adaOrderingSys.business_objects.Order.getCustNameBasedOnOrderDate(DateTime orderDate) in C:\Users\Tajay\Documents\Visual Studio 2013\Projects\ADA\adaOrderingSys\adaOrderingSys\business-objects\Order.cs:line 49
ClientConnectionId:5f060c5d-96dc-4c4e-b878-4cdfe38ff615
Error Number:241,State:1,Class:16
2017-12-03 08:19:36.0599 INFO User: Tajay successfully logged in
2017-12-03 08:19:52.0300 INFO User: Tajay successfully logged in
2017-12-03 08:21:36.7599 INFO User: Tajay successfully logged in
2017-12-03 08:58:29.3129 INFO User: Tajay successfully logged in
2017-12-03 13:35:12.2179 INFO User: Tajay successfully logged in
2017-12-03 13:35:20.4073 ERROR System.Data.SqlClient.SqlException (0x80131904): Conversion failed when converting date and/or time from character string.
   at System.Data.SqlClient.SqlConnection.OnError(SqlException exception, Boolean breakConnection, Action`1 wrapCloseInAction)
   at System.Data.SqlClient.SqlInternalConnection.OnError(SqlException exception, Boolean breakConnection, Action`1 wrapCloseInAction)
   at System.Data.SqlClient.TdsParser.ThrowExceptionAndWarning(TdsParserStateObject stateObj, Boolean callerHasConnectionLock, Boolean asyncClose)
   at System.Data.SqlClient.TdsParser.TryRun(RunBehavior runBehavior, SqlCommand cmdHandler, SqlDataReader dataStream, BulkCopySimpleResultSet bulkCopyHandler, TdsParserStateObject stateObj, Boolean& dataReady)
   at System.Data.SqlClient.SqlDataReader.TryHasMoreRows(Boolean& moreRows)
   at System.Data.SqlClient.SqlDataReader.TryReadInternal(Boolean setTimeout, Boolean& more)
   at System.Data.SqlClient.SqlDataReader.Read()
   at adaOrderingSys.business_objects.Order.getCustNameBasedOnOrderDate(DateTime orderDate) in C:\Users\Tajay\Documents\Visual Studio 2013\Projects\ADA\adaOrderingSys\adaOrderingSys\business-objects\Order.cs:line 49
ClientConnectionId:26985cd2-b6d3-4cbf-b655-fd558a40c40a
Error Number:241,State:1,Class:16
2017-12-03 13:35:20.4306 ERROR System.Data.SqlClient.SqlException (0x80131904): Conversion failed when converting date and/or time from character string.
   at System.Data.SqlClient.SqlConnection.OnError(SqlException exception, Boolean breakConnection, Action`1 wrapCloseInAction)
   at System.Data.SqlClient.SqlInternalConnection.OnError(SqlException exception, Boolean breakConnection, Action`1 wrapCloseInAction)
   at System.Data.SqlClient.TdsParser.ThrowExceptionAndWarning(TdsParserStateObject stateObj, Boolean callerHasConnectionLock, Boolean asyncClose)
   at System.Data.SqlClient.TdsParser.TryRun(RunBehavior runBehavior, SqlCommand cmdHandler, SqlDataReader dataStream, BulkCopySimpleResultSet bulkCopyHandler, TdsParserStateObject stateObj, Boolean& dataReady)
   at System.Data.SqlClient.SqlDataReader.TryHasMoreRows(Boolean& moreRows)
   at System.Data.SqlClient.SqlDataReader.TryReadInternal(Boolean setTimeout, Boolean& more)
   at System.Data.SqlClient.SqlDataReader.Read()
   at adaOrderingSys.business_objects.Order.getCustNameBasedOnOrderDate(DateTime orderDate) in C:\Users\Tajay\Documents\Visual Studio 2013\Projects\ADA\adaOrderingSys\adaOrderingSys\business-objects\Order.cs:line 49
ClientConnectionId:26985cd2-b6d3-4cbf-b655-fd558a40c40a
Error Number:241,State:1,Class:16
2017-12-03 13:35:24.9519 ERROR System.Data.SqlClient.SqlException (0x80131904): Conversion failed when converting date and/or time from character string.
   at System.Data.SqlClient.SqlConnection.OnError(SqlException exception, Boolean breakConnection, Action`1 wrapCloseInAction)
   at System.Data.SqlClient.SqlInternalConnection.OnError(SqlException exception, Boolean breakConnection, Action`1 wrapCloseInAction)
   at System.Data.SqlClient.TdsParser.ThrowExceptionAndWarning(TdsParserStateObject stateObj, Boolean callerHasConnectionLock, Boolean asyncClose)
   at System.Data.SqlClient.TdsParser.TryRun(RunBehavior runBehavior, SqlCommand cmdHandler, SqlDataReader dataStream, BulkCopySimpleResultSet bulkCopyHandler, TdsParserStateObject stateObj, Boolean& dataReady)
   at System.Data.SqlClient.SqlDataReader.TryHasMoreRows(Boolean& moreRows)
   at System.Data.SqlClient.SqlDataReader.TryReadInternal(Boolean setTimeout, Boolean& more)
   at System.Data.SqlClient.SqlDataReader.Read()
   at adaOrderingSys.business_objects.Order.getCustNameBasedOnOrderDate(DateTime orderDate) in C:\Users\Tajay\Documents\Visual Studio 2013\Projects\ADA\adaOrderingSys\adaOrderingSys\business-objects\Order.cs:line 49
ClientConnectionId:26985cd2-b6d3-4cbf-b655-fd558a40c40a
Error Number:241,State:1,Class:16
2017-12-03 13:35:24.9729 ERROR System.Data.SqlClient.SqlException (0x80131904): Conversion failed when converting date and/or time from character string.
   at System.Data.SqlClient.SqlConnection.OnError(SqlException exception, Boolean breakConnection, Action`1 wrapCloseInAction)
   at System.Data.SqlClient.SqlInternalConnection.OnError(SqlException exception, Boolean breakConnection, Action`1 wrapCloseInAction)
   at System.Data.SqlClient.TdsParser.ThrowExceptionAndWarning(TdsParserStateObject stateObj, Boolean callerHasConnectionLock, Boolean asyncClose)
   at System.Data.SqlClient.TdsParser.TryRun(RunBehavior runBehavior, SqlCommand cmdHandler, SqlDataReader dataStream, BulkCopySimpleResultSet bulkCopyHandler, TdsParserStateObject stateObj, Boolean& dataReady)
   at System.Data.SqlClient.SqlDataReader.TryHasMoreRows(Boolean& moreRows)
   at System.Data.SqlClient.SqlDataReader.TryReadInternal(Boolean setTimeout, Boolean& more)
   at System.Data.SqlClient.SqlDataReader.Read()
   at adaOrderingSys.business_objects.Order.getCustNameBasedOnOrderDate(DateTime orderDate) in C:\Users\Tajay\Documents\Visual Studio 2013\Projects\ADA\adaOrderingSys\adaOrderingSys\business-objects\Order.cs:line 49
ClientConnectionId:26985cd2-b6d3-4cbf-b655-fd558a40c40a
Error Number:241,State:1,Class:16
2017-12-03 13:36:22.3736 INFO User: Tajay successfully logged in
2017-12-03 13:36:24.2232 ERROR System.Data.SqlClient.SqlException (0x80131904): Conversion failed when converting date and/or time from character string.
   at System.Data.SqlClient.SqlConnection.OnError(SqlException exception, Boolean breakConnection, Action`1 wrapCloseInAction)
   at System.Data.SqlClient.SqlInternalConnection.OnError(SqlException exception, Boolean breakConnection, Action`1 wrapCloseInAction)
   at System.Data.SqlClient.TdsParser.ThrowExceptionAndWarning(TdsParserStateObject stateObj, Boolean callerHasConnectionLock, Boolean asyncClose)
   at System.Data.SqlClient.TdsParser.TryRun(RunBehavior runBehavior, SqlCommand cmdHandler, SqlDataReader dataStream, BulkCopySimpleResultSet bulkCopyHandler, TdsParserStateObject stateObj, Boolean& dataReady)
   at System.Data.SqlClient.SqlDataReader.TryHasMoreRows(Boolean& moreRows)
   at System.Data.SqlClient.SqlDataReader.TryReadInternal(Boolean setTimeout, Boolean& more)
   at System.Data.SqlClient.SqlDataReader.Read()
   at adaOrderingSys.business_objects.Order.getCustNameBasedOnOrderDate(DateTime orderDate) in C:\Users\Tajay\Documents\Visual Studio 2013\Projects\ADA\adaOrderingSys\adaOrderingSys\business-objects\Order.cs:line 49
ClientConnectionId:daa4c520-048d-4368-b97a-0f351857b03a
Error Number:241,State:1,Class:16
2017-12-03 13:36:24.2493 ERROR System.Data.SqlClient.SqlException (0x80131904): Conversion failed when converting date and/or time from character string.
   at System.Data.SqlClient.SqlConnection.OnError(SqlException exception, Boolean breakConnection, Action`1 wrapCloseInAction)
   at System.Data.SqlClient.SqlInternalConnection.OnError(SqlException exception, Boolean breakConnection, Action`1 wrapCloseInAction)
   at System.Data.SqlClient.TdsParser.ThrowExceptionAndWarning(TdsParserStateObject stateObj, Boolean callerHasConnectionLock, Boolean asyncClose)
   at System.Data.SqlClient.TdsParser.TryRun(RunBehavior runBehavior, SqlCommand cmdHandler, SqlDataReader dataStream, BulkCopySimpleResultSet bulkCopyHandler, TdsParserStateObject stateObj, Boolean& dataReady)
   at System.Data.SqlClient.SqlDataReader.TryHasMoreRows(Boolean& moreRows)
   at System.Data.SqlClient.SqlDataReader.TryReadInternal(Boolean setTimeout, Boolean& more)
   at System.Data.SqlClient.SqlDataReader.Read()
   at adaOrderingSys.business_objects.Order.getCustNameBasedOnOrderDate(DateTime orderDate) in C:\Users\Tajay\Documents\Visual Studio 2013\Projects\ADA\adaOrderingSys\adaOrderingSys\business-objects\Order.cs:line 49
ClientConnectionId:daa4c520-048d-4368-b97a-0f351857b03a
Error Number:241,State:1,Class:16
2017-12-03 13:38:24.4165 INFO User: Tajay successfully logged in
2017-12-03 13:38:26.2778 ERROR System.Data.SqlClient.SqlException (0x80131904): Conversion failed when converting date and/or time from character string.
   at System.Data.SqlClient.SqlConnection.OnError(SqlException exception, Boolean breakConnection, Action`1 wrapCloseInAction)
   at System.Data.SqlClient.SqlInternalConnection.OnError(SqlException exception, Boolean breakConnection, Action`1 wrapCloseInAction)
   at System.Data.SqlClient.TdsParser.ThrowExceptionAndWarning(TdsParserStateObject stateObj, Boolean callerHasConnectionLock, Boolean asyncClose)
   at System.Data.SqlClient.TdsParser.TryRun(RunBehavior runBehavior, SqlCommand cmdHandler, SqlDataReader dataStream, BulkCopySimpleResultSet bulkCopyHandler, TdsParserStateObject stateObj, Boolean& dataReady)
   at System.Data.SqlClient.SqlDataReader.TryHasMoreRows(Boolean& moreRows)
   at System.Data.SqlClient.SqlDataReader.TryReadInternal(Boolean setTimeout, Boolean& more)
   at System.Data.SqlClient.SqlDataReader.Read()
   at adaOrderingSys.business_objects.Order.getCustNameBasedOnOrderDate(DateTime orderDate) in C:\Users\Tajay\Documents\Visual Studio 2013\Projects\ADA\adaOrderingSys\adaOrderingSys\business-objects\Order.cs:line 49
ClientConnectionId:cdc685ef-8a0b-45a3-890c-42b8f6a2026a
Error Number:241,State:1,Class:16
2017-12-03 13:38:26.3049 ERROR System.Data.SqlClient.SqlException (0x80131904): Conversion failed when converting date and/or time from character string.
   at System.Data.SqlClient.SqlConnection.OnError(SqlException exception, Boolean breakConnection, Action`1 wrapCloseInAction)
   at System.Data.SqlClient.SqlInternalConnection.OnError(SqlException exception, Boolean breakConnection, Action`1 wrapCloseInAction)
   at System.Data.SqlClient.TdsParser.ThrowExceptionAndWarning(TdsParserStateObject stateObj, Boolean callerHasConnectionLock, Boolean asyncClose)
   at System.Data.SqlClient.TdsParser.TryRun(RunBehavior runBehavior, SqlCommand cmdHandler, SqlDataReader dataStream, BulkCopySimpleResultSet bulkCopyHandler, TdsParserStateObject stateObj, Boolean& dataReady)
   at System.Data.SqlClient.SqlDataReader.TryHasMoreRows(Boolean& moreRows)
   at System.Data.SqlClient.SqlDataReader.TryReadInternal(Boolean setTimeout, Boolean& more)
   at System.Data.SqlClient.SqlDataReader.Read()
   at adaOrderingSys.business_objects.Order.getCustNameBasedOnOrderDate(DateTime orderDate) in C:\Users\Tajay\Documents\Visual Studio 2013\Projects\ADA\adaOrderingSys\adaOrderingSys\business-objects\Order.cs:line 49
ClientConnectionId:cdc685ef-8a0b-45a3-890c-42b8f6a2026a
Error Number:241,State:1,Class:16
2017-12-03 13:38:29.0017 ERROR System.Data.SqlClient.SqlException (0x80131904): Conversion failed when converting date and/or time from character string.
   at System.Data.SqlClient.SqlConnection.OnError(SqlException exception, Boolean breakConnection, Action`1 wrapCloseInAction)
   at System.Data.SqlClient.SqlInternalConnection.OnError(SqlException exception, Boolean breakConnection, Action`1 wrapCloseInAction)
   at System.Data.SqlClient.TdsParser.ThrowExceptionAndWarning(TdsParserStateObject stateObj, Boolean callerHasConnectionLock, Boolean asyncClose)
   at System.Data.SqlClient.TdsParser.TryRun(RunBehavior runBehavior, SqlCommand cmdHandler, SqlDataReader dataStream, BulkCopySimpleResultSet bulkCopyHandler, TdsParserStateObject stateObj, Boolean& dataReady)
   at System.Data.SqlClient.SqlDataReader.TryHasMoreRows(Boolean& moreRows)
   at System.Data.SqlClient.SqlDataReader.TryReadInternal(Boolean setTimeout, Boolean& more)
   at System.Data.SqlClient.SqlDataReader.Read()
   at adaOrderingSys.business_objects.Order.getCustNameBasedOnOrderDate(DateTime orderDate) in C:\Users\Tajay\Documents\Visual Studio 2013\Projects\ADA\adaOrderingSys\adaOrderingSys\business-objects\Order.cs:line 49
ClientConnectionId:cdc685ef-8a0b-45a3-890c-42b8f6a2026a
Error Number:241,State:1,Class:16
2017-12-03 13:38:29.0243 ERROR System.Data.SqlClient.SqlException (0x80131904): Conversion failed when converting date and/or time from character string.
   at System.Data.SqlClient.SqlConnection.OnError(SqlException exception, Boolean breakConnection, Action`1 wrapCloseInAction)
   at System.Data.SqlClient.SqlInternalConnection.OnError(SqlException exception, Boolean breakConnection, Action`1 wrapCloseInAction)
   at System.Data.SqlClient.TdsParser.ThrowExceptionAndWarning(TdsParserStateObject stateObj, Boolean callerHasConnectionLock, Boolean asyncClose)
   at System.Data.SqlClient.TdsParser.TryRun(RunBehavior runBehavior, SqlCommand cmdHandler, SqlDataReader dataStream, BulkCopySimpleResultSet bulkCopyHandler, TdsParserStateObject stateObj, Boolean& dataReady)
   at System.Data.SqlClient.SqlDataReader.TryHasMoreRows(Boolean& moreRows)
   at System.Data.SqlClient.SqlDataReader.TryReadInternal(Boolean setTimeout, Boolean& more)
   at System.Data.SqlClient.SqlDataReader.Read()
   at adaOrderingSys.business_objects.Order.getCustNameBasedOnOrderDate(DateTime orderDate) in C:\Users\Tajay\Documents\Visual Studio 2013\Projects\ADA\adaOrderingSys\adaOrderingSys\business-objects\Order.cs:line 49
ClientConnectionId:cdc685ef-8a0b-45a3-890c-42b8f6a2026a
Error Number:241,State:1,Class:16
2017-12-03 13:38:32.8257 ERROR System.Data.SqlClient.SqlException (0x80131904): Conversion failed when converting date and/or time from character string.
   at System.Data.SqlClient.SqlConnection.OnError(SqlException exception, Boolean breakConnection, Action`1 wrapCloseInAction)
   at System.Data.SqlClient.SqlInternalConnection.OnError(SqlException exception, Boolean breakConnection, Action`1 wrapCloseInAction)
   at System.Data.SqlClient.TdsParser.ThrowExceptionAndWarning(TdsParserStateObject stateObj, Boolean callerHasConnectionLock, Boolean asyncClose)
   at System.Data.SqlClient.TdsParser.TryRun(RunBehavior runBehavior, SqlCommand cmdHandler, SqlDataReader dataStream, BulkCopySimpleResultSet bulkCopyHandler, TdsParserStateObject stateObj, Boolean& dataReady)
   at System.Data.SqlClient.SqlDataReader.TryHasMoreRows(Boolean& moreRows)
   at System.Data.SqlClient.SqlDataReader.TryReadInternal(Boolean setTimeout, Boolean& more)
   at System.Data.SqlClient.SqlDataReader.Read()
   at adaOrderingSys.business_objects.Order.getCustNameBasedOnOrderDate(DateTime orderDate) in C:\Users\Tajay\Documents\Visual Studio 2013\Projects\ADA\adaOrderingSys\adaOrderingSys\business-objects\Order.cs:line 49
ClientConnectionId:cdc685ef-8a0b-45a3-890c-42b8f6a2026a
Error Number:241,State:1,Class:16
2017-12-03 16:37:06.6643 INFO User: Tajay successfully logged in
2017-12-03 18:25:48.7288 INFO User: Tajay successfully logged in
2017-12-03 18:25:51.1096 ERROR System.InvalidOperationException: ExecuteReader requires an open and available Connection. The connection's current state is closed.
   at System.Data.SqlClient.SqlCommand.ValidateCommand(String method, Boolean async)
   at System.Data.SqlClient.SqlCommand.RunExecuteReader(CommandBehavior cmdBehavior, RunBehavior runBehavior, Boolean returnStream, String method, TaskCompletionSource`1 completion, Int32 timeout, Task& task, Boolean& usedCache, Boolean asyncWrite, Boolean inRetry)
   at System.Data.SqlClient.SqlCommand.RunExecuteReader(CommandBehavior cmdBehavior, RunBehavior runBehavior, Boolean returnStream, String method)
   at System.Data.SqlClient.SqlCommand.ExecuteReader(CommandBehavior behavior, String method)
   at System.Data.SqlClient.SqlCommand.ExecuteReader()
   at adaOrderingSys.business_objects.User.getUsers() in C:\Users\Tajay\Documents\Visual Studio 2013\Projects\ADA\adaOrderingSys\adaOrderingSys\business-objects\User.cs:line 134
2017-12-03 18:26:42.6467 INFO User: Tajay successfully logged in
2017-12-03 18:27:27.4989 INFO User: Tajay successfully logged in
2017-12-03 18:27:31.9385 ERROR System.NullReferenceException: Object reference not set to an instance of an object.
   at adaOrderingSys.business_objects.User.getUsers() in C:\Users\Tajay\Documents\Visual Studio 2013\Projects\ADA\adaOrderingSys\adaOrderingSys\business-objects\User.cs:line 139
2017-12-03 18:27:54.0053 INFO User: Tajay successfully logged in
2017-12-03 18:29:33.6456 ERROR System.NullReferenceException: Object reference not set to an instance of an object.
   at adaOrderingSys.business_objects.User.getUsers() in C:\Users\Tajay\Documents\Visual Studio 2013\Projects\ADA\adaOrderingSys\adaOrderingSys\business-objects\User.cs:line 139
2017-12-03 18:30:15.5866 INFO User: Tajay successfully logged in
2017-12-03 18:34:24.3834 ERROR System.NullReferenceException: Object reference not set to an instance of an object.
   at adaOrderingSys.business_objects.User.getUsers() in C:\Users\Tajay\Documents\Visual Studio 2013\Projects\ADA\adaOrderingSys\adaOrderingSys\business-objects\User.cs:line 139
2017-12-03 18:35:49.2571 ERROR System.NullReferenceException: Object reference not set to an instance of an object.
   at adaOrderingSys.business_objects.User.getUsers() in C:\Users\Tajay\Documents\Visual Studio 2013\Projects\ADA\adaOrderingSys\adaOrderingSys\business-objects\User.cs:line 139
2017-12-03 18:36:41.3030 INFO User: Tajay successfully logged in
2017-12-03 18:46:46.8309 INFO User: Tajay successfully logged in
2017-12-03 19:15:00.3883 INFO User: Tajay successfully logged in
2017-12-03 19:16:05.7178 INFO User: Tajay successfully logged in
2017-12-03 19:16:58.1819 INFO User: Tajay successfully logged in
2017-12-03 19:19:42.4551 INFO User: Tajay successfully logged in
2017-12-03 19:22:42.6968 INFO User: Tajay successfully logged in
2017-12-03 19:24:33.3302 ERROR System.ArgumentException: DataGridViewComboBoxCell value is not valid.
2017-12-03 19:24:34.7080 ERROR System.ArgumentException: DataGridViewComboBoxCell value is not valid.
2017-12-03 19:24:38.4800 ERROR System.ArgumentException: DataGridViewComboBoxCell value is not valid.
2017-12-03 19:25:00.7528 INFO User: Tajay successfully logged in
2017-12-03 19:40:40.2795 INFO User: Tajay successfully logged in
2017-12-03 19:41:22.3763 INFO User: Tajay successfully logged in
2017-12-03 19:42:27.3450 INFO User: Tajay successfully logged in
2017-12-03 19:43:12.8412 INFO User: Tajay successfully logged in
2017-12-03 19:44:44.1281 INFO User: Tajay successfully logged in
2017-12-03 19:46:03.1130 INFO User: Tajay successfully logged in
2017-12-03 20:25:31.0254 INFO User: Tajay successfully logged in
2017-12-03 21:33:13.4996 INFO User: Tajay successfully logged in
2017-12-03 21:34:32.5316 INFO User: Tajay successfully logged in
