2017-10-16 09:43:02.4994 INFO User: Tajay successfully logged in
2017-10-16 09:44:15.3166 INFO Attempting to create new order.
2017-10-16 09:44:15.4483 INFO Created order: 12
2017-10-16 09:44:15.5173 INFO New orderd created successfully with ID 12
2017-10-16 09:44:38.9398 INFO Retrieving order location
2017-10-16 09:44:38.9620 INFO Location is: St. Catherine
2017-10-16 09:44:39.0089 INFO Getting customer names
2017-10-16 09:44:39.0245 INFO Names successfully receieved
2017-10-16 09:50:44.0598 INFO User: Tajay successfully logged in
2017-10-16 09:51:41.7834 INFO Attempting to create new order.
2017-10-16 09:51:41.7947 INFO Created order: 13
2017-10-16 09:51:41.8118 INFO New orderd created successfully with ID 13
2017-10-16 09:51:50.0616 INFO Retrieving order location
2017-10-16 09:51:50.0616 INFO Location is: sdfghjk
2017-10-16 09:51:50.0772 INFO Getting customer names
2017-10-16 09:51:50.0772 INFO Names successfully receieved
2017-10-16 10:01:25.8637 INFO User: Tajay successfully logged in
2017-10-16 10:02:49.1305 INFO Attempting to create new order.
2017-10-16 10:02:49.1461 INFO Created order: 14
2017-10-16 10:02:49.1618 INFO New orderd created successfully with ID 14
2017-10-16 10:03:14.3353 INFO Retrieving order location
2017-10-16 10:03:14.3353 INFO Location is: 
2017-10-16 10:03:14.3511 INFO Getting customer names
2017-10-16 10:03:14.3667 INFO Names successfully receieved
2017-10-16 12:01:50.3259 INFO User: Tajay successfully logged in
2017-10-16 12:02:08.7014 INFO Attempting to create new order.
2017-10-16 12:02:08.7860 INFO Created order: 15
2017-10-16 12:02:08.8017 INFO New orderd created successfully with ID 15
2017-10-16 12:02:15.1458 INFO Retrieving order location
2017-10-16 12:02:15.1806 INFO Location is: Portmore
2017-10-16 12:02:15.1962 INFO Getting customer names
2017-10-16 12:02:15.1962 INFO Names successfully receieved
2017-10-16 12:02:15.3121 ERROR System.ArgumentException: Column named clmn_TotalPrice cannot be found.
Parameter name: columnName
   at System.Windows.Forms.DataGridViewCellCollection.get_Item(String columnName)
   at adaOrderingSys.ViewOrders.list_Orders_DoubleClick(Object sender, EventArgs e) in C:\Users\Tajay\Documents\Visual Studio 2013\Projects\ADA\adaOrderingSys\adaOrderingSys\ViewOrders.cs:line 114
2017-10-16 12:02:59.0219 INFO User: Tajay successfully logged in
2017-10-16 12:03:16.5675 INFO Retrieving order location
2017-10-16 12:03:16.5755 INFO Location is: Portmore
2017-10-16 12:03:16.5755 INFO Getting customer names
2017-10-16 12:03:16.5925 INFO Names successfully receieved
2017-10-16 12:04:08.4383 ERROR System.ArgumentException: Column named clmn_TotalPrice cannot be found.
Parameter name: columnName
   at System.Windows.Forms.DataGridViewCellCollection.get_Item(String columnName)
   at adaOrderingSys.ViewOrders.list_Orders_DoubleClick(Object sender, EventArgs e)
2017-10-16 12:04:13.9077 ERROR System.Data.SqlClient.SqlException (0x80131904): Conversion failed when converting date and/or time from character string.
   at System.Data.SqlClient.SqlConnection.OnError(SqlException exception, Boolean breakConnection, Action`1 wrapCloseInAction)
   at System.Data.SqlClient.SqlInternalConnection.OnError(SqlException exception, Boolean breakConnection, Action`1 wrapCloseInAction)
   at System.Data.SqlClient.TdsParser.ThrowExceptionAndWarning(TdsParserStateObject stateObj, Boolean callerHasConnectionLock, Boolean asyncClose)
   at System.Data.SqlClient.TdsParser.TryRun(RunBehavior runBehavior, SqlCommand cmdHandler, SqlDataReader dataStream, BulkCopySimpleResultSet bulkCopyHandler, TdsParserStateObject stateObj, Boolean& dataReady)
   at System.Data.SqlClient.SqlDataReader.TryHasMoreRows(Boolean& moreRows)
   at System.Data.SqlClient.SqlDataReader.TryReadInternal(Boolean setTimeout, Boolean& more)
   at System.Data.SqlClient.SqlDataReader.Read()
   at adaOrderingSys.business_objects.Order.getCustNameBasedOnOrderDate(DateTime orderDate)
ClientConnectionId:e5a1129b-a828-4e90-a1c3-7261d4b6a365
Error Number:241,State:1,Class:16
2017-10-16 12:04:17.4346 INFO Retrieving order location
2017-10-16 12:04:17.4346 INFO Location is: Portmore
2017-10-16 12:04:17.4346 INFO Getting customer names
2017-10-16 12:04:17.4505 INFO Names successfully receieved
2017-10-16 12:04:17.5662 ERROR System.Data.DuplicateNameException: A column named 'itemID' already belongs to this DataTable.
   at System.Data.DataColumnCollection.RegisterColumnName(String name, DataColumn column)
   at System.Data.DataColumnCollection.BaseAdd(DataColumn column)
   at System.Data.DataColumnCollection.AddAt(Int32 index, DataColumn column)
   at System.Data.DataColumnCollection.Add(String columnName, Type type)
   at adaOrderingSys.ViewOrders.populateDataTable(Int32 orderID)
2017-10-16 12:04:29.5427 ERROR System.InvalidCastException: Specified cast is not valid.
   at adaOrderingSys.ViewOrders.list_Orders_DoubleClick(Object sender, EventArgs e)
2017-10-16 12:05:00.1915 INFO User: Tajay successfully logged in
2017-10-16 12:05:03.0790 INFO Retrieving order location
2017-10-16 12:05:03.0947 INFO Location is: Portmore
2017-10-16 12:05:03.1118 INFO Getting customer names
2017-10-16 12:05:03.1118 INFO Names successfully receieved
2017-10-16 13:40:37.6304 INFO User: Tajay successfully logged in
2017-10-16 13:50:26.4260 INFO Retrieving order location
2017-10-16 13:50:26.4410 INFO Location is: Portmore
2017-10-16 13:50:26.4520 INFO Getting customer names
2017-10-16 13:50:26.4650 INFO Names successfully receieved
2017-10-16 15:40:12.0131 INFO User: Tajay successfully logged in
2017-10-16 15:41:24.0399 INFO Attempting to create new order.
2017-10-16 15:41:24.0919 INFO Created order: 16
2017-10-16 15:41:24.1240 INFO New orderd created successfully with ID 16
2017-10-16 15:41:30.1397 INFO Retrieving order location
2017-10-16 15:41:30.1747 INFO Location is: Kingston
2017-10-16 15:41:30.1867 INFO Getting customer names
2017-10-16 15:41:30.1867 INFO Names successfully receieved
2017-10-16 15:55:55.4523 INFO User: Tajay successfully logged in
2017-10-16 18:38:46.3133 INFO User: Tajay successfully logged in
2017-10-16 18:39:18.5532 INFO Attempting to create new order.
2017-10-16 18:39:18.5722 INFO Created order: 17
2017-10-16 18:39:18.5952 INFO New orderd created successfully with ID 17
2017-10-16 18:39:25.0752 INFO Retrieving order location
2017-10-16 18:39:25.1447 INFO Location is: blah
2017-10-16 18:39:25.1557 INFO Getting customer names
2017-10-16 18:39:25.1672 INFO Names successfully receieved
2017-10-16 18:39:37.4667 ERROR System.InvalidOperationException: The ConnectionString property has not been initialized.
   at System.Data.Common.DbDataAdapter.UpdatingRowStatusErrors(RowUpdatingEventArgs rowUpdatedEvent, DataRow dataRow)
   at System.Data.Common.DbDataAdapter.Update(DataRow[] dataRows, DataTableMapping tableMapping)
   at System.Data.Common.DbDataAdapter.UpdateFromDataTable(DataTable dataTable, DataTableMapping tableMapping)
   at System.Data.Common.DbDataAdapter.Update(DataTable dataTable)
   at adaOrderingSys.ViewOrders.btn_UpdateOrder_Click(Object sender, EventArgs e) in C:\Users\Tajay\Documents\Visual Studio 2013\Projects\ADA\adaOrderingSys\adaOrderingSys\ViewOrders.cs:line 127
2017-10-16 18:48:03.3318 ERROR System.InvalidOperationException: The ConnectionString property has not been initialized.
   at System.Data.Common.DbDataAdapter.UpdatingRowStatusErrors(RowUpdatingEventArgs rowUpdatedEvent, DataRow dataRow)
   at System.Data.Common.DbDataAdapter.Update(DataRow[] dataRows, DataTableMapping tableMapping)
   at System.Data.Common.DbDataAdapter.UpdateFromDataTable(DataTable dataTable, DataTableMapping tableMapping)
   at System.Data.Common.DbDataAdapter.Update(DataTable dataTable)
   at adaOrderingSys.ViewOrders.btn_UpdateOrder_Click(Object sender, EventArgs e) in C:\Users\Tajay\Documents\Visual Studio 2013\Projects\ADA\adaOrderingSys\adaOrderingSys\ViewOrders.cs:line 127
2017-10-16 18:48:05.6581 ERROR System.InvalidOperationException: The ConnectionString property has not been initialized.
   at System.Data.Common.DbDataAdapter.UpdatingRowStatusErrors(RowUpdatingEventArgs rowUpdatedEvent, DataRow dataRow)
   at System.Data.Common.DbDataAdapter.Update(DataRow[] dataRows, DataTableMapping tableMapping)
   at System.Data.Common.DbDataAdapter.UpdateFromDataTable(DataTable dataTable, DataTableMapping tableMapping)
   at System.Data.Common.DbDataAdapter.Update(DataTable dataTable)
   at adaOrderingSys.ViewOrders.btn_UpdateOrder_Click(Object sender, EventArgs e) in C:\Users\Tajay\Documents\Visual Studio 2013\Projects\ADA\adaOrderingSys\adaOrderingSys\ViewOrders.cs:line 127
2017-10-16 19:24:41.2168 INFO User: Tajay successfully logged in
2017-10-16 19:24:44.3006 INFO Retrieving order location
2017-10-16 19:24:44.3316 INFO Location is: blah
2017-10-16 19:24:44.3441 INFO Getting customer names
2017-10-16 19:24:44.3782 INFO Names successfully receieved
2017-10-16 19:26:26.6909 ERROR System.InvalidOperationException: The ConnectionString property has not been initialized.
   at System.Data.Common.DbDataAdapter.UpdatingRowStatusErrors(RowUpdatingEventArgs rowUpdatedEvent, DataRow dataRow)
   at System.Data.Common.DbDataAdapter.Update(DataRow[] dataRows, DataTableMapping tableMapping)
   at System.Data.Common.DbDataAdapter.UpdateFromDataTable(DataTable dataTable, DataTableMapping tableMapping)
   at System.Data.Common.DbDataAdapter.Update(DataTable dataTable)
   at adaOrderingSys.ViewOrders.btn_UpdateOrder_Click(Object sender, EventArgs e) in C:\Users\Tajay\Documents\Visual Studio 2013\Projects\ADA\adaOrderingSys\adaOrderingSys\ViewOrders.cs:line 129
2017-10-16 19:26:35.2399 ERROR System.InvalidOperationException: The ConnectionString property has not been initialized.
   at System.Data.Common.DbDataAdapter.UpdatingRowStatusErrors(RowUpdatingEventArgs rowUpdatedEvent, DataRow dataRow)
   at System.Data.Common.DbDataAdapter.Update(DataRow[] dataRows, DataTableMapping tableMapping)
   at System.Data.Common.DbDataAdapter.UpdateFromDataTable(DataTable dataTable, DataTableMapping tableMapping)
   at System.Data.Common.DbDataAdapter.Update(DataTable dataTable)
   at adaOrderingSys.ViewOrders.btn_UpdateOrder_Click(Object sender, EventArgs e) in C:\Users\Tajay\Documents\Visual Studio 2013\Projects\ADA\adaOrderingSys\adaOrderingSys\ViewOrders.cs:line 129
2017-10-16 19:29:30.2253 INFO User: Tajay successfully logged in
2017-10-16 19:29:33.7135 INFO Retrieving order location
2017-10-16 19:29:33.7260 INFO Location is: blah
2017-10-16 19:29:33.7360 INFO Getting customer names
2017-10-16 19:29:33.7360 INFO Names successfully receieved
2017-10-16 19:29:43.3686 ERROR System.InvalidOperationException: The ConnectionString property has not been initialized.
   at System.Data.Common.DbDataAdapter.UpdatingRowStatusErrors(RowUpdatingEventArgs rowUpdatedEvent, DataRow dataRow)
   at System.Data.Common.DbDataAdapter.Update(DataRow[] dataRows, DataTableMapping tableMapping)
   at System.Data.Common.DbDataAdapter.UpdateFromDataTable(DataTable dataTable, DataTableMapping tableMapping)
   at System.Data.Common.DbDataAdapter.Update(DataTable dataTable)
   at adaOrderingSys.ViewOrders.btn_UpdateOrder_Click(Object sender, EventArgs e) in C:\Users\Tajay\Documents\Visual Studio 2013\Projects\ADA\adaOrderingSys\adaOrderingSys\ViewOrders.cs:line 132
2017-10-16 19:33:49.4555 INFO User: Tajay successfully logged in
2017-10-16 19:33:52.8619 INFO Retrieving order location
2017-10-16 19:33:52.8709 INFO Location is: blah
2017-10-16 19:33:52.8709 INFO Getting customer names
2017-10-16 19:33:52.8874 INFO Names successfully receieved
2017-10-16 19:33:59.2200 ERROR System.InvalidOperationException: Dynamic SQL generation is not supported against multiple base tables.
   at System.Data.Common.DbDataAdapter.UpdatingRowStatusErrors(RowUpdatingEventArgs rowUpdatedEvent, DataRow dataRow)
   at System.Data.Common.DbDataAdapter.Update(DataRow[] dataRows, DataTableMapping tableMapping)
   at System.Data.Common.DbDataAdapter.UpdateFromDataTable(DataTable dataTable, DataTableMapping tableMapping)
   at System.Data.Common.DbDataAdapter.Update(DataTable dataTable)
   at adaOrderingSys.ViewOrders.btn_UpdateOrder_Click(Object sender, EventArgs e) in C:\Users\Tajay\Documents\Visual Studio 2013\Projects\ADA\adaOrderingSys\adaOrderingSys\ViewOrders.cs:line 132
2017-10-16 22:19:23.5754 INFO User: Tajay successfully logged in
2017-10-16 22:19:28.8215 INFO Retrieving order location
2017-10-16 22:19:28.8311 INFO Location is: blah
2017-10-16 22:19:28.8406 INFO Getting customer names
2017-10-16 22:19:28.8406 INFO Names successfully receieved
2017-10-16 22:19:36.6952 ERROR System.InvalidOperationException: Dynamic SQL generation for the UpdateCommand is not supported against a SelectCommand that does not return any key column information.
   at System.Data.Common.DbDataAdapter.UpdatingRowStatusErrors(RowUpdatingEventArgs rowUpdatedEvent, DataRow dataRow)
   at System.Data.Common.DbDataAdapter.Update(DataRow[] dataRows, DataTableMapping tableMapping)
   at System.Data.Common.DbDataAdapter.UpdateFromDataTable(DataTable dataTable, DataTableMapping tableMapping)
   at System.Data.Common.DbDataAdapter.Update(DataTable dataTable)
   at adaOrderingSys.ViewOrders.btn_UpdateOrder_Click(Object sender, EventArgs e) in C:\Users\Tajay\Documents\Visual Studio 2013\Projects\ADA\adaOrderingSys\adaOrderingSys\ViewOrders.cs:line 132
2017-10-16 22:44:17.6092 INFO User: Tajay successfully logged in
2017-10-16 22:44:24.0201 INFO Retrieving order location
2017-10-16 22:44:24.0291 INFO Location is: blah
2017-10-16 22:44:24.0291 INFO Getting customer names
2017-10-16 22:44:24.0452 INFO Names successfully receieved
2017-10-16 22:44:29.8863 ERROR System.InvalidOperationException: Dynamic SQL generation for the UpdateCommand is not supported against a SelectCommand that does not return any key column information.
   at System.Data.Common.DbDataAdapter.UpdatingRowStatusErrors(RowUpdatingEventArgs rowUpdatedEvent, DataRow dataRow)
   at System.Data.Common.DbDataAdapter.Update(DataRow[] dataRows, DataTableMapping tableMapping)
   at System.Data.Common.DbDataAdapter.UpdateFromDataTable(DataTable dataTable, DataTableMapping tableMapping)
   at System.Data.Common.DbDataAdapter.Update(DataTable dataTable)
   at adaOrderingSys.ViewOrders.btn_UpdateOrder_Click(Object sender, EventArgs e) in C:\Users\Tajay\Documents\Visual Studio 2013\Projects\ADA\adaOrderingSys\adaOrderingSys\ViewOrders.cs:line 132
2017-10-16 22:53:35.0594 ERROR System.InvalidOperationException: Dynamic SQL generation for the UpdateCommand is not supported against a SelectCommand that does not return any key column information.
   at System.Data.Common.DbDataAdapter.UpdatingRowStatusErrors(RowUpdatingEventArgs rowUpdatedEvent, DataRow dataRow)
   at System.Data.Common.DbDataAdapter.Update(DataRow[] dataRows, DataTableMapping tableMapping)
   at System.Data.Common.DbDataAdapter.UpdateFromDataTable(DataTable dataTable, DataTableMapping tableMapping)
   at System.Data.Common.DbDataAdapter.Update(DataTable dataTable)
   at adaOrderingSys.ViewOrders.btn_UpdateOrder_Click(Object sender, EventArgs e) in C:\Users\Tajay\Documents\Visual Studio 2013\Projects\ADA\adaOrderingSys\adaOrderingSys\ViewOrders.cs:line 132
2017-10-16 22:53:35.9018 ERROR System.InvalidOperationException: Dynamic SQL generation for the UpdateCommand is not supported against a SelectCommand that does not return any key column information.
   at System.Data.Common.DbDataAdapter.UpdatingRowStatusErrors(RowUpdatingEventArgs rowUpdatedEvent, DataRow dataRow)
   at System.Data.Common.DbDataAdapter.Update(DataRow[] dataRows, DataTableMapping tableMapping)
   at System.Data.Common.DbDataAdapter.UpdateFromDataTable(DataTable dataTable, DataTableMapping tableMapping)
   at System.Data.Common.DbDataAdapter.Update(DataTable dataTable)
   at adaOrderingSys.ViewOrders.btn_UpdateOrder_Click(Object sender, EventArgs e) in C:\Users\Tajay\Documents\Visual Studio 2013\Projects\ADA\adaOrderingSys\adaOrderingSys\ViewOrders.cs:line 132
2017-10-16 22:53:36.3145 ERROR System.InvalidOperationException: Dynamic SQL generation for the UpdateCommand is not supported against a SelectCommand that does not return any key column information.
   at System.Data.Common.DbDataAdapter.UpdatingRowStatusErrors(RowUpdatingEventArgs rowUpdatedEvent, DataRow dataRow)
   at System.Data.Common.DbDataAdapter.Update(DataRow[] dataRows, DataTableMapping tableMapping)
   at System.Data.Common.DbDataAdapter.UpdateFromDataTable(DataTable dataTable, DataTableMapping tableMapping)
   at System.Data.Common.DbDataAdapter.Update(DataTable dataTable)
   at adaOrderingSys.ViewOrders.btn_UpdateOrder_Click(Object sender, EventArgs e) in C:\Users\Tajay\Documents\Visual Studio 2013\Projects\ADA\adaOrderingSys\adaOrderingSys\ViewOrders.cs:line 132
