2017-08-03 07:38:32.3615 INFO User: Tajay successfully logged in
2017-08-03 07:39:50.2595 ERROR System.FormatException: Input string was not in a correct format.
   at System.Number.ParseSingle(String value, NumberStyles options, NumberFormatInfo numfmt)
   at System.Single.Parse(String s)
   at adaOrderingSys.SummaryForm.createLoadingSheet(Object sender, PrintPageEventArgs e) in c:\Users\Tajay\Documents\Visual Studio 2013\Projects\ADA\adaOrderingSys\adaOrderingSys\SummaryForm.cs:line 182
2017-08-03 07:41:24.0856 INFO User: Tajay successfully logged in
2017-08-03 07:41:40.5415 ERROR System.FormatException: Input string was not in a correct format.
   at System.Number.ParseSingle(String value, NumberStyles options, NumberFormatInfo numfmt)
   at System.Single.Parse(String s)
   at adaOrderingSys.SummaryForm.createLoadingSheet(Object sender, PrintPageEventArgs e) in c:\Users\Tajay\Documents\Visual Studio 2013\Projects\ADA\adaOrderingSys\adaOrderingSys\SummaryForm.cs:line 182
2017-08-03 07:42:19.0161 INFO User: Tajay successfully logged in
2017-08-03 07:42:31.2734 ERROR System.FormatException: Input string was not in a correct format.
   at System.Number.ParseSingle(String value, NumberStyles options, NumberFormatInfo numfmt)
   at System.Single.Parse(String s)
   at adaOrderingSys.SummaryForm.createLoadingSheet(Object sender, PrintPageEventArgs e) in c:\Users\Tajay\Documents\Visual Studio 2013\Projects\ADA\adaOrderingSys\adaOrderingSys\SummaryForm.cs:line 182
2017-08-03 07:43:36.4749 INFO User: Tajay successfully logged in
2017-08-03 07:43:45.4739 ERROR System.FormatException: Input string was not in a correct format.
   at System.Number.ParseSingle(String value, NumberStyles options, NumberFormatInfo numfmt)
   at System.Single.Parse(String s)
   at adaOrderingSys.SummaryForm.createLoadingSheet(Object sender, PrintPageEventArgs e) in c:\Users\Tajay\Documents\Visual Studio 2013\Projects\ADA\adaOrderingSys\adaOrderingSys\SummaryForm.cs:line 182
2017-08-03 07:44:23.4425 INFO User: Tajay successfully logged in
2017-08-03 07:45:04.1988 ERROR System.FormatException: Input string was not in a correct format.
   at System.Number.ParseSingle(String value, NumberStyles options, NumberFormatInfo numfmt)
   at System.Single.Parse(String s)
   at adaOrderingSys.SummaryForm.createLoadingSheet(Object sender, PrintPageEventArgs e) in c:\Users\Tajay\Documents\Visual Studio 2013\Projects\ADA\adaOrderingSys\adaOrderingSys\SummaryForm.cs:line 182
2017-08-03 07:50:23.4135 INFO User: Tajay successfully logged in
2017-08-03 07:50:32.8657 ERROR System.FormatException: Input string was not in a correct format.
   at System.Number.ParseSingle(String value, NumberStyles options, NumberFormatInfo numfmt)
   at System.Single.Parse(String s)
   at adaOrderingSys.SummaryForm.createLoadingSheet(Object sender, PrintPageEventArgs e) in c:\Users\Tajay\Documents\Visual Studio 2013\Projects\ADA\adaOrderingSys\adaOrderingSys\SummaryForm.cs:line 184
2017-08-03 07:51:33.0976 INFO User: Tajay successfully logged in
2017-08-03 07:51:43.2214 ERROR System.FormatException: Input string was not in a correct format.
   at System.Number.ParseSingle(String value, NumberStyles options, NumberFormatInfo numfmt)
   at System.Single.Parse(String s)
   at adaOrderingSys.SummaryForm.createLoadingSheet(Object sender, PrintPageEventArgs e) in c:\Users\Tajay\Documents\Visual Studio 2013\Projects\ADA\adaOrderingSys\adaOrderingSys\SummaryForm.cs:line 184
2017-08-03 07:52:40.2483 INFO User: Tajay successfully logged in
2017-08-03 07:52:48.6708 ERROR System.FormatException: Input string was not in a correct format.
   at System.Number.ParseSingle(String value, NumberStyles options, NumberFormatInfo numfmt)
   at System.Single.Parse(String s)
   at adaOrderingSys.SummaryForm.createLoadingSheet(Object sender, PrintPageEventArgs e) in c:\Users\Tajay\Documents\Visual Studio 2013\Projects\ADA\adaOrderingSys\adaOrderingSys\SummaryForm.cs:line 184
2017-08-03 07:53:34.5322 INFO User: Tajay successfully logged in
2017-08-03 07:53:46.6769 ERROR System.FormatException: Input string was not in a correct format.
   at System.Number.ParseSingle(String value, NumberStyles options, NumberFormatInfo numfmt)
   at System.Single.Parse(String s)
   at adaOrderingSys.SummaryForm.createLoadingSheet(Object sender, PrintPageEventArgs e) in c:\Users\Tajay\Documents\Visual Studio 2013\Projects\ADA\adaOrderingSys\adaOrderingSys\SummaryForm.cs:line 184
2017-08-03 07:58:49.6260 INFO User: Tajay successfully logged in
2017-08-03 07:58:58.3511 ERROR System.FormatException: Input string was not in a correct format.
   at System.Number.ParseSingle(String value, NumberStyles options, NumberFormatInfo numfmt)
   at System.Single.Parse(String s)
   at adaOrderingSys.SummaryForm.createLoadingSheet(Object sender, PrintPageEventArgs e) in c:\Users\Tajay\Documents\Visual Studio 2013\Projects\ADA\adaOrderingSys\adaOrderingSys\SummaryForm.cs:line 184
2017-08-03 07:59:53.2682 INFO User: Tajay successfully logged in
2017-08-03 08:00:08.6435 ERROR System.FormatException: Input string was not in a correct format.
   at System.Number.ParseSingle(String value, NumberStyles options, NumberFormatInfo numfmt)
   at System.Single.Parse(String s)
   at adaOrderingSys.SummaryForm.createLoadingSheet(Object sender, PrintPageEventArgs e) in c:\Users\Tajay\Documents\Visual Studio 2013\Projects\ADA\adaOrderingSys\adaOrderingSys\SummaryForm.cs:line 184
2017-08-03 08:00:55.6152 INFO User: Tajay successfully logged in
2017-08-03 08:01:04.1174 ERROR System.FormatException: Input string was not in a correct format.
   at System.Number.ParseSingle(String value, NumberStyles options, NumberFormatInfo numfmt)
   at System.Single.Parse(String s)
   at adaOrderingSys.SummaryForm.createLoadingSheet(Object sender, PrintPageEventArgs e) in c:\Users\Tajay\Documents\Visual Studio 2013\Projects\ADA\adaOrderingSys\adaOrderingSys\SummaryForm.cs:line 184
2017-08-03 08:01:48.0341 INFO User: Tajay successfully logged in
2017-08-03 08:01:58.3002 ERROR System.FormatException: Input string was not in a correct format.
   at System.Number.ParseSingle(String value, NumberStyles options, NumberFormatInfo numfmt)
   at System.Single.Parse(String s)
   at adaOrderingSys.SummaryForm.createLoadingSheet(Object sender, PrintPageEventArgs e) in c:\Users\Tajay\Documents\Visual Studio 2013\Projects\ADA\adaOrderingSys\adaOrderingSys\SummaryForm.cs:line 184
2017-08-03 08:02:41.3523 INFO User: Tajay successfully logged in
2017-08-03 08:02:52.2097 ERROR System.FormatException: Input string was not in a correct format.
   at System.Number.ParseSingle(String value, NumberStyles options, NumberFormatInfo numfmt)
   at System.Single.Parse(String s)
   at adaOrderingSys.SummaryForm.createLoadingSheet(Object sender, PrintPageEventArgs e) in c:\Users\Tajay\Documents\Visual Studio 2013\Projects\ADA\adaOrderingSys\adaOrderingSys\SummaryForm.cs:line 184
2017-08-03 08:08:31.9644 INFO User: Tajay successfully logged in
2017-08-03 08:08:54.3256 ERROR System.FormatException: Input string was not in a correct format.
   at System.Number.ParseSingle(String value, NumberStyles options, NumberFormatInfo numfmt)
   at System.Single.Parse(String s)
   at adaOrderingSys.SummaryForm.createLoadingSheet(Object sender, PrintPageEventArgs e) in c:\Users\Tajay\Documents\Visual Studio 2013\Projects\ADA\adaOrderingSys\adaOrderingSys\SummaryForm.cs:line 184
2017-08-03 08:33:11.5285 INFO User: Tajay successfully logged in
2017-08-03 08:33:19.5374 ERROR System.FormatException: Input string was not in a correct format.
   at System.Number.ParseSingle(String value, NumberStyles options, NumberFormatInfo numfmt)
   at System.Single.Parse(String s)
   at adaOrderingSys.SummaryForm.createLoadingSheet(Object sender, PrintPageEventArgs e) in c:\Users\Tajay\Documents\Visual Studio 2013\Projects\ADA\adaOrderingSys\adaOrderingSys\SummaryForm.cs:line 184
2017-08-03 08:35:41.7034 INFO User: Tajay successfully logged in
2017-08-03 08:35:48.9269 ERROR System.FormatException: Input string was not in a correct format.
   at System.Number.ParseSingle(String value, NumberStyles options, NumberFormatInfo numfmt)
   at System.Single.Parse(String s)
   at adaOrderingSys.SummaryForm.createLoadingSheet(Object sender, PrintPageEventArgs e) in c:\Users\Tajay\Documents\Visual Studio 2013\Projects\ADA\adaOrderingSys\adaOrderingSys\SummaryForm.cs:line 185
2017-08-03 08:37:39.8962 INFO User: Tajay successfully logged in
2017-08-03 08:37:46.7694 ERROR System.FormatException: Input string was not in a correct format.
   at System.Number.ParseSingle(String value, NumberStyles options, NumberFormatInfo numfmt)
   at System.Single.Parse(String s)
   at adaOrderingSys.SummaryForm.createLoadingSheet(Object sender, PrintPageEventArgs e) in c:\Users\Tajay\Documents\Visual Studio 2013\Projects\ADA\adaOrderingSys\adaOrderingSys\SummaryForm.cs:line 186
2017-08-03 08:38:26.3348 INFO User: Tajay successfully logged in
2017-08-03 08:38:31.9157 ERROR System.FormatException: Input string was not in a correct format.
   at System.Number.ParseSingle(String value, NumberStyles options, NumberFormatInfo numfmt)
   at System.Single.Parse(String s)
   at adaOrderingSys.SummaryForm.createLoadingSheet(Object sender, PrintPageEventArgs e) in c:\Users\Tajay\Documents\Visual Studio 2013\Projects\ADA\adaOrderingSys\adaOrderingSys\SummaryForm.cs:line 186
2017-08-03 08:40:55.8660 INFO User: Tajay successfully logged in
2017-08-03 08:41:02.2041 ERROR System.FormatException: Input string was not in a correct format.
   at System.Number.ParseSingle(String value, NumberStyles options, NumberFormatInfo numfmt)
   at System.Single.Parse(String s)
   at adaOrderingSys.SummaryForm.createLoadingSheet(Object sender, PrintPageEventArgs e) in c:\Users\Tajay\Documents\Visual Studio 2013\Projects\ADA\adaOrderingSys\adaOrderingSys\SummaryForm.cs:line 186
2017-08-03 08:41:27.9025 INFO User: Tajay successfully logged in
2017-08-03 08:41:33.6410 ERROR System.FormatException: Input string was not in a correct format.
   at System.Number.ParseSingle(String value, NumberStyles options, NumberFormatInfo numfmt)
   at System.Single.Parse(String s)
   at adaOrderingSys.SummaryForm.createLoadingSheet(Object sender, PrintPageEventArgs e) in c:\Users\Tajay\Documents\Visual Studio 2013\Projects\ADA\adaOrderingSys\adaOrderingSys\SummaryForm.cs:line 186
2017-08-03 08:42:15.8310 INFO User: Tajay successfully logged in
2017-08-03 08:42:22.1772 ERROR System.FormatException: Input string was not in a correct format.
   at System.Number.ParseSingle(String value, NumberStyles options, NumberFormatInfo numfmt)
   at System.Single.Parse(String s)
   at adaOrderingSys.SummaryForm.createLoadingSheet(Object sender, PrintPageEventArgs e) in c:\Users\Tajay\Documents\Visual Studio 2013\Projects\ADA\adaOrderingSys\adaOrderingSys\SummaryForm.cs:line 186
2017-08-03 08:43:13.5267 INFO User: Tajay successfully logged in
2017-08-03 08:43:20.2065 ERROR System.FormatException: Input string was not in a correct format.
   at System.Number.ParseSingle(String value, NumberStyles options, NumberFormatInfo numfmt)
   at System.Single.Parse(String s)
   at adaOrderingSys.SummaryForm.createLoadingSheet(Object sender, PrintPageEventArgs e) in c:\Users\Tajay\Documents\Visual Studio 2013\Projects\ADA\adaOrderingSys\adaOrderingSys\SummaryForm.cs:line 186
2017-08-03 08:43:54.0542 INFO User: Tajay successfully logged in
2017-08-03 08:44:01.6896 ERROR System.FormatException: Input string was not in a correct format.
   at System.Number.ParseSingle(String value, NumberStyles options, NumberFormatInfo numfmt)
   at System.Single.Parse(String s)
   at adaOrderingSys.SummaryForm.createLoadingSheet(Object sender, PrintPageEventArgs e) in c:\Users\Tajay\Documents\Visual Studio 2013\Projects\ADA\adaOrderingSys\adaOrderingSys\SummaryForm.cs:line 186
2017-08-03 08:44:54.1285 INFO User: Tajay successfully logged in
2017-08-03 08:45:00.6981 ERROR System.FormatException: Input string was not in a correct format.
   at System.Number.ParseSingle(String value, NumberStyles options, NumberFormatInfo numfmt)
   at System.Single.Parse(String s)
   at adaOrderingSys.SummaryForm.createLoadingSheet(Object sender, PrintPageEventArgs e) in c:\Users\Tajay\Documents\Visual Studio 2013\Projects\ADA\adaOrderingSys\adaOrderingSys\SummaryForm.cs:line 186
2017-08-03 08:46:01.9080 INFO User: Tajay successfully logged in
2017-08-03 08:46:09.9749 ERROR System.FormatException: Input string was not in a correct format.
   at System.Number.ParseSingle(String value, NumberStyles options, NumberFormatInfo numfmt)
   at System.Single.Parse(String s)
   at adaOrderingSys.SummaryForm.createLoadingSheet(Object sender, PrintPageEventArgs e) in c:\Users\Tajay\Documents\Visual Studio 2013\Projects\ADA\adaOrderingSys\adaOrderingSys\SummaryForm.cs:line 186
2017-08-03 17:38:09.0121 INFO User: Tajay successfully logged in
2017-08-03 17:38:19.9971 ERROR System.FormatException: Input string was not in a correct format.
   at System.Number.ParseSingle(String value, NumberStyles options, NumberFormatInfo numfmt)
   at System.Single.Parse(String s)
   at adaOrderingSys.SummaryForm.createLoadingSheet(Object sender, PrintPageEventArgs e) in c:\Users\Tajay\Documents\Visual Studio 2013\Projects\ADA\adaOrderingSys\adaOrderingSys\SummaryForm.cs:line 186
2017-08-03 17:39:54.7923 INFO User: Tajay successfully logged in
2017-08-03 17:40:09.2150 ERROR System.FormatException: Input string was not in a correct format.
   at System.Number.ParseSingle(String value, NumberStyles options, NumberFormatInfo numfmt)
   at System.Single.Parse(String s)
   at adaOrderingSys.SummaryForm.createLoadingSheet(Object sender, PrintPageEventArgs e) in c:\Users\Tajay\Documents\Visual Studio 2013\Projects\ADA\adaOrderingSys\adaOrderingSys\SummaryForm.cs:line 186
2017-08-03 17:40:49.5942 INFO User: Tajay successfully logged in
2017-08-03 17:40:59.6453 ERROR System.FormatException: Input string was not in a correct format.
   at System.Number.ParseSingle(String value, NumberStyles options, NumberFormatInfo numfmt)
   at System.Single.Parse(String s)
   at adaOrderingSys.SummaryForm.createLoadingSheet(Object sender, PrintPageEventArgs e) in c:\Users\Tajay\Documents\Visual Studio 2013\Projects\ADA\adaOrderingSys\adaOrderingSys\SummaryForm.cs:line 186
2017-08-03 17:41:41.4134 INFO User: Tajay successfully logged in
2017-08-03 17:41:50.6420 ERROR System.FormatException: Input string was not in a correct format.
   at System.Number.ParseSingle(String value, NumberStyles options, NumberFormatInfo numfmt)
   at System.Single.Parse(String s)
   at adaOrderingSys.SummaryForm.createLoadingSheet(Object sender, PrintPageEventArgs e) in c:\Users\Tajay\Documents\Visual Studio 2013\Projects\ADA\adaOrderingSys\adaOrderingSys\SummaryForm.cs:line 186
2017-08-03 17:42:57.1647 INFO User: Tajay successfully logged in
2017-08-03 17:43:11.4466 ERROR System.FormatException: Input string was not in a correct format.
   at System.Number.ParseSingle(String value, NumberStyles options, NumberFormatInfo numfmt)
   at System.Single.Parse(String s)
   at adaOrderingSys.SummaryForm.createLoadingSheet(Object sender, PrintPageEventArgs e) in c:\Users\Tajay\Documents\Visual Studio 2013\Projects\ADA\adaOrderingSys\adaOrderingSys\SummaryForm.cs:line 186
2017-08-03 17:44:15.2127 INFO User: Tajay successfully logged in
2017-08-03 17:44:29.7861 ERROR System.FormatException: Input string was not in a correct format.
   at System.Number.ParseSingle(String value, NumberStyles options, NumberFormatInfo numfmt)
   at System.Single.Parse(String s)
   at adaOrderingSys.SummaryForm.createLoadingSheet(Object sender, PrintPageEventArgs e) in c:\Users\Tajay\Documents\Visual Studio 2013\Projects\ADA\adaOrderingSys\adaOrderingSys\SummaryForm.cs:line 186
2017-08-03 17:45:19.2486 INFO User: Tajay successfully logged in
2017-08-03 17:45:45.1959 ERROR System.FormatException: Input string was not in a correct format.
   at System.Number.ParseSingle(String value, NumberStyles options, NumberFormatInfo numfmt)
   at System.Single.Parse(String s)
   at adaOrderingSys.SummaryForm.createLoadingSheet(Object sender, PrintPageEventArgs e) in c:\Users\Tajay\Documents\Visual Studio 2013\Projects\ADA\adaOrderingSys\adaOrderingSys\SummaryForm.cs:line 186
2017-08-03 17:46:17.8668 INFO User: Tajay successfully logged in
2017-08-03 17:46:26.5187 ERROR System.FormatException: Input string was not in a correct format.
   at System.Number.ParseSingle(String value, NumberStyles options, NumberFormatInfo numfmt)
   at System.Single.Parse(String s)
   at adaOrderingSys.SummaryForm.createLoadingSheet(Object sender, PrintPageEventArgs e) in c:\Users\Tajay\Documents\Visual Studio 2013\Projects\ADA\adaOrderingSys\adaOrderingSys\SummaryForm.cs:line 186
2017-08-03 17:50:53.0135 INFO User: Tajay successfully logged in
2017-08-03 17:51:05.6671 ERROR System.FormatException: Input string was not in a correct format.
   at System.Number.ParseSingle(String value, NumberStyles options, NumberFormatInfo numfmt)
   at System.Single.Parse(String s)
   at adaOrderingSys.SummaryForm.createLoadingSheet(Object sender, PrintPageEventArgs e) in c:\Users\Tajay\Documents\Visual Studio 2013\Projects\ADA\adaOrderingSys\adaOrderingSys\SummaryForm.cs:line 186
2017-08-03 17:51:54.9443 INFO User: Tajay successfully logged in
2017-08-03 17:52:14.5100 ERROR System.FormatException: Input string was not in a correct format.
   at System.Number.ParseSingle(String value, NumberStyles options, NumberFormatInfo numfmt)
   at System.Single.Parse(String s)
   at adaOrderingSys.SummaryForm.createLoadingSheet(Object sender, PrintPageEventArgs e) in c:\Users\Tajay\Documents\Visual Studio 2013\Projects\ADA\adaOrderingSys\adaOrderingSys\SummaryForm.cs:line 186
2017-08-03 17:56:44.6135 INFO User: Tajay successfully logged in
2017-08-03 17:56:56.8231 ERROR System.FormatException: Input string was not in a correct format.
   at System.Number.ParseSingle(String value, NumberStyles options, NumberFormatInfo numfmt)
   at System.Single.Parse(String s)
   at adaOrderingSys.SummaryForm.createLoadingSheet(Object sender, PrintPageEventArgs e) in c:\Users\Tajay\Documents\Visual Studio 2013\Projects\ADA\adaOrderingSys\adaOrderingSys\SummaryForm.cs:line 186
2017-08-03 17:57:47.8359 INFO User: Tajay successfully logged in
2017-08-03 17:57:58.0319 ERROR System.FormatException: Input string was not in a correct format.
   at System.Number.ParseSingle(String value, NumberStyles options, NumberFormatInfo numfmt)
   at System.Single.Parse(String s)
   at adaOrderingSys.SummaryForm.createLoadingSheet(Object sender, PrintPageEventArgs e) in c:\Users\Tajay\Documents\Visual Studio 2013\Projects\ADA\adaOrderingSys\adaOrderingSys\SummaryForm.cs:line 186
2017-08-03 17:58:46.4311 INFO User: Tajay successfully logged in
2017-08-03 17:58:57.7672 ERROR System.FormatException: Input string was not in a correct format.
   at System.Number.ParseSingle(String value, NumberStyles options, NumberFormatInfo numfmt)
   at System.Single.Parse(String s)
   at adaOrderingSys.SummaryForm.createLoadingSheet(Object sender, PrintPageEventArgs e) in c:\Users\Tajay\Documents\Visual Studio 2013\Projects\ADA\adaOrderingSys\adaOrderingSys\SummaryForm.cs:line 186
2017-08-03 18:00:12.1641 INFO User: Tajay successfully logged in
2017-08-03 18:03:01.8890 ERROR System.FormatException: Input string was not in a correct format.
   at System.Number.ParseSingle(String value, NumberStyles options, NumberFormatInfo numfmt)
   at System.Single.Parse(String s)
   at adaOrderingSys.SummaryForm.createLoadingSheet(Object sender, PrintPageEventArgs e) in c:\Users\Tajay\Documents\Visual Studio 2013\Projects\ADA\adaOrderingSys\adaOrderingSys\SummaryForm.cs:line 186
2017-08-03 18:04:18.7172 INFO User: Tajay successfully logged in
2017-08-03 18:04:28.0615 ERROR System.FormatException: Input string was not in a correct format.
   at System.Number.ParseSingle(String value, NumberStyles options, NumberFormatInfo numfmt)
   at System.Single.Parse(String s)
   at adaOrderingSys.SummaryForm.createLoadingSheet(Object sender, PrintPageEventArgs e) in c:\Users\Tajay\Documents\Visual Studio 2013\Projects\ADA\adaOrderingSys\adaOrderingSys\SummaryForm.cs:line 186
2017-08-03 18:05:34.8507 INFO User: Tajay successfully logged in
2017-08-03 18:05:44.4821 ERROR System.FormatException: Input string was not in a correct format.
   at System.Number.ParseSingle(String value, NumberStyles options, NumberFormatInfo numfmt)
   at System.Single.Parse(String s)
   at adaOrderingSys.SummaryForm.createLoadingSheet(Object sender, PrintPageEventArgs e) in c:\Users\Tajay\Documents\Visual Studio 2013\Projects\ADA\adaOrderingSys\adaOrderingSys\SummaryForm.cs:line 186
2017-08-03 18:06:33.0976 INFO User: Tajay successfully logged in
2017-08-03 18:06:41.4279 ERROR System.FormatException: Input string was not in a correct format.
   at System.Number.ParseSingle(String value, NumberStyles options, NumberFormatInfo numfmt)
   at System.Single.Parse(String s)
   at adaOrderingSys.SummaryForm.createLoadingSheet(Object sender, PrintPageEventArgs e) in c:\Users\Tajay\Documents\Visual Studio 2013\Projects\ADA\adaOrderingSys\adaOrderingSys\SummaryForm.cs:line 186
2017-08-03 18:11:13.7208 INFO User: Tajay successfully logged in
2017-08-03 18:11:28.6881 ERROR System.FormatException: Input string was not in a correct format.
   at System.Number.ParseSingle(String value, NumberStyles options, NumberFormatInfo numfmt)
   at System.Single.Parse(String s)
   at adaOrderingSys.SummaryForm.createLoadingSheet(Object sender, PrintPageEventArgs e) in c:\Users\Tajay\Documents\Visual Studio 2013\Projects\ADA\adaOrderingSys\adaOrderingSys\SummaryForm.cs:line 186
2017-08-03 18:12:14.7671 INFO User: Tajay successfully logged in
2017-08-03 18:12:24.3814 ERROR System.FormatException: Input string was not in a correct format.
   at System.Number.ParseSingle(String value, NumberStyles options, NumberFormatInfo numfmt)
   at System.Single.Parse(String s)
   at adaOrderingSys.SummaryForm.createLoadingSheet(Object sender, PrintPageEventArgs e) in c:\Users\Tajay\Documents\Visual Studio 2013\Projects\ADA\adaOrderingSys\adaOrderingSys\SummaryForm.cs:line 186
2017-08-03 21:52:37.9155 INFO User: Tajay successfully logged in
2017-08-03 21:54:07.2322 INFO User: Tajay successfully logged in
2017-08-03 22:03:39.6499 INFO User: Tajay successfully logged in
2017-08-03 22:13:35.7073 INFO User: Tajay successfully logged in
2017-08-03 22:18:56.2524 INFO User: Tajay successfully logged in
2017-08-03 22:22:40.3347 INFO User: Tajay successfully logged in
2017-08-03 22:24:41.0541 INFO User: Tajay successfully logged in
2017-08-03 22:55:03.6163 INFO User: Tajay successfully logged in
2017-08-03 23:03:03.0735 INFO User: Tajay successfully logged in
2017-08-03 23:08:10.7501 INFO User: Tajay successfully logged in
2017-08-03 23:16:08.1528 INFO User: Tajay successfully logged in
2017-08-03 23:24:49.4686 INFO User: Tajay successfully logged in
2017-08-03 23:30:21.2324 INFO User: Tajay successfully logged in
