2017-11-29 05:21:48.6585 INFO User: Tajay successfully logged in
2017-11-29 05:22:06.7924 INFO User: Tajay successfully logged in
2017-11-29 05:24:59.3764 INFO  Getting item name, quantity and additionals from 66
2017-11-29 05:24:59.3919 INFO Retrieving order location
2017-11-29 05:24:59.4100 INFO Location successfully retrieved
2017-11-29 05:24:59.4210 INFO  Getting item name, quantity and additionals from 65
2017-11-29 05:24:59.4320 INFO Retrieving order location
2017-11-29 05:24:59.4320 INFO Location successfully retrieved
2017-11-29 05:24:59.5510 INFO  Getting item name, quantity and additionals from 56
2017-11-29 05:24:59.5610 INFO Retrieving order location
2017-11-29 05:24:59.5610 INFO Location successfully retrieved
2017-11-29 05:24:59.5750 INFO  Getting item name, quantity and additionals from 55
2017-11-29 05:24:59.5750 INFO Retrieving order location
2017-11-29 05:24:59.5926 INFO Location successfully retrieved
2017-11-29 05:24:59.5926 INFO  Getting item name, quantity and additionals from 41
2017-11-29 05:24:59.6079 INFO Retrieving order location
2017-11-29 05:24:59.6079 INFO Location successfully retrieved
2017-11-29 05:24:59.6239 INFO  Getting item name, quantity and additionals from 54
2017-11-29 05:24:59.6359 INFO Retrieving order location
2017-11-29 05:24:59.6359 INFO Location successfully retrieved
2017-11-29 05:24:59.6519 INFO  Getting item name, quantity and additionals from 53
2017-11-29 05:24:59.6519 INFO Retrieving order location
2017-11-29 05:24:59.6659 INFO Location successfully retrieved
2017-11-29 05:24:59.6659 INFO  Getting item name, quantity and additionals from 51
2017-11-29 05:24:59.6824 INFO Retrieving order location
2017-11-29 05:24:59.6824 INFO Location successfully retrieved
2017-11-29 05:24:59.6979 INFO  Getting item name, quantity and additionals from 50
2017-11-29 05:24:59.6979 INFO Retrieving order location
2017-11-29 05:24:59.7119 INFO Location successfully retrieved
2017-11-29 05:24:59.7119 INFO  Getting item name, quantity and additionals from 49
2017-11-29 05:24:59.7300 INFO Retrieving order location
2017-11-29 05:24:59.7300 INFO Location successfully retrieved
2017-11-29 05:24:59.7460 INFO  Getting item name, quantity and additionals from 48
2017-11-29 05:24:59.7460 INFO Retrieving order location
2017-11-29 05:24:59.8710 INFO Location successfully retrieved
2017-11-29 05:24:59.8866 INFO  Getting item name, quantity and additionals from 47
2017-11-29 05:24:59.8866 INFO Retrieving order location
2017-11-29 05:24:59.9001 INFO Location successfully retrieved
2017-11-29 05:24:59.9001 INFO  Getting item name, quantity and additionals from 46
2017-11-29 05:24:59.9211 INFO Retrieving order location
2017-11-29 05:24:59.9211 INFO Location successfully retrieved
2017-11-29 05:24:59.9371 INFO  Getting item name, quantity and additionals from 45
2017-11-29 05:24:59.9461 INFO Retrieving order location
2017-11-29 05:24:59.9461 INFO Location successfully retrieved
2017-11-29 05:24:59.9651 INFO  Getting item name, quantity and additionals from 44
2017-11-29 05:24:59.9771 INFO Retrieving order location
2017-11-29 05:25:00.0148 INFO Location successfully retrieved
2017-11-29 05:25:00.0248 INFO  Getting item name, quantity and additionals from 43
2017-11-29 05:25:00.0248 INFO Retrieving order location
2017-11-29 05:25:00.0389 INFO Location successfully retrieved
2017-11-29 05:25:00.0389 INFO  Getting item name, quantity and additionals from 42
2017-11-29 05:25:00.0549 INFO Retrieving order location
2017-11-29 05:25:00.0549 INFO Location successfully retrieved
2017-11-29 05:25:00.0549 INFO  Getting item name, quantity and additionals from 40
2017-11-29 05:25:00.0749 INFO Retrieving order location
2017-11-29 05:25:00.0749 INFO Location successfully retrieved
2017-11-29 05:25:00.0913 INFO  Getting item name, quantity and additionals from 39
2017-11-29 05:25:00.0913 INFO Retrieving order location
2017-11-29 05:25:00.1043 INFO Location successfully retrieved
2017-11-29 05:25:00.1043 INFO  Getting item name, quantity and additionals from 38
2017-11-29 05:25:00.1183 INFO Retrieving order location
2017-11-29 05:25:00.1871 INFO Location successfully retrieved
2017-11-29 05:25:00.2052 INFO  Getting item name, quantity and additionals from 37
2017-11-29 05:25:00.2252 INFO Retrieving order location
2017-11-29 05:25:00.2312 INFO Location successfully retrieved
2017-11-29 05:25:00.2502 INFO  Getting item name, quantity and additionals from 36
2017-11-29 05:25:00.2732 INFO Retrieving order location
2017-11-29 05:25:00.2942 INFO Location successfully retrieved
2017-11-29 05:25:00.3122 INFO  Getting item name, quantity and additionals from 35
2017-11-29 05:25:00.3242 INFO Retrieving order location
2017-11-29 05:25:00.3242 INFO Location successfully retrieved
2017-11-29 05:25:00.3452 INFO  Getting item name, quantity and additionals from 33
2017-11-29 05:25:00.3562 INFO Retrieving order location
2017-11-29 05:25:00.3672 INFO Location successfully retrieved
2017-11-29 05:25:00.3672 INFO  Getting item name, quantity and additionals from 28
2017-11-29 05:25:00.3917 INFO Retrieving order location
2017-11-29 05:25:00.4022 INFO Location successfully retrieved
2017-11-29 05:25:00.4022 INFO  Getting item name, quantity and additionals from 27
2017-11-29 05:25:00.4252 INFO Retrieving order location
2017-11-29 05:25:00.4362 INFO Location successfully retrieved
2017-11-29 05:25:00.4473 INFO  Getting item name, quantity and additionals from 26
2017-11-29 05:25:00.4473 INFO Retrieving order location
2017-11-29 05:25:00.4683 INFO Location successfully retrieved
2017-11-29 05:25:00.4793 INFO  Getting item name, quantity and additionals from 25
2017-11-29 05:25:00.4933 INFO Retrieving order location
2017-11-29 05:25:00.5083 INFO Location successfully retrieved
2017-11-29 05:25:00.5083 INFO  Getting item name, quantity and additionals from 24
2017-11-29 05:25:00.5313 INFO Retrieving order location
2017-11-29 05:25:00.5413 INFO Location successfully retrieved
2017-11-29 05:25:00.5413 INFO  Getting item name, quantity and additionals from 23
2017-11-29 05:25:00.5663 INFO Retrieving order location
2017-11-29 05:25:00.5788 INFO Location successfully retrieved
2017-11-29 05:25:00.5894 INFO  Getting item name, quantity and additionals from 22
2017-11-29 05:25:00.5894 INFO Retrieving order location
2017-11-29 05:25:00.6122 INFO Location successfully retrieved
2017-11-29 05:25:00.6252 INFO  Getting item name, quantity and additionals from 19
2017-11-29 05:25:00.6372 INFO Retrieving order location
2017-11-29 05:25:00.6492 INFO Location successfully retrieved
2017-11-29 05:25:00.6492 INFO  Getting item name, quantity and additionals from 18
2017-11-29 05:25:00.6722 INFO Retrieving order location
2017-11-29 05:25:00.6837 INFO Location successfully retrieved
2017-11-29 05:25:00.6953 INFO  Getting item name, quantity and additionals from 17
2017-11-29 05:25:00.6953 INFO Retrieving order location
2017-11-29 05:25:00.7303 INFO Location successfully retrieved
2017-11-29 05:25:48.7531 INFO  Getting item name, quantity and additionals from 66
2017-11-29 05:25:48.7626 INFO Retrieving order location
2017-11-29 05:25:48.7626 INFO Location successfully retrieved
2017-11-29 05:25:48.7781 INFO  Getting item name, quantity and additionals from 65
2017-11-29 05:25:48.7781 INFO Retrieving order location
2017-11-29 05:25:48.7781 INFO Location successfully retrieved
2017-11-29 05:25:48.7961 INFO  Getting item name, quantity and additionals from 56
2017-11-29 05:25:48.7961 INFO Retrieving order location
2017-11-29 05:25:48.8131 INFO Location successfully retrieved
2017-11-29 05:25:48.8212 INFO  Getting item name, quantity and additionals from 55
2017-11-29 05:25:48.8212 INFO Retrieving order location
2017-11-29 05:25:48.8412 INFO Location successfully retrieved
2017-11-29 05:25:48.8412 INFO  Getting item name, quantity and additionals from 41
2017-11-29 05:25:48.8597 INFO Retrieving order location
2017-11-29 05:25:48.8692 INFO Location successfully retrieved
2017-11-29 05:25:48.8692 INFO  Getting item name, quantity and additionals from 54
2017-11-29 05:25:48.8852 INFO Retrieving order location
2017-11-29 05:25:48.8852 INFO Location successfully retrieved
2017-11-29 05:25:48.9012 INFO  Getting item name, quantity and additionals from 53
2017-11-29 05:25:48.9012 INFO Retrieving order location
2017-11-29 05:25:48.9232 INFO Location successfully retrieved
2017-11-29 05:25:48.9322 INFO  Getting item name, quantity and additionals from 51
2017-11-29 05:25:48.9322 INFO Retrieving order location
2017-11-29 05:25:48.9462 INFO Location successfully retrieved
2017-11-29 05:25:48.9462 INFO  Getting item name, quantity and additionals from 50
2017-11-29 05:25:48.9612 INFO Retrieving order location
2017-11-29 05:25:48.9612 INFO Location successfully retrieved
2017-11-29 05:25:48.9612 INFO  Getting item name, quantity and additionals from 49
2017-11-29 05:25:48.9893 INFO Retrieving order location
2017-11-29 05:25:48.9963 INFO Location successfully retrieved
2017-11-29 05:25:48.9963 INFO  Getting item name, quantity and additionals from 48
2017-11-29 05:25:49.0123 INFO Retrieving order location
2017-11-29 05:25:49.0123 INFO Location successfully retrieved
2017-11-29 05:25:49.0263 INFO  Getting item name, quantity and additionals from 47
2017-11-29 05:25:49.0263 INFO Retrieving order location
2017-11-29 05:25:49.0403 INFO Location successfully retrieved
2017-11-29 05:25:49.0403 INFO  Getting item name, quantity and additionals from 46
2017-11-29 05:25:49.0583 INFO Retrieving order location
2017-11-29 05:25:49.0583 INFO Location successfully retrieved
2017-11-29 05:25:49.0753 INFO  Getting item name, quantity and additionals from 45
2017-11-29 05:25:49.0753 INFO Retrieving order location
2017-11-29 05:25:49.0933 INFO Location successfully retrieved
2017-11-29 05:25:49.0933 INFO  Getting item name, quantity and additionals from 44
2017-11-29 05:25:49.1083 INFO Retrieving order location
2017-11-29 05:25:49.1083 INFO Location successfully retrieved
2017-11-29 05:25:49.1254 INFO  Getting item name, quantity and additionals from 43
2017-11-29 05:25:49.1344 INFO Retrieving order location
2017-11-29 05:25:49.1344 INFO Location successfully retrieved
2017-11-29 05:25:49.1554 INFO  Getting item name, quantity and additionals from 42
2017-11-29 05:25:49.1554 INFO Retrieving order location
2017-11-29 05:25:49.1704 INFO Location successfully retrieved
2017-11-29 05:25:49.1704 INFO  Getting item name, quantity and additionals from 40
2017-11-29 05:25:49.1884 INFO Retrieving order location
2017-11-29 05:25:49.1954 INFO Location successfully retrieved
2017-11-29 05:25:49.1954 INFO  Getting item name, quantity and additionals from 39
2017-11-29 05:25:49.2114 INFO Retrieving order location
2017-11-29 05:25:49.2114 INFO Location successfully retrieved
2017-11-29 05:25:49.2264 INFO  Getting item name, quantity and additionals from 38
2017-11-29 05:25:49.2264 INFO Retrieving order location
2017-11-29 05:25:49.2264 INFO Location successfully retrieved
2017-11-29 05:25:49.2494 INFO  Getting item name, quantity and additionals from 37
2017-11-29 05:25:49.2494 INFO Retrieving order location
2017-11-29 05:25:49.2654 INFO Location successfully retrieved
2017-11-29 05:25:49.2654 INFO  Getting item name, quantity and additionals from 36
2017-11-29 05:25:49.2815 INFO Retrieving order location
2017-11-29 05:25:49.2815 INFO Location successfully retrieved
2017-11-29 05:25:49.2975 INFO  Getting item name, quantity and additionals from 35
2017-11-29 05:25:49.2975 INFO Retrieving order location
2017-11-29 05:25:49.3125 INFO Location successfully retrieved
2017-11-29 05:27:12.6775 INFO  Getting item name, quantity and additionals from 33
2017-11-29 05:27:12.6870 INFO Retrieving order location
2017-11-29 05:27:12.6980 INFO Location successfully retrieved
2017-11-29 05:27:14.4817 INFO  Getting item name, quantity and additionals from 28
2017-11-29 05:27:14.4942 INFO Retrieving order location
2017-11-29 05:27:14.4942 INFO Location successfully retrieved
2017-11-29 05:27:16.2620 INFO  Getting item name, quantity and additionals from 27
2017-11-29 05:27:16.2741 INFO Retrieving order location
2017-11-29 05:27:16.2741 INFO Location successfully retrieved
2017-11-29 05:27:17.1778 INFO  Getting item name, quantity and additionals from 26
2017-11-29 05:27:17.1863 INFO Retrieving order location
2017-11-29 05:27:17.1958 INFO Location successfully retrieved
2017-11-29 05:27:18.0362 INFO  Getting item name, quantity and additionals from 25
2017-11-29 05:27:18.0462 INFO Retrieving order location
2017-11-29 05:27:18.0462 INFO Location successfully retrieved
2017-11-29 05:27:28.4616 INFO  Getting item name, quantity and additionals from 24
2017-11-29 05:27:28.4616 INFO Retrieving order location
2017-11-29 05:27:28.4817 INFO Location successfully retrieved
2017-11-29 05:27:47.9894 INFO  Getting item name, quantity and additionals from 23
2017-11-29 05:27:48.0004 INFO Retrieving order location
2017-11-29 05:27:48.0114 INFO Location successfully retrieved
2017-11-29 05:27:51.4399 INFO  Getting item name, quantity and additionals from 22
2017-11-29 05:27:51.4479 INFO Retrieving order location
2017-11-29 05:27:51.4479 INFO Location successfully retrieved
2017-11-29 05:28:01.5028 INFO  Getting item name, quantity and additionals from 19
2017-11-29 05:28:01.5123 INFO Retrieving order location
2017-11-29 05:28:01.5123 INFO Location successfully retrieved
2017-11-29 05:28:07.8022 INFO  Getting item name, quantity and additionals from 18
2017-11-29 05:28:07.8112 INFO Retrieving order location
2017-11-29 05:28:07.8212 INFO Location successfully retrieved
2017-11-29 05:28:11.5037 INFO  Getting item name, quantity and additionals from 17
2017-11-29 05:28:11.5127 INFO Retrieving order location
2017-11-29 05:28:11.5127 INFO Location successfully retrieved
2017-11-29 05:28:30.6259 INFO  Getting item name, quantity and additionals from 66
2017-11-29 05:28:30.6339 INFO Retrieving order location
2017-11-29 05:28:30.6339 INFO Location successfully retrieved
2017-11-29 05:28:30.6499 INFO  Getting item name, quantity and additionals from 65
2017-11-29 05:28:30.6499 INFO Retrieving order location
2017-11-29 05:28:30.6689 INFO Location successfully retrieved
2017-11-29 05:28:30.6689 INFO  Getting item name, quantity and additionals from 56
2017-11-29 05:28:30.6899 INFO Retrieving order location
2017-11-29 05:28:30.6979 INFO Location successfully retrieved
2017-11-29 05:28:30.6979 INFO  Getting item name, quantity and additionals from 55
2017-11-29 05:28:30.7139 INFO Retrieving order location
2017-11-29 05:28:30.7139 INFO Location successfully retrieved
2017-11-29 05:28:30.7310 INFO  Getting item name, quantity and additionals from 41
2017-11-29 05:28:30.7430 INFO Retrieving order location
2017-11-29 05:28:30.7430 INFO Location successfully retrieved
2017-11-29 05:28:30.7630 INFO  Getting item name, quantity and additionals from 54
2017-11-29 05:28:30.7630 INFO Retrieving order location
2017-11-29 05:28:30.7790 INFO Location successfully retrieved
2017-11-29 05:28:30.7790 INFO  Getting item name, quantity and additionals from 53
2017-11-29 05:28:30.7960 INFO Retrieving order location
2017-11-29 05:28:30.7960 INFO Location successfully retrieved
2017-11-29 05:28:30.8120 INFO  Getting item name, quantity and additionals from 51
2017-11-29 05:28:30.8220 INFO Retrieving order location
2017-11-29 05:28:30.8220 INFO Location successfully retrieved
2017-11-29 05:28:30.8420 INFO  Getting item name, quantity and additionals from 50
2017-11-29 05:28:30.8520 INFO Retrieving order location
2017-11-29 05:28:30.8520 INFO Location successfully retrieved
2017-11-29 05:28:30.8680 INFO  Getting item name, quantity and additionals from 49
2017-11-29 05:28:30.8680 INFO Retrieving order location
2017-11-29 05:28:30.8841 INFO Location successfully retrieved
2017-11-29 05:28:30.8841 INFO  Getting item name, quantity and additionals from 48
2017-11-29 05:28:30.9021 INFO Retrieving order location
2017-11-29 05:28:30.9021 INFO Location successfully retrieved
2017-11-29 05:28:30.9181 INFO  Getting item name, quantity and additionals from 47
2017-11-29 05:28:30.9181 INFO Retrieving order location
2017-11-29 05:28:30.9341 INFO Location successfully retrieved
2017-11-29 05:28:30.9341 INFO  Getting item name, quantity and additionals from 46
2017-11-29 05:28:30.9541 INFO Retrieving order location
2017-11-29 05:28:30.9671 INFO Location successfully retrieved
2017-11-29 05:28:30.9671 INFO  Getting item name, quantity and additionals from 45
2017-11-29 05:28:30.9826 INFO Retrieving order location
2017-11-29 05:28:30.9931 INFO Location successfully retrieved
2017-11-29 05:28:30.9931 INFO  Getting item name, quantity and additionals from 44
2017-11-29 05:28:31.0081 INFO Retrieving order location
2017-11-29 05:28:31.0081 INFO Location successfully retrieved
2017-11-29 05:28:31.0241 INFO  Getting item name, quantity and additionals from 43
2017-11-29 05:28:31.0241 INFO Retrieving order location
2017-11-29 05:28:31.0412 INFO Location successfully retrieved
2017-11-29 05:28:31.0412 INFO  Getting item name, quantity and additionals from 42
2017-11-29 05:28:31.0572 INFO Retrieving order location
2017-11-29 05:28:31.0572 INFO Location successfully retrieved
2017-11-29 05:28:31.0722 INFO  Getting item name, quantity and additionals from 40
2017-11-29 05:28:31.0722 INFO Retrieving order location
2017-11-29 05:28:31.0882 INFO Location successfully retrieved
2017-11-29 05:28:31.0882 INFO  Getting item name, quantity and additionals from 39
2017-11-29 05:28:31.1042 INFO Retrieving order location
2017-11-29 05:28:31.1042 INFO Location successfully retrieved
2017-11-29 05:28:31.1192 INFO  Getting item name, quantity and additionals from 38
2017-11-29 05:28:31.1192 INFO Retrieving order location
2017-11-29 05:28:31.1352 INFO Location successfully retrieved
2017-11-29 05:28:31.1352 INFO  Getting item name, quantity and additionals from 37
2017-11-29 05:28:31.1542 INFO Retrieving order location
2017-11-29 05:28:31.1542 INFO Location successfully retrieved
2017-11-29 05:28:31.1762 INFO  Getting item name, quantity and additionals from 36
2017-11-29 05:28:31.1872 INFO Retrieving order location
2017-11-29 05:28:31.1872 INFO Location successfully retrieved
2017-11-29 05:28:31.2053 INFO  Getting item name, quantity and additionals from 35
2017-11-29 05:28:31.2123 INFO Retrieving order location
2017-11-29 05:28:31.2123 INFO Location successfully retrieved
2017-11-29 05:29:20.7406 INFO  Getting item name, quantity and additionals from 33
2017-11-29 05:29:20.7526 INFO Retrieving order location
2017-11-29 05:29:20.7636 INFO Location successfully retrieved
2017-11-29 05:29:28.1261 INFO  Getting item name, quantity and additionals from 28
2017-11-29 05:29:28.1371 INFO Retrieving order location
2017-11-29 05:29:28.1371 INFO Location successfully retrieved
2017-11-29 05:29:29.8500 INFO  Getting item name, quantity and additionals from 27
2017-11-29 05:29:29.8620 INFO Retrieving order location
2017-11-29 05:29:29.8720 INFO Location successfully retrieved
2017-11-29 05:29:30.6099 INFO  Getting item name, quantity and additionals from 26
2017-11-29 05:29:30.6189 INFO Retrieving order location
2017-11-29 05:29:30.6189 INFO Location successfully retrieved
2017-11-29 05:29:31.2432 INFO  Getting item name, quantity and additionals from 25
2017-11-29 05:29:31.2432 INFO Retrieving order location
2017-11-29 05:29:31.2662 INFO Location successfully retrieved
2017-11-29 05:29:34.6419 INFO  Getting item name, quantity and additionals from 24
2017-11-29 05:29:34.6519 INFO Retrieving order location
2017-11-29 05:29:34.6519 INFO Location successfully retrieved
2017-11-29 05:29:35.1492 INFO  Getting item name, quantity and additionals from 23
2017-11-29 05:29:35.1492 INFO Retrieving order location
2017-11-29 05:29:35.1692 INFO Location successfully retrieved
2017-11-29 05:29:36.0360 INFO  Getting item name, quantity and additionals from 22
2017-11-29 05:29:36.0480 INFO Retrieving order location
2017-11-29 05:29:36.0590 INFO Location successfully retrieved
2017-11-29 05:29:42.8058 INFO  Getting item name, quantity and additionals from 19
2017-11-29 05:29:42.8058 INFO Retrieving order location
2017-11-29 05:29:42.8278 INFO Location successfully retrieved
2017-11-29 05:29:55.1079 INFO  Getting item name, quantity and additionals from 18
2017-11-29 05:29:55.1179 INFO Retrieving order location
2017-11-29 05:29:55.1179 INFO Location successfully retrieved
2017-11-29 05:32:01.2586 INFO  Getting item name, quantity and additionals from 17
2017-11-29 05:32:01.3111 INFO Retrieving order location
2017-11-29 05:32:01.3321 INFO Location successfully retrieved
2017-11-29 05:34:39.9594 INFO  Getting item name, quantity and additionals from 66
2017-11-29 05:34:39.9739 INFO Retrieving order location
2017-11-29 05:34:39.9829 INFO Location successfully retrieved
2017-11-29 05:34:39.9949 INFO  Getting item name, quantity and additionals from 65
2017-11-29 05:34:40.0099 INFO Retrieving order location
2017-11-29 05:34:40.0099 INFO Location successfully retrieved
2017-11-29 05:34:40.0319 INFO  Getting item name, quantity and additionals from 56
2017-11-29 05:34:40.0419 INFO Retrieving order location
2017-11-29 05:34:40.0419 INFO Location successfully retrieved
2017-11-29 05:34:40.0585 INFO  Getting item name, quantity and additionals from 55
2017-11-29 05:34:40.0585 INFO Retrieving order location
2017-11-29 05:34:40.0750 INFO Location successfully retrieved
2017-11-29 05:34:40.0750 INFO  Getting item name, quantity and additionals from 41
2017-11-29 05:34:40.0920 INFO Retrieving order location
2017-11-29 05:34:40.1030 INFO Location successfully retrieved
2017-11-29 05:34:40.1030 INFO  Getting item name, quantity and additionals from 54
2017-11-29 05:34:40.1190 INFO Retrieving order location
2017-11-29 05:34:40.1190 INFO Location successfully retrieved
2017-11-29 05:34:40.1370 INFO  Getting item name, quantity and additionals from 53
2017-11-29 05:34:40.1370 INFO Retrieving order location
2017-11-29 05:34:40.1545 INFO Location successfully retrieved
2017-11-29 05:34:40.1545 INFO  Getting item name, quantity and additionals from 51
2017-11-29 05:34:40.1750 INFO Retrieving order location
2017-11-29 05:34:40.1840 INFO Location successfully retrieved
2017-11-29 05:34:40.1990 INFO  Getting item name, quantity and additionals from 50
2017-11-29 05:34:40.1990 INFO Retrieving order location
2017-11-29 05:34:40.2210 INFO Location successfully retrieved
2017-11-29 05:34:40.2331 INFO  Getting item name, quantity and additionals from 49
2017-11-29 05:34:40.2421 INFO Retrieving order location
2017-11-29 05:34:40.2421 INFO Location successfully retrieved
2017-11-29 05:34:40.2421 INFO  Getting item name, quantity and additionals from 48
2017-11-29 05:34:40.2656 INFO Retrieving order location
2017-11-29 05:34:40.2656 INFO Location successfully retrieved
2017-11-29 05:34:40.2811 INFO  Getting item name, quantity and additionals from 47
2017-11-29 05:34:40.2901 INFO Retrieving order location
2017-11-29 05:34:40.2901 INFO Location successfully retrieved
2017-11-29 05:34:40.3061 INFO  Getting item name, quantity and additionals from 46
2017-11-29 05:34:40.3061 INFO Retrieving order location
2017-11-29 05:34:40.3221 INFO Location successfully retrieved
2017-11-29 05:34:40.3221 INFO  Getting item name, quantity and additionals from 45
2017-11-29 05:34:40.3391 INFO Retrieving order location
2017-11-29 05:34:40.3391 INFO Location successfully retrieved
2017-11-29 05:34:40.3571 INFO  Getting item name, quantity and additionals from 44
2017-11-29 05:34:40.3571 INFO Retrieving order location
2017-11-29 05:34:40.3758 INFO Location successfully retrieved
2017-11-29 05:34:40.3868 INFO  Getting item name, quantity and additionals from 43
2017-11-29 05:34:40.3998 INFO Retrieving order location
2017-11-29 05:34:40.3998 INFO Location successfully retrieved
2017-11-29 05:34:40.4158 INFO  Getting item name, quantity and additionals from 42
2017-11-29 05:34:40.4158 INFO Retrieving order location
2017-11-29 05:34:40.4388 INFO Location successfully retrieved
2017-11-29 05:34:40.4498 INFO  Getting item name, quantity and additionals from 40
2017-11-29 05:34:40.4498 INFO Retrieving order location
2017-11-29 05:34:40.4679 INFO Location successfully retrieved
2017-11-29 05:34:40.4679 INFO  Getting item name, quantity and additionals from 39
2017-11-29 05:34:40.4859 INFO Retrieving order location
2017-11-29 05:34:40.4939 INFO Location successfully retrieved
2017-11-29 05:34:40.4939 INFO  Getting item name, quantity and additionals from 38
2017-11-29 05:34:40.5099 INFO Retrieving order location
2017-11-29 05:34:40.5099 INFO Location successfully retrieved
2017-11-29 05:34:40.5259 INFO  Getting item name, quantity and additionals from 37
2017-11-29 05:34:40.5259 INFO Retrieving order location
2017-11-29 05:34:40.5439 INFO Location successfully retrieved
2017-11-29 05:34:40.5439 INFO  Getting item name, quantity and additionals from 36
2017-11-29 05:34:40.5605 INFO Retrieving order location
2017-11-29 05:34:40.5605 INFO Location successfully retrieved
2017-11-29 05:34:40.5745 INFO  Getting item name, quantity and additionals from 35
2017-11-29 05:34:40.5745 INFO Retrieving order location
2017-11-29 05:34:40.5895 INFO Location successfully retrieved
2017-11-29 05:34:41.6621 INFO  Getting item name, quantity and additionals from 33
2017-11-29 05:34:41.6732 INFO Retrieving order location
2017-11-29 05:34:41.6812 INFO Location successfully retrieved
2017-11-29 05:34:43.2119 INFO  Getting item name, quantity and additionals from 28
2017-11-29 05:34:43.2119 INFO Retrieving order location
2017-11-29 05:34:43.2369 INFO Location successfully retrieved
2017-11-29 05:34:45.1432 INFO  Getting item name, quantity and additionals from 27
2017-11-29 05:34:45.1562 INFO Retrieving order location
2017-11-29 05:34:45.1672 INFO Location successfully retrieved
2017-11-29 05:34:47.6662 INFO  Getting item name, quantity and additionals from 26
2017-11-29 05:34:47.6662 INFO Retrieving order location
2017-11-29 05:34:47.6862 INFO Location successfully retrieved
2017-11-29 05:34:47.6972 INFO  Getting item name, quantity and additionals from 25
2017-11-29 05:34:47.6972 INFO Retrieving order location
2017-11-29 05:34:47.7228 INFO Location successfully retrieved
2017-11-29 05:34:47.7323 INFO  Getting item name, quantity and additionals from 24
2017-11-29 05:34:47.7443 INFO Retrieving order location
2017-11-29 05:34:47.7443 INFO Location successfully retrieved
2017-11-29 05:34:47.7613 INFO  Getting item name, quantity and additionals from 23
2017-11-29 05:34:47.7613 INFO Retrieving order location
2017-11-29 05:34:47.7833 INFO Location successfully retrieved
2017-11-29 05:34:47.7923 INFO  Getting item name, quantity and additionals from 22
2017-11-29 05:34:47.7923 INFO Retrieving order location
2017-11-29 05:34:47.8093 INFO Location successfully retrieved
2017-11-29 05:34:47.8093 INFO  Getting item name, quantity and additionals from 19
2017-11-29 05:34:47.8258 INFO Retrieving order location
2017-11-29 05:34:47.8258 INFO Location successfully retrieved
2017-11-29 05:34:47.8423 INFO  Getting item name, quantity and additionals from 18
2017-11-29 05:34:47.8423 INFO Retrieving order location
2017-11-29 05:34:47.8593 INFO Location successfully retrieved
2017-11-29 05:34:47.8703 INFO  Getting item name, quantity and additionals from 17
2017-11-29 05:34:47.8703 INFO Retrieving order location
2017-11-29 05:34:47.8934 INFO Location successfully retrieved
2017-11-29 05:36:26.5365 INFO  Getting item name, quantity and additionals from 66
2017-11-29 05:36:26.5475 INFO Retrieving order location
2017-11-29 05:36:26.5595 INFO Location successfully retrieved
2017-11-29 05:36:26.5725 INFO  Getting item name, quantity and additionals from 65
2017-11-29 05:36:26.5945 INFO Retrieving order location
2017-11-29 05:36:26.6055 INFO Location successfully retrieved
2017-11-29 05:36:26.6055 INFO  Getting item name, quantity and additionals from 56
2017-11-29 05:36:26.6265 INFO Retrieving order location
2017-11-29 05:36:26.6350 INFO Location successfully retrieved
2017-11-29 05:36:26.6350 INFO  Getting item name, quantity and additionals from 55
2017-11-29 05:36:26.6566 INFO Retrieving order location
2017-11-29 05:36:26.6646 INFO Location successfully retrieved
2017-11-29 05:36:26.6646 INFO  Getting item name, quantity and additionals from 54
2017-11-29 05:36:26.6816 INFO Retrieving order location
2017-11-29 05:36:26.6816 INFO Location successfully retrieved
2017-11-29 05:36:26.7006 INFO  Getting item name, quantity and additionals from 53
2017-11-29 05:36:26.7116 INFO Retrieving order location
2017-11-29 05:36:26.7116 INFO Location successfully retrieved
2017-11-29 05:36:26.7286 INFO  Getting item name, quantity and additionals from 51
2017-11-29 05:36:26.7286 INFO Retrieving order location
2017-11-29 05:36:26.7526 INFO Location successfully retrieved
2017-11-29 05:36:26.7616 INFO  Getting item name, quantity and additionals from 50
2017-11-29 05:36:26.7776 INFO Retrieving order location
2017-11-29 05:36:26.7896 INFO Location successfully retrieved
2017-11-29 05:36:26.7896 INFO  Getting item name, quantity and additionals from 49
2017-11-29 05:36:26.8106 INFO Retrieving order location
2017-11-29 05:36:26.8216 INFO Location successfully retrieved
2017-11-29 05:36:26.8216 INFO  Getting item name, quantity and additionals from 48
2017-11-29 05:36:26.8412 INFO Retrieving order location
2017-11-29 05:36:26.8412 INFO Location successfully retrieved
2017-11-29 05:36:26.8567 INFO  Getting item name, quantity and additionals from 47
2017-11-29 05:36:26.8567 INFO Retrieving order location
2017-11-29 05:36:26.8757 INFO Location successfully retrieved
2017-11-29 05:36:26.8837 INFO  Getting item name, quantity and additionals from 46
2017-11-29 05:36:26.8837 INFO Retrieving order location
2017-11-29 05:36:26.8997 INFO Location successfully retrieved
2017-11-29 05:36:26.8997 INFO  Getting item name, quantity and additionals from 45
2017-11-29 05:36:26.9167 INFO Retrieving order location
2017-11-29 05:36:26.9167 INFO Location successfully retrieved
2017-11-29 05:36:26.9327 INFO  Getting item name, quantity and additionals from 44
2017-11-29 05:36:26.9327 INFO Retrieving order location
2017-11-29 05:36:26.9527 INFO Location successfully retrieved
2017-11-29 05:36:26.9618 INFO  Getting item name, quantity and additionals from 43
2017-11-29 05:36:26.9618 INFO Retrieving order location
2017-11-29 05:36:26.9838 INFO Location successfully retrieved
2017-11-29 05:36:26.9838 INFO  Getting item name, quantity and additionals from 42
2017-11-29 05:36:27.0018 INFO Retrieving order location
2017-11-29 05:36:27.0098 INFO Location successfully retrieved
2017-11-29 05:36:27.0098 INFO  Getting item name, quantity and additionals from 41
2017-11-29 05:36:27.0268 INFO Retrieving order location
2017-11-29 05:36:27.0268 INFO Location successfully retrieved
2017-11-29 05:36:27.0458 INFO  Getting item name, quantity and additionals from 40
2017-11-29 05:36:27.0558 INFO Retrieving order location
2017-11-29 05:36:27.0558 INFO Location successfully retrieved
2017-11-29 05:36:27.0718 INFO  Getting item name, quantity and additionals from 39
2017-11-29 05:36:27.0718 INFO Retrieving order location
2017-11-29 05:36:27.0888 INFO Location successfully retrieved
2017-11-29 05:36:27.0888 INFO  Getting item name, quantity and additionals from 38
2017-11-29 05:36:27.1058 INFO Retrieving order location
2017-11-29 05:36:27.1058 INFO Location successfully retrieved
2017-11-29 05:36:27.1248 INFO  Getting item name, quantity and additionals from 37
2017-11-29 05:36:27.1328 INFO Retrieving order location
2017-11-29 05:36:27.1328 INFO Location successfully retrieved
2017-11-29 05:36:27.1328 INFO  Getting item name, quantity and additionals from 36
2017-11-29 05:36:27.1549 INFO Retrieving order location
2017-11-29 05:36:27.1549 INFO Location successfully retrieved
2017-11-29 05:36:27.1699 INFO  Getting item name, quantity and additionals from 35
2017-11-29 05:36:27.1829 INFO Retrieving order location
2017-11-29 05:36:27.1989 INFO Location successfully retrieved
2017-11-29 05:36:27.2139 INFO  Getting item name, quantity and additionals from 33
2017-11-29 05:36:27.2139 INFO Retrieving order location
2017-11-29 05:36:27.2364 INFO Location successfully retrieved
2017-11-29 05:36:27.2504 INFO  Getting item name, quantity and additionals from 28
2017-11-29 05:36:27.2629 INFO Retrieving order location
2017-11-29 05:36:27.2629 INFO Location successfully retrieved
2017-11-29 05:36:27.2789 INFO  Getting item name, quantity and additionals from 27
2017-11-29 05:36:27.2789 INFO Retrieving order location
2017-11-29 05:36:27.2970 INFO Location successfully retrieved
2017-11-29 05:36:27.3050 INFO  Getting item name, quantity and additionals from 26
2017-11-29 05:36:27.3050 INFO Retrieving order location
2017-11-29 05:36:27.3050 INFO Location successfully retrieved
2017-11-29 05:36:27.3260 INFO  Getting item name, quantity and additionals from 25
2017-11-29 05:36:27.3260 INFO Retrieving order location
2017-11-29 05:36:27.3405 INFO Location successfully retrieved
2017-11-29 05:36:27.3405 INFO  Getting item name, quantity and additionals from 24
2017-11-29 05:36:27.3550 INFO Retrieving order location
2017-11-29 05:36:27.3550 INFO Location successfully retrieved
2017-11-29 05:36:27.3689 INFO  Getting item name, quantity and additionals from 23
2017-11-29 05:36:27.3689 INFO Retrieving order location
2017-11-29 05:36:27.3839 INFO Location successfully retrieved
2017-11-29 05:36:27.3839 INFO  Getting item name, quantity and additionals from 22
2017-11-29 05:36:27.4059 INFO Retrieving order location
2017-11-29 05:36:27.4199 INFO Location successfully retrieved
2017-11-29 05:36:27.4199 INFO  Getting item name, quantity and additionals from 19
2017-11-29 05:36:27.4414 INFO Retrieving order location
2017-11-29 05:36:27.4525 INFO Location successfully retrieved
2017-11-29 05:36:27.4665 INFO  Getting item name, quantity and additionals from 18
2017-11-29 05:36:27.4775 INFO Retrieving order location
2017-11-29 05:36:27.4775 INFO Location successfully retrieved
2017-11-29 05:36:27.4925 INFO  Getting item name, quantity and additionals from 17
2017-11-29 05:36:27.4925 INFO Retrieving order location
2017-11-29 05:36:27.5085 INFO Location successfully retrieved
2017-11-29 05:59:12.6407 INFO User: Tajay successfully logged in
2017-11-29 05:59:19.9104 INFO  Getting item name, quantity and additionals from 17
2017-11-29 05:59:19.9584 INFO Retrieving order location
2017-11-29 05:59:19.9674 INFO Location successfully retrieved
2017-11-29 05:59:19.9764 INFO  Getting item name, quantity and additionals from 18
2017-11-29 05:59:19.9764 INFO Retrieving order location
2017-11-29 05:59:19.9944 INFO Location successfully retrieved
2017-11-29 05:59:19.9944 INFO  Getting item name, quantity and additionals from 19
2017-11-29 05:59:20.0134 INFO Retrieving order location
2017-11-29 05:59:20.0244 INFO Location successfully retrieved
2017-11-29 05:59:20.0244 INFO  Getting item name, quantity and additionals from 22
2017-11-29 05:59:20.0420 INFO Retrieving order location
2017-11-29 05:59:20.0420 INFO Location successfully retrieved
2017-11-29 05:59:20.0575 INFO  Getting item name, quantity and additionals from 23
2017-11-29 05:59:20.0685 INFO Retrieving order location
2017-11-29 05:59:20.0685 INFO Location successfully retrieved
2017-11-29 05:59:20.0885 INFO  Getting item name, quantity and additionals from 24
2017-11-29 05:59:20.1005 INFO Retrieving order location
2017-11-29 05:59:20.1005 INFO Location successfully retrieved
2017-11-29 05:59:20.1225 INFO  Getting item name, quantity and additionals from 25
2017-11-29 05:59:20.1325 INFO Retrieving order location
2017-11-29 05:59:20.1325 INFO Location successfully retrieved
2017-11-29 05:59:20.1555 INFO  Getting item name, quantity and additionals from 26
2017-11-29 05:59:20.1675 INFO Retrieving order location
2017-11-29 05:59:20.1675 INFO Location successfully retrieved
2017-11-29 05:59:20.1876 INFO  Getting item name, quantity and additionals from 27
2017-11-29 05:59:20.2016 INFO Retrieving order location
2017-11-29 05:59:20.2106 INFO Location successfully retrieved
2017-11-29 05:59:20.2106 INFO  Getting item name, quantity and additionals from 28
2017-11-29 05:59:20.2296 INFO Retrieving order location
2017-11-29 05:59:20.2296 INFO Location successfully retrieved
2017-11-29 05:59:20.2456 INFO  Getting item name, quantity and additionals from 33
2017-11-29 05:59:20.2566 INFO Retrieving order location
2017-11-29 05:59:20.2566 INFO Location successfully retrieved
2017-11-29 05:59:20.2736 INFO  Getting item name, quantity and additionals from 35
2017-11-29 05:59:20.2736 INFO Retrieving order location
2017-11-29 05:59:20.2946 INFO Location successfully retrieved
2017-11-29 05:59:20.3056 INFO  Getting item name, quantity and additionals from 36
2017-11-29 05:59:20.3056 INFO Retrieving order location
2017-11-29 05:59:20.3266 INFO Location successfully retrieved
2017-11-29 05:59:20.3346 INFO  Getting item name, quantity and additionals from 37
2017-11-29 05:59:20.3346 INFO Retrieving order location
2017-11-29 05:59:20.3547 INFO Location successfully retrieved
2017-11-29 05:59:20.3547 INFO  Getting item name, quantity and additionals from 38
2017-11-29 05:59:20.3737 INFO Retrieving order location
2017-11-29 05:59:20.3737 INFO Location successfully retrieved
2017-11-29 05:59:20.3887 INFO  Getting item name, quantity and additionals from 39
2017-11-29 05:59:20.3967 INFO Retrieving order location
2017-11-29 05:59:20.3967 INFO Location successfully retrieved
2017-11-29 05:59:20.3967 INFO  Getting item name, quantity and additionals from 40
2017-11-29 05:59:20.4207 INFO Retrieving order location
2017-11-29 05:59:20.4287 INFO Location successfully retrieved
2017-11-29 05:59:20.4287 INFO  Getting item name, quantity and additionals from 41
2017-11-29 05:59:20.4472 INFO Retrieving order location
2017-11-29 05:59:20.4472 INFO Location successfully retrieved
2017-11-29 05:59:20.4627 INFO  Getting item name, quantity and additionals from 42
2017-11-29 05:59:20.4627 INFO Retrieving order location
2017-11-29 05:59:20.4797 INFO Location successfully retrieved
2017-11-29 05:59:20.4797 INFO  Getting item name, quantity and additionals from 43
2017-11-29 05:59:20.4957 INFO Retrieving order location
2017-11-29 05:59:20.4957 INFO Location successfully retrieved
2017-11-29 05:59:20.5128 INFO  Getting item name, quantity and additionals from 44
2017-11-29 05:59:20.5248 INFO Retrieving order location
2017-11-29 05:59:20.5248 INFO Location successfully retrieved
2017-11-29 05:59:20.5423 INFO  Getting item name, quantity and additionals from 45
2017-11-29 05:59:20.5423 INFO Retrieving order location
2017-11-29 05:59:20.5578 INFO Location successfully retrieved
2017-11-29 05:59:20.5578 INFO  Getting item name, quantity and additionals from 46
2017-11-29 05:59:20.5728 INFO Retrieving order location
2017-11-29 05:59:20.5728 INFO Location successfully retrieved
2017-11-29 05:59:20.5888 INFO  Getting item name, quantity and additionals from 47
2017-11-29 05:59:20.5888 INFO Retrieving order location
2017-11-29 05:59:20.6038 INFO Location successfully retrieved
2017-11-29 05:59:20.6038 INFO  Getting item name, quantity and additionals from 48
2017-11-29 05:59:20.6198 INFO Retrieving order location
2017-11-29 05:59:20.6198 INFO Location successfully retrieved
2017-11-29 05:59:20.6348 INFO  Getting item name, quantity and additionals from 49
2017-11-29 05:59:20.6348 INFO Retrieving order location
2017-11-29 05:59:20.6508 INFO Location successfully retrieved
2017-11-29 05:59:20.6508 INFO  Getting item name, quantity and additionals from 50
2017-11-29 05:59:20.6679 INFO Retrieving order location
2017-11-29 05:59:20.6679 INFO Location successfully retrieved
2017-11-29 05:59:20.6829 INFO  Getting item name, quantity and additionals from 51
2017-11-29 05:59:20.6829 INFO Retrieving order location
2017-11-29 05:59:20.6979 INFO Location successfully retrieved
2017-11-29 05:59:20.6979 INFO  Getting item name, quantity and additionals from 53
2017-11-29 05:59:20.7139 INFO Retrieving order location
2017-11-29 05:59:20.7139 INFO Location successfully retrieved
2017-11-29 05:59:20.7329 INFO  Getting item name, quantity and additionals from 54
2017-11-29 05:59:20.7429 INFO Retrieving order location
2017-11-29 05:59:20.7429 INFO Location successfully retrieved
2017-11-29 05:59:20.7569 INFO  Getting item name, quantity and additionals from 55
2017-11-29 05:59:20.7569 INFO Retrieving order location
2017-11-29 05:59:20.7729 INFO Location successfully retrieved
2017-11-29 05:59:20.7729 INFO  Getting item name, quantity and additionals from 56
2017-11-29 05:59:20.7879 INFO Retrieving order location
2017-11-29 05:59:20.7879 INFO Location successfully retrieved
2017-11-29 05:59:20.8029 INFO  Getting item name, quantity and additionals from 65
2017-11-29 05:59:20.8029 INFO Retrieving order location
2017-11-29 05:59:20.8029 INFO Location successfully retrieved
2017-11-29 05:59:20.8249 INFO  Getting item name, quantity and additionals from 66
2017-11-29 05:59:20.8249 INFO Retrieving order location
2017-11-29 05:59:20.8405 INFO Location successfully retrieved
2017-11-29 06:58:37.4969 INFO User: Tajay successfully logged in
2017-11-29 06:58:51.5000 INFO  Getting item name, quantity and additionals from 17
2017-11-29 06:58:51.5581 INFO Retrieving order location
2017-11-29 06:58:51.5691 INFO Location successfully retrieved
2017-11-29 06:58:51.5691 INFO  Getting item name, quantity and additionals from 18
2017-11-29 06:58:51.5881 INFO Retrieving order location
2017-11-29 06:58:51.5881 INFO Location successfully retrieved
2017-11-29 06:58:51.6041 INFO  Getting item name, quantity and additionals from 19
2017-11-29 06:58:51.6041 INFO Retrieving order location
2017-11-29 06:58:51.6231 INFO Location successfully retrieved
2017-11-29 06:58:51.6311 INFO  Getting item name, quantity and additionals from 22
2017-11-29 06:58:51.6311 INFO Retrieving order location
2017-11-29 06:58:51.6516 INFO Location successfully retrieved
2017-11-29 06:58:51.6647 INFO  Getting item name, quantity and additionals from 23
2017-11-29 06:58:51.6647 INFO Retrieving order location
2017-11-29 06:58:51.6832 INFO Location successfully retrieved
2017-11-29 06:58:51.6832 INFO  Getting item name, quantity and additionals from 24
2017-11-29 06:58:51.7052 INFO Retrieving order location
2017-11-29 06:58:51.7162 INFO Location successfully retrieved
2017-11-29 06:58:51.7162 INFO  Getting item name, quantity and additionals from 25
2017-11-29 06:58:51.7322 INFO Retrieving order location
2017-11-29 06:58:51.7422 INFO Location successfully retrieved
2017-11-29 06:58:51.7422 INFO  Getting item name, quantity and additionals from 26
2017-11-29 06:58:51.7592 INFO Retrieving order location
2017-11-29 06:58:51.7592 INFO Location successfully retrieved
2017-11-29 06:58:51.7782 INFO  Getting item name, quantity and additionals from 27
2017-11-29 06:58:51.7892 INFO Retrieving order location
2017-11-29 06:58:51.7892 INFO Location successfully retrieved
2017-11-29 06:58:51.8052 INFO  Getting item name, quantity and additionals from 28
2017-11-29 06:58:51.8052 INFO Retrieving order location
2017-11-29 06:58:51.8232 INFO Location successfully retrieved
2017-11-29 06:58:51.8232 INFO  Getting item name, quantity and additionals from 33
2017-11-29 06:58:51.8412 INFO Retrieving order location
2017-11-29 06:58:51.8498 INFO Location successfully retrieved
2017-11-29 06:58:51.8498 INFO  Getting item name, quantity and additionals from 35
2017-11-29 06:58:51.8753 INFO Retrieving order location
2017-11-29 06:58:51.8873 INFO Location successfully retrieved
2017-11-29 06:58:51.8873 INFO  Getting item name, quantity and additionals from 36
2017-11-29 06:58:51.9073 INFO Retrieving order location
2017-11-29 06:58:51.9163 INFO Location successfully retrieved
2017-11-29 06:58:51.9163 INFO  Getting item name, quantity and additionals from 37
2017-11-29 06:58:51.9363 INFO Retrieving order location
2017-11-29 06:58:51.9453 INFO Location successfully retrieved
2017-11-29 06:58:51.9453 INFO  Getting item name, quantity and additionals from 38
2017-11-29 06:58:51.9633 INFO Retrieving order location
2017-11-29 06:58:51.9633 INFO Location successfully retrieved
2017-11-29 06:58:51.9834 INFO  Getting item name, quantity and additionals from 39
2017-11-29 06:58:51.9934 INFO Retrieving order location
2017-11-29 06:58:51.9934 INFO Location successfully retrieved
2017-11-29 06:58:52.0104 INFO  Getting item name, quantity and additionals from 40
2017-11-29 06:58:52.0104 INFO Retrieving order location
2017-11-29 06:58:52.0264 INFO Location successfully retrieved
2017-11-29 06:58:52.0264 INFO  Getting item name, quantity and additionals from 41
2017-11-29 06:58:52.0434 INFO Retrieving order location
2017-11-29 06:58:52.0434 INFO Location successfully retrieved
2017-11-29 06:58:52.0594 INFO  Getting item name, quantity and additionals from 42
2017-11-29 06:58:52.0594 INFO Retrieving order location
2017-11-29 06:58:52.0774 INFO Location successfully retrieved
2017-11-29 06:58:52.0864 INFO  Getting item name, quantity and additionals from 43
2017-11-29 06:58:52.0864 INFO Retrieving order location
2017-11-29 06:58:52.1074 INFO Location successfully retrieved
2017-11-29 06:58:52.1074 INFO  Getting item name, quantity and additionals from 44
2017-11-29 06:58:52.1234 INFO Retrieving order location
2017-11-29 06:58:52.1314 INFO Location successfully retrieved
2017-11-29 06:58:52.1314 INFO  Getting item name, quantity and additionals from 45
2017-11-29 06:58:52.1484 INFO Retrieving order location
2017-11-29 06:58:52.1484 INFO Location successfully retrieved
2017-11-29 06:58:52.1640 INFO  Getting item name, quantity and additionals from 46
2017-11-29 06:58:52.1640 INFO Retrieving order location
2017-11-29 06:58:52.1835 INFO Location successfully retrieved
2017-11-29 06:58:52.1835 INFO  Getting item name, quantity and additionals from 47
2017-11-29 06:58:52.2065 INFO Retrieving order location
2017-11-29 06:58:52.2205 INFO Location successfully retrieved
2017-11-29 06:58:52.2305 INFO  Getting item name, quantity and additionals from 48
2017-11-29 06:58:52.2425 INFO Retrieving order location
2017-11-29 06:58:52.2560 INFO Location successfully retrieved
2017-11-29 06:58:52.2560 INFO  Getting item name, quantity and additionals from 49
2017-11-29 06:58:52.2785 INFO Retrieving order location
2017-11-29 06:58:52.2915 INFO Location successfully retrieved
2017-11-29 06:58:52.3055 INFO  Getting item name, quantity and additionals from 50
2017-11-29 06:58:52.3216 INFO Retrieving order location
2017-11-29 06:58:52.3376 INFO Location successfully retrieved
2017-11-29 06:58:52.3376 INFO  Getting item name, quantity and additionals from 51
2017-11-29 06:58:52.3586 INFO Retrieving order location
2017-11-29 06:58:52.3696 INFO Location successfully retrieved
2017-11-29 06:58:52.3696 INFO  Getting item name, quantity and additionals from 53
2017-11-29 06:58:52.3876 INFO Retrieving order location
2017-11-29 06:58:52.3876 INFO Location successfully retrieved
2017-11-29 06:58:52.4026 INFO  Getting item name, quantity and additionals from 54
2017-11-29 06:58:52.4026 INFO Retrieving order location
2017-11-29 06:58:52.4186 INFO Location successfully retrieved
2017-11-29 06:58:52.4186 INFO  Getting item name, quantity and additionals from 55
2017-11-29 06:58:52.4346 INFO Retrieving order location
2017-11-29 06:58:52.4346 INFO Location successfully retrieved
2017-11-29 06:58:52.4506 INFO  Getting item name, quantity and additionals from 56
2017-11-29 06:58:52.4506 INFO Retrieving order location
2017-11-29 06:58:52.4667 INFO Location successfully retrieved
2017-11-29 06:58:52.4667 INFO  Getting item name, quantity and additionals from 65
2017-11-29 06:58:52.4827 INFO Retrieving order location
2017-11-29 06:58:52.4827 INFO Location successfully retrieved
2017-11-29 06:58:52.4997 INFO  Getting item name, quantity and additionals from 66
2017-11-29 06:58:52.5117 INFO Retrieving order location
2017-11-29 06:58:52.5247 INFO Location successfully retrieved
2017-11-29 07:22:20.7818 INFO User: Tajay successfully logged in
2017-11-29 08:24:26.7676 INFO User: Tajay successfully logged in
