2017-12-14 11:12:52.3897 WARN Unable to log in user Tajay. Incorrect credentials enterred
2017-12-14 11:12:58.5445 INFO User: TLinton successfully logged in
2017-12-14 12:18:44.2101 INFO User: TLinton successfully logged in
2017-12-14 12:24:29.0350 INFO User: TLinton successfully logged in
2017-12-14 12:24:53.4653 ERROR System.Data.SqlClient.SqlException (0x80131904): Could not find stored procedure ''.
   at System.Data.SqlClient.SqlConnection.OnError(SqlException exception, Boolean breakConnection, Action`1 wrapCloseInAction)
   at System.Data.SqlClient.SqlInternalConnection.OnError(SqlException exception, Boolean breakConnection, Action`1 wrapCloseInAction)
   at System.Data.SqlClient.TdsParser.ThrowExceptionAndWarning(TdsParserStateObject stateObj, Boolean callerHasConnectionLock, Boolean asyncClose)
   at System.Data.SqlClient.TdsParser.TryRun(RunBehavior runBehavior, SqlCommand cmdHandler, SqlDataReader dataStream, BulkCopySimpleResultSet bulkCopyHandler, TdsParserStateObject stateObj, Boolean& dataReady)
   at System.Data.SqlClient.SqlCommand.FinishExecuteReader(SqlDataReader ds, RunBehavior runBehavior, String resetOptionsString, Boolean isInternal, Boolean forDescribeParameterEncryption)
   at System.Data.SqlClient.SqlCommand.RunExecuteReaderTds(CommandBehavior cmdBehavior, RunBehavior runBehavior, Boolean returnStream, Boolean async, Int32 timeout, Task& task, Boolean asyncWrite, Boolean inRetry, SqlDataReader ds, Boolean describeParameterEncryptionRequest)
   at System.Data.SqlClient.SqlCommand.RunExecuteReader(CommandBehavior cmdBehavior, RunBehavior runBehavior, Boolean returnStream, String method, TaskCompletionSource`1 completion, Int32 timeout, Task& task, Boolean& usedCache, Boolean asyncWrite, Boolean inRetry)
   at System.Data.SqlClient.SqlCommand.InternalExecuteNonQuery(TaskCompletionSource`1 completion, String methodName, Boolean sendToPipe, Int32 timeout, Boolean& usedCache, Boolean asyncWrite, Boolean inRetry)
   at System.Data.SqlClient.SqlCommand.ExecuteNonQuery()
   at adaOrderingSys.business_objects.Summary.unfulfillOrders(List`1 orderIDs) in C:\Users\Tajay\Documents\Visual Studio 2013\Projects\ADA\adaOrderingSys\adaOrderingSys\business-objects\Summary.cs:line 205
ClientConnectionId:e8287fcb-8f42-42fc-b014-b3286ae50451
Error Number:2812,State:62,Class:16
2017-12-14 12:26:48.1643 INFO User: TLinton successfully logged in
2017-12-14 12:27:31.4166 INFO  Getting item name, quantity and additionals from 67
2017-12-14 12:27:31.5199 INFO Retrieving order location
2017-12-14 12:27:31.5339 INFO Location successfully retrieved
2017-12-14 12:30:06.7768 INFO User: adauser successfully logged in
2017-12-14 12:34:11.2309 INFO Attempting to create new order.
2017-12-14 12:34:11.2835 INFO New orderd created successfully with ID 69
2017-12-14 12:35:37.0614 INFO Attempting to create new order.
2017-12-14 12:35:37.0854 INFO New orderd created successfully with ID 70
2017-12-14 12:40:05.5024 INFO User: TLinton successfully logged in
2017-12-14 13:20:21.3356 INFO User: adauser successfully logged in
2017-12-14 13:28:44.7543 INFO User: adauser successfully logged in
2017-12-14 13:29:54.6112 INFO Attempting to create new order.
2017-12-14 13:29:54.6702 INFO New orderd created successfully with ID 71
2017-12-14 13:33:02.9984 WARN Unable to log in user adauser. Incorrect credentials enterred
2017-12-14 13:33:09.0401 INFO User: adauser successfully logged in
2017-12-14 13:35:52.4131 INFO Retrieving order location
2017-12-14 13:35:52.4131 INFO Location successfully retrieved
2017-12-14 13:35:52.4371 INFO Getting customer names
2017-12-14 13:35:52.4471 INFO Names successfully receieved
2017-12-14 13:36:01.7624 INFO Updated order 70
2017-12-14 13:36:12.8721 INFO Updated order 70
2017-12-14 13:36:27.1563 INFO Retrieving order location
2017-12-14 13:36:27.1723 INFO Location successfully retrieved
2017-12-14 13:36:27.1823 INFO Getting customer names
2017-12-14 13:36:27.1823 INFO Names successfully receieved
2017-12-14 13:36:41.6056 INFO Updated order 69
2017-12-14 13:36:58.2401 INFO Retrieving order location
2017-12-14 13:36:58.2401 INFO Location successfully retrieved
2017-12-14 13:36:58.2651 INFO Getting customer names
2017-12-14 13:36:58.2751 INFO Names successfully receieved
2017-12-14 13:36:59.1860 INFO Retrieving order location
2017-12-14 13:36:59.1950 INFO Location successfully retrieved
2017-12-14 13:36:59.1950 INFO Getting customer names
2017-12-14 13:36:59.2140 INFO Names successfully receieved
2017-12-14 13:37:00.3297 INFO Retrieving order location
2017-12-14 13:37:00.3407 INFO Location successfully retrieved
2017-12-14 13:37:00.3517 INFO Getting customer names
2017-12-14 13:37:00.3517 INFO Names successfully receieved
2017-12-14 13:39:06.6737 INFO User: adauser successfully logged in
2017-12-14 13:39:27.5297 INFO Retrieving order location
2017-12-14 13:39:27.5467 INFO Location successfully retrieved
2017-12-14 13:39:27.5597 INFO Getting customer names
2017-12-14 13:39:27.5698 INFO Names successfully receieved
2017-12-14 14:24:59.1096 WARN Unable to log in user TLinton. Incorrect credentials enterred
2017-12-14 14:25:04.3763 INFO User: TLinton successfully logged in
2017-12-14 14:25:37.0518 INFO  Getting item name, quantity and additionals from 67
2017-12-14 14:25:37.0668 INFO Retrieving order location
2017-12-14 14:25:37.0858 INFO Location successfully retrieved
2017-12-14 14:28:29.7847 INFO User: TLinton successfully logged in
2017-12-14 14:28:56.2546 INFO  Getting item name, quantity and additionals from 67
2017-12-14 14:28:56.2656 INFO Retrieving order location
2017-12-14 14:28:56.2736 INFO Location successfully retrieved
2017-12-14 14:28:56.2736 INFO  Getting item name, quantity and additionals from 68
2017-12-14 14:28:56.2916 INFO Retrieving order location
2017-12-14 14:28:56.2916 INFO Location successfully retrieved
2017-12-14 16:48:36.1840 INFO User: adauser successfully logged in
2017-12-14 16:50:13.9553 INFO  Getting item name, quantity and additionals from 70
2017-12-14 16:50:13.9693 INFO Retrieving order location
2017-12-14 16:50:13.9783 INFO Location successfully retrieved
2017-12-14 16:50:13.9783 INFO  Getting item name, quantity and additionals from 71
2017-12-14 16:50:13.9933 INFO Retrieving order location
2017-12-14 16:50:14.0063 INFO Location successfully retrieved
2017-12-14 16:51:30.8933 INFO  Getting item name, quantity and additionals from 70
2017-12-14 16:51:30.9053 INFO Retrieving order location
2017-12-14 16:51:30.9143 INFO Location successfully retrieved
2017-12-14 16:51:30.9143 INFO  Getting item name, quantity and additionals from 69
2017-12-14 16:51:30.9313 INFO Retrieving order location
2017-12-14 16:51:30.9313 INFO Location successfully retrieved
2017-12-14 16:51:30.9484 INFO  Getting item name, quantity and additionals from 71
2017-12-14 16:51:30.9484 INFO Retrieving order location
2017-12-14 16:51:30.9664 INFO Location successfully retrieved
2017-12-14 16:57:16.2777 INFO Attempting to create new order.
2017-12-14 16:57:16.3617 ERROR Could not create order
2017-12-14 16:57:16.3717 ERROR System.Data.SqlClient.SqlException (0x80131904): Error converting data type numeric to decimal.
   at System.Data.SqlClient.SqlConnection.OnError(SqlException exception, Boolean breakConnection, Action`1 wrapCloseInAction)
   at System.Data.SqlClient.SqlInternalConnection.OnError(SqlException exception, Boolean breakConnection, Action`1 wrapCloseInAction)
   at System.Data.SqlClient.TdsParser.ThrowExceptionAndWarning(TdsParserStateObject stateObj, Boolean callerHasConnectionLock, Boolean asyncClose)
   at System.Data.SqlClient.TdsParser.TryRun(RunBehavior runBehavior, SqlCommand cmdHandler, SqlDataReader dataStream, BulkCopySimpleResultSet bulkCopyHandler, TdsParserStateObject stateObj, Boolean& dataReady)
   at System.Data.SqlClient.SqlDataReader.TryConsumeMetaData()
   at System.Data.SqlClient.SqlDataReader.get_MetaData()
   at System.Data.SqlClient.SqlCommand.FinishExecuteReader(SqlDataReader ds, RunBehavior runBehavior, String resetOptionsString, Boolean isInternal, Boolean forDescribeParameterEncryption)
   at System.Data.SqlClient.SqlCommand.RunExecuteReaderTds(CommandBehavior cmdBehavior, RunBehavior runBehavior, Boolean returnStream, Boolean async, Int32 timeout, Task& task, Boolean asyncWrite, Boolean inRetry, SqlDataReader ds, Boolean describeParameterEncryptionRequest)
   at System.Data.SqlClient.SqlCommand.RunExecuteReader(CommandBehavior cmdBehavior, RunBehavior runBehavior, Boolean returnStream, String method, TaskCompletionSource`1 completion, Int32 timeout, Task& task, Boolean& usedCache, Boolean asyncWrite, Boolean inRetry)
   at System.Data.SqlClient.SqlCommand.RunExecuteReader(CommandBehavior cmdBehavior, RunBehavior runBehavior, Boolean returnStream, String method)
   at System.Data.SqlClient.SqlCommand.ExecuteScalar()
   at adaOrderingSys.business_objects.ItemsOrdered.insertItemsOrdered(Int32 custID, List`1 itemID, List`1 quantity, List`1 totalItemCost, Decimal totalCost, String location, List`1 additionals, Int32 salesNo, Int32 rowCount) in C:\Users\Tajay\Documents\Visual Studio 2013\Projects\ADA\adaOrderingSys\adaOrderingSys\business-objects\ItemsOrdered.cs:line 157
ClientConnectionId:822077fa-315a-47ea-8a82-701c9bbf441e
Error Number:8114,State:5,Class:16
2017-12-14 16:57:16.3937 INFO Attempting rollback of order 72
2017-12-14 16:57:16.4047 INFO Rollback successful
2017-12-14 17:15:34.5708 INFO User: adauser successfully logged in
2017-12-14 17:16:21.9880 INFO Attempting to create new order.
2017-12-14 17:16:59.6833 INFO New orderd created successfully with ID 73
2017-12-14 17:18:06.5375 INFO Attempting to create new order.
2017-12-14 17:36:57.2798 ERROR Could not create order
2017-12-14 17:36:57.2938 ERROR System.Data.SqlClient.SqlException (0x80131904): Error converting data type numeric to decimal.
   at System.Data.SqlClient.SqlConnection.OnError(SqlException exception, Boolean breakConnection, Action`1 wrapCloseInAction)
   at System.Data.SqlClient.SqlInternalConnection.OnError(SqlException exception, Boolean breakConnection, Action`1 wrapCloseInAction)
   at System.Data.SqlClient.TdsParser.ThrowExceptionAndWarning(TdsParserStateObject stateObj, Boolean callerHasConnectionLock, Boolean asyncClose)
   at System.Data.SqlClient.TdsParser.TryRun(RunBehavior runBehavior, SqlCommand cmdHandler, SqlDataReader dataStream, BulkCopySimpleResultSet bulkCopyHandler, TdsParserStateObject stateObj, Boolean& dataReady)
   at System.Data.SqlClient.SqlDataReader.TryConsumeMetaData()
   at System.Data.SqlClient.SqlDataReader.get_MetaData()
   at System.Data.SqlClient.SqlCommand.FinishExecuteReader(SqlDataReader ds, RunBehavior runBehavior, String resetOptionsString, Boolean isInternal, Boolean forDescribeParameterEncryption)
   at System.Data.SqlClient.SqlCommand.RunExecuteReaderTds(CommandBehavior cmdBehavior, RunBehavior runBehavior, Boolean returnStream, Boolean async, Int32 timeout, Task& task, Boolean asyncWrite, Boolean inRetry, SqlDataReader ds, Boolean describeParameterEncryptionRequest)
   at System.Data.SqlClient.SqlCommand.RunExecuteReader(CommandBehavior cmdBehavior, RunBehavior runBehavior, Boolean returnStream, String method, TaskCompletionSource`1 completion, Int32 timeout, Task& task, Boolean& usedCache, Boolean asyncWrite, Boolean inRetry)
   at System.Data.SqlClient.SqlCommand.RunExecuteReader(CommandBehavior cmdBehavior, RunBehavior runBehavior, Boolean returnStream, String method)
   at System.Data.SqlClient.SqlCommand.ExecuteScalar()
   at adaOrderingSys.business_objects.ItemsOrdered.insertItemsOrdered(Int32 custID, List`1 itemID, List`1 quantity, List`1 totalItemCost, Decimal totalCost, String location, List`1 additionals, Int32 salesNo, Int32 rowCount) in C:\Users\Tajay\Documents\Visual Studio 2013\Projects\ADA\adaOrderingSys\adaOrderingSys\business-objects\ItemsOrdered.cs:line 157
ClientConnectionId:268fbc12-e333-4d94-a4e5-9fd332054894
Error Number:8114,State:5,Class:16
2017-12-14 17:36:57.3168 INFO Attempting rollback of order 74
2017-12-14 17:36:57.3338 INFO Rollback successful
2017-12-14 18:02:30.1590 INFO Attempting to create new order.
2017-12-14 18:03:52.9961 INFO New orderd created successfully with ID 77
2017-12-14 18:04:35.5024 INFO Attempting to create new order.
2017-12-14 18:05:36.6146 INFO New orderd created successfully with ID 78
2017-12-14 18:06:04.3056 INFO Retrieving order location
2017-12-14 18:06:04.3056 INFO Location successfully retrieved
2017-12-14 18:06:04.3296 INFO Getting customer names
2017-12-14 18:06:04.3406 INFO Names successfully receieved
2017-12-14 18:06:21.7228 INFO Updated order 77
2017-12-14 18:09:38.2566 INFO User: TLinton successfully logged in
2017-12-14 18:11:08.6922 INFO User: adauser successfully logged in
2017-12-14 18:11:56.4892 INFO User: adauser successfully logged in
2017-12-14 18:12:26.7405 INFO User: TLinton successfully logged in
2017-12-14 19:48:51.5875 INFO User: TLinton successfully logged in
2017-12-14 19:49:12.9947 INFO Retrieving order location
2017-12-14 19:49:13.0063 INFO Location successfully retrieved
2017-12-14 19:49:13.0063 INFO Getting customer names
2017-12-14 19:49:13.0293 INFO Names successfully receieved
2017-12-14 21:33:37.6740 ERROR System.Data.SqlClient.SqlException (0x80131904): Invalid column name 'unitPrice'.
   at System.Data.SqlClient.SqlConnection.OnError(SqlException exception, Boolean breakConnection, Action`1 wrapCloseInAction)
   at System.Data.SqlClient.SqlInternalConnection.OnError(SqlException exception, Boolean breakConnection, Action`1 wrapCloseInAction)
   at System.Data.SqlClient.TdsParser.ThrowExceptionAndWarning(TdsParserStateObject stateObj, Boolean callerHasConnectionLock, Boolean asyncClose)
   at System.Data.SqlClient.TdsParser.TryRun(RunBehavior runBehavior, SqlCommand cmdHandler, SqlDataReader dataStream, BulkCopySimpleResultSet bulkCopyHandler, TdsParserStateObject stateObj, Boolean& dataReady)
   at System.Data.SqlClient.SqlDataReader.TryConsumeMetaData()
   at System.Data.SqlClient.SqlDataReader.get_MetaData()
   at System.Data.SqlClient.SqlCommand.FinishExecuteReader(SqlDataReader ds, RunBehavior runBehavior, String resetOptionsString, Boolean isInternal, Boolean forDescribeParameterEncryption)
   at System.Data.SqlClient.SqlCommand.RunExecuteReaderTds(CommandBehavior cmdBehavior, RunBehavior runBehavior, Boolean returnStream, Boolean async, Int32 timeout, Task& task, Boolean asyncWrite, Boolean inRetry, SqlDataReader ds, Boolean describeParameterEncryptionRequest)
   at System.Data.SqlClient.SqlCommand.RunExecuteReader(CommandBehavior cmdBehavior, RunBehavior runBehavior, Boolean returnStream, String method, TaskCompletionSource`1 completion, Int32 timeout, Task& task, Boolean& usedCache, Boolean asyncWrite, Boolean inRetry)
   at System.Data.SqlClient.SqlCommand.RunExecuteReader(CommandBehavior cmdBehavior, RunBehavior runBehavior, Boolean returnStream, String method)
   at System.Data.SqlClient.SqlCommand.ExecuteScalar()
   at adaOrderingSys.Item.getUnitPriceOfItem(String itemID) in C:\Users\Tajay\Documents\Visual Studio 2013\Projects\ADA\adaOrderingSys\adaOrderingSys\business-objects\Item.cs:line 222
ClientConnectionId:a5d5ed16-f089-482d-ac88-98daf172d301
Error Number:207,State:1,Class:16
2017-12-14 21:33:41.6989 ERROR System.Data.SqlClient.SqlException (0x80131904): Invalid column name 'unitPrice'.
   at System.Data.SqlClient.SqlConnection.OnError(SqlException exception, Boolean breakConnection, Action`1 wrapCloseInAction)
   at System.Data.SqlClient.SqlInternalConnection.OnError(SqlException exception, Boolean breakConnection, Action`1 wrapCloseInAction)
   at System.Data.SqlClient.TdsParser.ThrowExceptionAndWarning(TdsParserStateObject stateObj, Boolean callerHasConnectionLock, Boolean asyncClose)
   at System.Data.SqlClient.TdsParser.TryRun(RunBehavior runBehavior, SqlCommand cmdHandler, SqlDataReader dataStream, BulkCopySimpleResultSet bulkCopyHandler, TdsParserStateObject stateObj, Boolean& dataReady)
   at System.Data.SqlClient.SqlDataReader.TryConsumeMetaData()
   at System.Data.SqlClient.SqlDataReader.get_MetaData()
   at System.Data.SqlClient.SqlCommand.FinishExecuteReader(SqlDataReader ds, RunBehavior runBehavior, String resetOptionsString, Boolean isInternal, Boolean forDescribeParameterEncryption)
   at System.Data.SqlClient.SqlCommand.RunExecuteReaderTds(CommandBehavior cmdBehavior, RunBehavior runBehavior, Boolean returnStream, Boolean async, Int32 timeout, Task& task, Boolean asyncWrite, Boolean inRetry, SqlDataReader ds, Boolean describeParameterEncryptionRequest)
   at System.Data.SqlClient.SqlCommand.RunExecuteReader(CommandBehavior cmdBehavior, RunBehavior runBehavior, Boolean returnStream, String method, TaskCompletionSource`1 completion, Int32 timeout, Task& task, Boolean& usedCache, Boolean asyncWrite, Boolean inRetry)
   at System.Data.SqlClient.SqlCommand.RunExecuteReader(CommandBehavior cmdBehavior, RunBehavior runBehavior, Boolean returnStream, String method)
   at System.Data.SqlClient.SqlCommand.ExecuteScalar()
   at adaOrderingSys.Item.getUnitPriceOfItem(String itemID) in C:\Users\Tajay\Documents\Visual Studio 2013\Projects\ADA\adaOrderingSys\adaOrderingSys\business-objects\Item.cs:line 222
ClientConnectionId:a5d5ed16-f089-482d-ac88-98daf172d301
Error Number:207,State:1,Class:16
2017-12-14 21:33:51.4594 ERROR System.Data.SqlClient.SqlException (0x80131904): Invalid column name 'unitPrice'.
   at System.Data.SqlClient.SqlConnection.OnError(SqlException exception, Boolean breakConnection, Action`1 wrapCloseInAction)
   at System.Data.SqlClient.SqlInternalConnection.OnError(SqlException exception, Boolean breakConnection, Action`1 wrapCloseInAction)
   at System.Data.SqlClient.TdsParser.ThrowExceptionAndWarning(TdsParserStateObject stateObj, Boolean callerHasConnectionLock, Boolean asyncClose)
   at System.Data.SqlClient.TdsParser.TryRun(RunBehavior runBehavior, SqlCommand cmdHandler, SqlDataReader dataStream, BulkCopySimpleResultSet bulkCopyHandler, TdsParserStateObject stateObj, Boolean& dataReady)
   at System.Data.SqlClient.SqlDataReader.TryConsumeMetaData()
   at System.Data.SqlClient.SqlDataReader.get_MetaData()
   at System.Data.SqlClient.SqlCommand.FinishExecuteReader(SqlDataReader ds, RunBehavior runBehavior, String resetOptionsString, Boolean isInternal, Boolean forDescribeParameterEncryption)
   at System.Data.SqlClient.SqlCommand.RunExecuteReaderTds(CommandBehavior cmdBehavior, RunBehavior runBehavior, Boolean returnStream, Boolean async, Int32 timeout, Task& task, Boolean asyncWrite, Boolean inRetry, SqlDataReader ds, Boolean describeParameterEncryptionRequest)
   at System.Data.SqlClient.SqlCommand.RunExecuteReader(CommandBehavior cmdBehavior, RunBehavior runBehavior, Boolean returnStream, String method, TaskCompletionSource`1 completion, Int32 timeout, Task& task, Boolean& usedCache, Boolean asyncWrite, Boolean inRetry)
   at System.Data.SqlClient.SqlCommand.RunExecuteReader(CommandBehavior cmdBehavior, RunBehavior runBehavior, Boolean returnStream, String method)
   at System.Data.SqlClient.SqlCommand.ExecuteScalar()
   at adaOrderingSys.Item.getUnitPriceOfItem(String itemID) in C:\Users\Tajay\Documents\Visual Studio 2013\Projects\ADA\adaOrderingSys\adaOrderingSys\business-objects\Item.cs:line 222
ClientConnectionId:a5d5ed16-f089-482d-ac88-98daf172d301
Error Number:207,State:1,Class:16
2017-12-14 21:33:51.6375 ERROR System.Data.SqlClient.SqlException (0x80131904): Invalid column name 'unitPrice'.
   at System.Data.SqlClient.SqlConnection.OnError(SqlException exception, Boolean breakConnection, Action`1 wrapCloseInAction)
   at System.Data.SqlClient.SqlInternalConnection.OnError(SqlException exception, Boolean breakConnection, Action`1 wrapCloseInAction)
   at System.Data.SqlClient.TdsParser.ThrowExceptionAndWarning(TdsParserStateObject stateObj, Boolean callerHasConnectionLock, Boolean asyncClose)
   at System.Data.SqlClient.TdsParser.TryRun(RunBehavior runBehavior, SqlCommand cmdHandler, SqlDataReader dataStream, BulkCopySimpleResultSet bulkCopyHandler, TdsParserStateObject stateObj, Boolean& dataReady)
   at System.Data.SqlClient.SqlDataReader.TryConsumeMetaData()
   at System.Data.SqlClient.SqlDataReader.get_MetaData()
   at System.Data.SqlClient.SqlCommand.FinishExecuteReader(SqlDataReader ds, RunBehavior runBehavior, String resetOptionsString, Boolean isInternal, Boolean forDescribeParameterEncryption)
   at System.Data.SqlClient.SqlCommand.RunExecuteReaderTds(CommandBehavior cmdBehavior, RunBehavior runBehavior, Boolean returnStream, Boolean async, Int32 timeout, Task& task, Boolean asyncWrite, Boolean inRetry, SqlDataReader ds, Boolean describeParameterEncryptionRequest)
   at System.Data.SqlClient.SqlCommand.RunExecuteReader(CommandBehavior cmdBehavior, RunBehavior runBehavior, Boolean returnStream, String method, TaskCompletionSource`1 completion, Int32 timeout, Task& task, Boolean& usedCache, Boolean asyncWrite, Boolean inRetry)
   at System.Data.SqlClient.SqlCommand.RunExecuteReader(CommandBehavior cmdBehavior, RunBehavior runBehavior, Boolean returnStream, String method)
   at System.Data.SqlClient.SqlCommand.ExecuteScalar()
   at adaOrderingSys.Item.getUnitPriceOfItem(String itemID) in C:\Users\Tajay\Documents\Visual Studio 2013\Projects\ADA\adaOrderingSys\adaOrderingSys\business-objects\Item.cs:line 222
ClientConnectionId:a5d5ed16-f089-482d-ac88-98daf172d301
Error Number:207,State:1,Class:16
2017-12-14 21:33:54.6168 ERROR System.Data.SqlClient.SqlException (0x80131904): Invalid column name 'unitPrice'.
   at System.Data.SqlClient.SqlConnection.OnError(SqlException exception, Boolean breakConnection, Action`1 wrapCloseInAction)
   at System.Data.SqlClient.SqlInternalConnection.OnError(SqlException exception, Boolean breakConnection, Action`1 wrapCloseInAction)
   at System.Data.SqlClient.TdsParser.ThrowExceptionAndWarning(TdsParserStateObject stateObj, Boolean callerHasConnectionLock, Boolean asyncClose)
   at System.Data.SqlClient.TdsParser.TryRun(RunBehavior runBehavior, SqlCommand cmdHandler, SqlDataReader dataStream, BulkCopySimpleResultSet bulkCopyHandler, TdsParserStateObject stateObj, Boolean& dataReady)
   at System.Data.SqlClient.SqlDataReader.TryConsumeMetaData()
   at System.Data.SqlClient.SqlDataReader.get_MetaData()
   at System.Data.SqlClient.SqlCommand.FinishExecuteReader(SqlDataReader ds, RunBehavior runBehavior, String resetOptionsString, Boolean isInternal, Boolean forDescribeParameterEncryption)
   at System.Data.SqlClient.SqlCommand.RunExecuteReaderTds(CommandBehavior cmdBehavior, RunBehavior runBehavior, Boolean returnStream, Boolean async, Int32 timeout, Task& task, Boolean asyncWrite, Boolean inRetry, SqlDataReader ds, Boolean describeParameterEncryptionRequest)
   at System.Data.SqlClient.SqlCommand.RunExecuteReader(CommandBehavior cmdBehavior, RunBehavior runBehavior, Boolean returnStream, String method, TaskCompletionSource`1 completion, Int32 timeout, Task& task, Boolean& usedCache, Boolean asyncWrite, Boolean inRetry)
   at System.Data.SqlClient.SqlCommand.RunExecuteReader(CommandBehavior cmdBehavior, RunBehavior runBehavior, Boolean returnStream, String method)
   at System.Data.SqlClient.SqlCommand.ExecuteScalar()
   at adaOrderingSys.Item.getUnitPriceOfItem(String itemID) in C:\Users\Tajay\Documents\Visual Studio 2013\Projects\ADA\adaOrderingSys\adaOrderingSys\business-objects\Item.cs:line 222
ClientConnectionId:a5d5ed16-f089-482d-ac88-98daf172d301
Error Number:207,State:1,Class:16
2017-12-14 21:33:57.9661 ERROR System.Data.SqlClient.SqlException (0x80131904): Invalid column name 'unitPrice'.
   at System.Data.SqlClient.SqlConnection.OnError(SqlException exception, Boolean breakConnection, Action`1 wrapCloseInAction)
   at System.Data.SqlClient.SqlInternalConnection.OnError(SqlException exception, Boolean breakConnection, Action`1 wrapCloseInAction)
   at System.Data.SqlClient.TdsParser.ThrowExceptionAndWarning(TdsParserStateObject stateObj, Boolean callerHasConnectionLock, Boolean asyncClose)
   at System.Data.SqlClient.TdsParser.TryRun(RunBehavior runBehavior, SqlCommand cmdHandler, SqlDataReader dataStream, BulkCopySimpleResultSet bulkCopyHandler, TdsParserStateObject stateObj, Boolean& dataReady)
   at System.Data.SqlClient.SqlDataReader.TryConsumeMetaData()
   at System.Data.SqlClient.SqlDataReader.get_MetaData()
   at System.Data.SqlClient.SqlCommand.FinishExecuteReader(SqlDataReader ds, RunBehavior runBehavior, String resetOptionsString, Boolean isInternal, Boolean forDescribeParameterEncryption)
   at System.Data.SqlClient.SqlCommand.RunExecuteReaderTds(CommandBehavior cmdBehavior, RunBehavior runBehavior, Boolean returnStream, Boolean async, Int32 timeout, Task& task, Boolean asyncWrite, Boolean inRetry, SqlDataReader ds, Boolean describeParameterEncryptionRequest)
   at System.Data.SqlClient.SqlCommand.RunExecuteReader(CommandBehavior cmdBehavior, RunBehavior runBehavior, Boolean returnStream, String method, TaskCompletionSource`1 completion, Int32 timeout, Task& task, Boolean& usedCache, Boolean asyncWrite, Boolean inRetry)
   at System.Data.SqlClient.SqlCommand.RunExecuteReader(CommandBehavior cmdBehavior, RunBehavior runBehavior, Boolean returnStream, String method)
   at System.Data.SqlClient.SqlCommand.ExecuteScalar()
   at adaOrderingSys.Item.getUnitPriceOfItem(String itemID) in C:\Users\Tajay\Documents\Visual Studio 2013\Projects\ADA\adaOrderingSys\adaOrderingSys\business-objects\Item.cs:line 222
ClientConnectionId:a5d5ed16-f089-482d-ac88-98daf172d301
Error Number:207,State:1,Class:16
2017-12-14 21:34:19.9094 ERROR System.InvalidOperationException: Rows cannot be programmatically added to the DataGridView's rows collection when the control is data-bound.
   at System.Windows.Forms.DataGridViewRowCollection.Add(Object[] values)
   at adaOrderingSys.AddNewItem.btn_Submit_Click(Object sender, EventArgs e) in C:\Users\Tajay\Documents\Visual Studio 2013\Projects\ADA\adaOrderingSys\adaOrderingSys\AddNewItem.cs:line 181
   at System.Windows.Forms.Control.OnClick(EventArgs e)
   at System.Windows.Forms.Button.OnClick(EventArgs e)
   at System.Windows.Forms.Button.OnMouseUp(MouseEventArgs mevent)
   at System.Windows.Forms.Control.WmMouseUp(Message& m, MouseButtons button, Int32 clicks)
   at System.Windows.Forms.Control.WndProc(Message& m)
   at System.Windows.Forms.ButtonBase.WndProc(Message& m)
   at System.Windows.Forms.Button.WndProc(Message& m)
   at System.Windows.Forms.Control.ControlNativeWindow.OnMessage(Message& m)
   at System.Windows.Forms.Control.ControlNativeWindow.WndProc(Message& m)
   at System.Windows.Forms.NativeWindow.DebuggableCallback(IntPtr hWnd, Int32 msg, IntPtr wparam, IntPtr lparam)
   at System.Windows.Forms.UnsafeNativeMethods.DispatchMessageW(MSG& msg)
   at System.Windows.Forms.Application.ComponentManager.System.Windows.Forms.UnsafeNativeMethods.IMsoComponentManager.FPushMessageLoop(IntPtr dwComponentID, Int32 reason, Int32 pvLoopData)
   at System.Windows.Forms.Application.ThreadContext.RunMessageLoopInner(Int32 reason, ApplicationContext context)
   at System.Windows.Forms.Application.ThreadContext.RunMessageLoop(Int32 reason, ApplicationContext context)
   at System.Windows.Forms.Application.RunDialog(Form form)
   at System.Windows.Forms.Form.ShowDialog(IWin32Window owner)
   at System.Windows.Forms.Form.ShowDialog()
   at adaOrderingSys.ViewOrders.btnAdd_Click(Object sender, EventArgs e) in C:\Users\Tajay\Documents\Visual Studio 2013\Projects\ADA\adaOrderingSys\adaOrderingSys\ViewOrders.cs:line 557
2017-12-14 21:48:07.5662 INFO User: TLinton successfully logged in
2017-12-14 21:48:20.3669 INFO Retrieving order location
2017-12-14 21:48:20.3849 INFO Location successfully retrieved
2017-12-14 21:48:20.4010 INFO Getting customer names
2017-12-14 21:48:20.4150 INFO Names successfully receieved
2017-12-14 21:48:21.8721 ERROR System.Data.SqlClient.SqlException (0x80131904): Invalid column name 'unitPrice'.
   at System.Data.SqlClient.SqlConnection.OnError(SqlException exception, Boolean breakConnection, Action`1 wrapCloseInAction)
   at System.Data.SqlClient.SqlInternalConnection.OnError(SqlException exception, Boolean breakConnection, Action`1 wrapCloseInAction)
   at System.Data.SqlClient.TdsParser.ThrowExceptionAndWarning(TdsParserStateObject stateObj, Boolean callerHasConnectionLock, Boolean asyncClose)
   at System.Data.SqlClient.TdsParser.TryRun(RunBehavior runBehavior, SqlCommand cmdHandler, SqlDataReader dataStream, BulkCopySimpleResultSet bulkCopyHandler, TdsParserStateObject stateObj, Boolean& dataReady)
   at System.Data.SqlClient.SqlDataReader.TryConsumeMetaData()
   at System.Data.SqlClient.SqlDataReader.get_MetaData()
   at System.Data.SqlClient.SqlCommand.FinishExecuteReader(SqlDataReader ds, RunBehavior runBehavior, String resetOptionsString, Boolean isInternal, Boolean forDescribeParameterEncryption)
   at System.Data.SqlClient.SqlCommand.RunExecuteReaderTds(CommandBehavior cmdBehavior, RunBehavior runBehavior, Boolean returnStream, Boolean async, Int32 timeout, Task& task, Boolean asyncWrite, Boolean inRetry, SqlDataReader ds, Boolean describeParameterEncryptionRequest)
   at System.Data.SqlClient.SqlCommand.RunExecuteReader(CommandBehavior cmdBehavior, RunBehavior runBehavior, Boolean returnStream, String method, TaskCompletionSource`1 completion, Int32 timeout, Task& task, Boolean& usedCache, Boolean asyncWrite, Boolean inRetry)
   at System.Data.SqlClient.SqlCommand.RunExecuteReader(CommandBehavior cmdBehavior, RunBehavior runBehavior, Boolean returnStream, String method)
   at System.Data.SqlClient.SqlCommand.ExecuteScalar()
   at adaOrderingSys.Item.getUnitPriceOfItem(String itemID) in C:\Users\Tajay\Documents\Visual Studio 2013\Projects\ADA\adaOrderingSys\adaOrderingSys\business-objects\Item.cs:line 222
ClientConnectionId:3488ec34-882c-4516-84da-586282e47123
Error Number:207,State:1,Class:16
2017-12-14 21:48:28.1380 ERROR System.Data.SqlClient.SqlException (0x80131904): Invalid column name 'unitPrice'.
   at System.Data.SqlClient.SqlConnection.OnError(SqlException exception, Boolean breakConnection, Action`1 wrapCloseInAction)
   at System.Data.SqlClient.SqlInternalConnection.OnError(SqlException exception, Boolean breakConnection, Action`1 wrapCloseInAction)
   at System.Data.SqlClient.TdsParser.ThrowExceptionAndWarning(TdsParserStateObject stateObj, Boolean callerHasConnectionLock, Boolean asyncClose)
   at System.Data.SqlClient.TdsParser.TryRun(RunBehavior runBehavior, SqlCommand cmdHandler, SqlDataReader dataStream, BulkCopySimpleResultSet bulkCopyHandler, TdsParserStateObject stateObj, Boolean& dataReady)
   at System.Data.SqlClient.SqlDataReader.TryConsumeMetaData()
   at System.Data.SqlClient.SqlDataReader.get_MetaData()
   at System.Data.SqlClient.SqlCommand.FinishExecuteReader(SqlDataReader ds, RunBehavior runBehavior, String resetOptionsString, Boolean isInternal, Boolean forDescribeParameterEncryption)
   at System.Data.SqlClient.SqlCommand.RunExecuteReaderTds(CommandBehavior cmdBehavior, RunBehavior runBehavior, Boolean returnStream, Boolean async, Int32 timeout, Task& task, Boolean asyncWrite, Boolean inRetry, SqlDataReader ds, Boolean describeParameterEncryptionRequest)
   at System.Data.SqlClient.SqlCommand.RunExecuteReader(CommandBehavior cmdBehavior, RunBehavior runBehavior, Boolean returnStream, String method, TaskCompletionSource`1 completion, Int32 timeout, Task& task, Boolean& usedCache, Boolean asyncWrite, Boolean inRetry)
   at System.Data.SqlClient.SqlCommand.RunExecuteReader(CommandBehavior cmdBehavior, RunBehavior runBehavior, Boolean returnStream, String method)
   at System.Data.SqlClient.SqlCommand.ExecuteScalar()
   at adaOrderingSys.Item.getUnitPriceOfItem(String itemID) in C:\Users\Tajay\Documents\Visual Studio 2013\Projects\ADA\adaOrderingSys\adaOrderingSys\business-objects\Item.cs:line 222
ClientConnectionId:3488ec34-882c-4516-84da-586282e47123
Error Number:207,State:1,Class:16
2017-12-14 22:11:07.2437 INFO User: TLinton successfully logged in
2017-12-14 22:11:14.8454 INFO Retrieving order location
2017-12-14 22:11:14.8614 INFO Location successfully retrieved
2017-12-14 22:11:14.8814 INFO Getting customer names
2017-12-14 22:11:14.8924 INFO Names successfully receieved
2017-12-14 22:13:23.6873 INFO User: TLinton successfully logged in
2017-12-14 22:13:28.6678 INFO Retrieving order location
2017-12-14 22:13:28.6798 INFO Location successfully retrieved
2017-12-14 22:13:28.6918 INFO Getting customer names
2017-12-14 22:13:28.7078 INFO Names successfully receieved
2017-12-14 22:14:31.3386 INFO User: TLinton successfully logged in
2017-12-14 22:14:35.7336 INFO Retrieving order location
2017-12-14 22:14:35.7336 INFO Location successfully retrieved
2017-12-14 22:14:35.7576 INFO Getting customer names
2017-12-14 22:14:35.7686 INFO Names successfully receieved
2017-12-14 22:16:38.4917 INFO User: TLinton successfully logged in
2017-12-14 22:17:39.6590 INFO Retrieving order location
2017-12-14 22:17:39.6720 INFO Location successfully retrieved
2017-12-14 22:17:39.6840 INFO Getting customer names
2017-12-14 22:17:39.6840 INFO Names successfully receieved
2017-12-14 22:19:56.9447 INFO Retrieving order location
2017-12-14 22:19:56.9557 INFO Location successfully retrieved
2017-12-14 22:19:56.9667 INFO Getting customer names
2017-12-14 22:19:56.9667 INFO Names successfully receieved
2017-12-14 22:21:44.8027 INFO User: TLinton successfully logged in
2017-12-14 22:21:48.6824 INFO Retrieving order location
2017-12-14 22:21:48.6944 INFO Location successfully retrieved
2017-12-14 22:21:48.7104 INFO Getting customer names
2017-12-14 22:21:48.7234 INFO Names successfully receieved
2017-12-14 22:22:20.6314 INFO Updated order 69
2017-12-14 22:22:33.8184 INFO Retrieving order location
2017-12-14 22:22:33.8314 INFO Location successfully retrieved
2017-12-14 22:22:33.8414 INFO Getting customer names
2017-12-14 22:22:33.8414 INFO Names successfully receieved
2017-12-14 22:22:35.3903 INFO Retrieving order location
2017-12-14 22:22:35.3903 INFO Location successfully retrieved
2017-12-14 22:22:35.4133 INFO Getting customer names
2017-12-14 22:22:35.4225 INFO Names successfully receieved
2017-12-14 22:23:20.3156 INFO Set to delete item: Baby1234
2017-12-14 22:23:25.0797 INFO Updated order 69
2017-12-14 22:23:31.3463 INFO Retrieving order location
2017-12-14 22:23:31.3623 INFO Location successfully retrieved
2017-12-14 22:23:31.3763 INFO Getting customer names
2017-12-14 22:23:31.3763 INFO Names successfully receieved
2017-12-14 22:23:32.6575 INFO Retrieving order location
2017-12-14 22:23:32.6735 INFO Location successfully retrieved
2017-12-14 22:23:32.6855 INFO Getting customer names
2017-12-14 22:23:32.6855 INFO Names successfully receieved
2017-12-14 22:23:48.9641 INFO Updated order 69
2017-12-14 22:23:57.5065 INFO Retrieving order location
2017-12-14 22:23:57.5185 INFO Location successfully retrieved
2017-12-14 22:23:57.5315 INFO Getting customer names
2017-12-14 22:23:57.5475 INFO Names successfully receieved
2017-12-14 22:23:58.7400 INFO Retrieving order location
2017-12-14 22:23:58.7550 INFO Location successfully retrieved
2017-12-14 22:23:58.7670 INFO Getting customer names
2017-12-14 22:23:58.7790 INFO Names successfully receieved
2017-12-14 22:27:11.3089 INFO User: TLinton successfully logged in
2017-12-14 22:27:14.9740 INFO Retrieving order location
2017-12-14 22:27:14.9880 INFO Location successfully retrieved
2017-12-14 22:27:15.0010 INFO Getting customer names
2017-12-14 22:27:15.0010 INFO Names successfully receieved
2017-12-14 22:27:37.6016 INFO Updated order 73
2017-12-14 22:27:52.0655 INFO Updated order 73
2017-12-14 22:28:06.1730 INFO Retrieving order location
2017-12-14 22:28:06.1730 INFO Location successfully retrieved
2017-12-14 22:28:06.1920 INFO Getting customer names
2017-12-14 22:28:06.2000 INFO Names successfully receieved
2017-12-14 22:32:59.5815 INFO User: TLinton successfully logged in
2017-12-14 22:33:20.3054 INFO Retrieving order location
2017-12-14 22:33:20.3154 INFO Location successfully retrieved
2017-12-14 22:33:20.3274 INFO Getting customer names
2017-12-14 22:33:20.3274 INFO Names successfully receieved
2017-12-14 22:33:40.2417 ERROR System.NullReferenceException: Object reference not set to an instance of an object.
   at adaOrderingSys.SummaryForm.btnPrint_Click(Object sender, EventArgs e) in C:\Users\Tajay\Documents\Visual Studio 2013\Projects\ADA\adaOrderingSys\adaOrderingSys\SummaryForm.cs:line 137
2017-12-14 22:37:09.4303 INFO User: TLinton successfully logged in
2017-12-14 22:37:34.7962 INFO  Getting item name, quantity and additionals from 69
2017-12-14 22:37:34.8392 INFO Retrieving order location
2017-12-14 22:37:34.8592 INFO Location successfully retrieved
2017-12-14 22:37:34.8963 INFO  Getting item name, quantity and additionals from 70
2017-12-14 22:37:34.9043 INFO Retrieving order location
2017-12-14 22:37:34.9043 INFO Location successfully retrieved
2017-12-14 22:37:34.9263 INFO  Getting item name, quantity and additionals from 71
2017-12-14 22:37:34.9263 INFO Retrieving order location
2017-12-14 22:37:34.9413 INFO Location successfully retrieved
2017-12-14 22:37:34.9523 INFO  Getting item name, quantity and additionals from 73
2017-12-14 22:37:34.9703 INFO Retrieving order location
2017-12-14 22:37:34.9813 INFO Location successfully retrieved
2017-12-14 22:37:34.9813 INFO  Getting item name, quantity and additionals from 76
2017-12-14 22:37:35.0063 INFO Retrieving order location
2017-12-14 22:37:35.0173 INFO Location successfully retrieved
2017-12-14 22:37:35.0293 INFO  Getting item name, quantity and additionals from 77
2017-12-14 22:37:35.0443 INFO Retrieving order location
2017-12-14 22:37:35.0443 INFO Location successfully retrieved
2017-12-14 22:37:35.0653 INFO  Getting item name, quantity and additionals from 78
2017-12-14 22:37:35.0763 INFO Retrieving order location
2017-12-14 22:37:35.0763 INFO Location successfully retrieved
2017-12-14 22:38:23.0785 INFO Updates made to summary by 
