2017-12-05 07:31:14.6295 INFO User: Tajay successfully logged in
2017-12-05 07:31:27.0948 ERROR System.Data.SqlClient.SqlException (0x80131904): Procedure or function 'usp_changeUserPassword' expects parameter '@userName', which was not supplied.
   at System.Data.SqlClient.SqlConnection.OnError(SqlException exception, Boolean breakConnection, Action`1 wrapCloseInAction)
   at System.Data.SqlClient.SqlInternalConnection.OnError(SqlException exception, Boolean breakConnection, Action`1 wrapCloseInAction)
   at System.Data.SqlClient.TdsParser.ThrowExceptionAndWarning(TdsParserStateObject stateObj, Boolean callerHasConnectionLock, Boolean asyncClose)
   at System.Data.SqlClient.TdsParser.TryRun(RunBehavior runBehavior, SqlCommand cmdHandler, SqlDataReader dataStream, BulkCopySimpleResultSet bulkCopyHandler, TdsParserStateObject stateObj, Boolean& dataReady)
   at System.Data.SqlClient.SqlDataReader.TryConsumeMetaData()
   at System.Data.SqlClient.SqlDataReader.get_MetaData()
   at System.Data.SqlClient.SqlCommand.FinishExecuteReader(SqlDataReader ds, RunBehavior runBehavior, String resetOptionsString, Boolean isInternal, Boolean forDescribeParameterEncryption)
   at System.Data.SqlClient.SqlCommand.RunExecuteReaderTds(CommandBehavior cmdBehavior, RunBehavior runBehavior, Boolean returnStream, Boolean async, Int32 timeout, Task& task, Boolean asyncWrite, Boolean inRetry, SqlDataReader ds, Boolean describeParameterEncryptionRequest)
   at System.Data.SqlClient.SqlCommand.RunExecuteReader(CommandBehavior cmdBehavior, RunBehavior runBehavior, Boolean returnStream, String method, TaskCompletionSource`1 completion, Int32 timeout, Task& task, Boolean& usedCache, Boolean asyncWrite, Boolean inRetry)
   at System.Data.SqlClient.SqlCommand.RunExecuteReader(CommandBehavior cmdBehavior, RunBehavior runBehavior, Boolean returnStream, String method)
   at System.Data.SqlClient.SqlCommand.ExecuteScalar()
   at adaOrderingSys.business_objects.User.changePassword(String uName, String newPassword) in C:\Users\Tajay\Documents\Visual Studio 2013\Projects\ADA\adaOrderingSys\adaOrderingSys\business-objects\User.cs:line 109
ClientConnectionId:23c17cb9-ad3f-4445-8b9c-2818139f8313
Error Number:201,State:4,Class:16
2017-12-05 07:32:20.7927 INFO User: Tajay successfully logged in
2017-12-05 07:34:09.0990 INFO User: Tajay successfully logged in
2017-12-05 07:35:32.0495 INFO User: Tajay successfully logged in
2017-12-05 07:37:55.0528 ERROR System.Data.SqlClient.SqlException (0x80131904): Procedure or function 'usp_changeUserPassword' expects parameter '@userName', which was not supplied.
   at System.Data.SqlClient.SqlConnection.OnError(SqlException exception, Boolean breakConnection, Action`1 wrapCloseInAction)
   at System.Data.SqlClient.SqlInternalConnection.OnError(SqlException exception, Boolean breakConnection, Action`1 wrapCloseInAction)
   at System.Data.SqlClient.TdsParser.ThrowExceptionAndWarning(TdsParserStateObject stateObj, Boolean callerHasConnectionLock, Boolean asyncClose)
   at System.Data.SqlClient.TdsParser.TryRun(RunBehavior runBehavior, SqlCommand cmdHandler, SqlDataReader dataStream, BulkCopySimpleResultSet bulkCopyHandler, TdsParserStateObject stateObj, Boolean& dataReady)
   at System.Data.SqlClient.SqlDataReader.TryConsumeMetaData()
   at System.Data.SqlClient.SqlDataReader.get_MetaData()
   at System.Data.SqlClient.SqlCommand.FinishExecuteReader(SqlDataReader ds, RunBehavior runBehavior, String resetOptionsString, Boolean isInternal, Boolean forDescribeParameterEncryption)
   at System.Data.SqlClient.SqlCommand.RunExecuteReaderTds(CommandBehavior cmdBehavior, RunBehavior runBehavior, Boolean returnStream, Boolean async, Int32 timeout, Task& task, Boolean asyncWrite, Boolean inRetry, SqlDataReader ds, Boolean describeParameterEncryptionRequest)
   at System.Data.SqlClient.SqlCommand.RunExecuteReader(CommandBehavior cmdBehavior, RunBehavior runBehavior, Boolean returnStream, String method, TaskCompletionSource`1 completion, Int32 timeout, Task& task, Boolean& usedCache, Boolean asyncWrite, Boolean inRetry)
   at System.Data.SqlClient.SqlCommand.RunExecuteReader(CommandBehavior cmdBehavior, RunBehavior runBehavior, Boolean returnStream, String method)
   at System.Data.SqlClient.SqlCommand.ExecuteScalar()
   at adaOrderingSys.business_objects.User.changePassword(String uName, String newPassword) in C:\Users\Tajay\Documents\Visual Studio 2013\Projects\ADA\adaOrderingSys\adaOrderingSys\business-objects\User.cs:line 109
ClientConnectionId:230474a1-a462-4db2-aeaa-8c0105cfb3be
Error Number:201,State:4,Class:16
2017-12-05 07:38:08.3284 INFO User: Tajay successfully logged in
2017-12-05 07:39:05.1619 INFO User: Tajay successfully logged in
2017-12-05 07:40:56.2440 INFO User: Tajay successfully logged in
2017-12-05 07:42:06.2379 WARN Unable to log in user Tajay. Incorrect credentials enterred
2017-12-05 07:42:12.1872 INFO User: Tajay successfully logged in
2017-12-05 08:47:09.2069 INFO User: Tajay successfully logged in
2017-12-05 16:01:21.2494 WARN Unable to log in user Tajay. Incorrect credentials enterred
2017-12-05 16:01:27.2004 WARN Unable to log in user Tajay. Incorrect credentials enterred
2017-12-05 16:01:32.4940 WARN Unable to log in user Tajay. Incorrect credentials enterred
2017-12-05 16:01:37.1298 WARN Unable to log in user Tajay. Incorrect credentials enterred
2017-12-05 16:01:41.8154 WARN Unable to log in user Tajay. Incorrect credentials enterred
2017-12-05 16:01:47.5565 WARN Unable to log in user Tajay. Incorrect credentials enterred
2017-12-05 16:01:53.6456 WARN Unable to log in user Tajay. Incorrect credentials enterred
2017-12-05 16:02:50.2724 INFO User: Tajay successfully logged in
2017-12-05 16:03:19.1740 WARN Unable to log in user Tajay. Incorrect credentials enterred
2017-12-05 16:03:25.7869 WARN Unable to log in user Tajay. Incorrect credentials enterred
2017-12-05 16:03:31.5950 INFO User: Tajay successfully logged in
2017-12-05 18:45:48.3956 WARN Unable to log in user Tajay. Incorrect credentials enterred
2017-12-05 18:45:55.9839 WARN Unable to log in user Tajay. Incorrect credentials enterred
2017-12-05 18:46:01.1402 WARN Unable to log in user Tajay. Incorrect credentials enterred
2017-12-05 18:46:07.5685 WARN Unable to log in user Tajay. Incorrect credentials enterred
2017-12-05 18:46:14.5903 INFO User: Tajay successfully logged in
2017-12-05 19:00:53.7628 WARN Unable to log in user Tajay. Incorrect credentials enterred
2017-12-05 19:01:00.2436 INFO User: Tajay successfully logged in
2017-12-05 19:05:33.6630 INFO User: Tajay successfully logged in
