2017-11-05 18:21:33.2173 INFO User: Tajay successfully logged in
2017-11-05 18:30:26.3234 INFO User: Tajay successfully logged in
2017-11-05 18:30:29.7724 ERROR System.Data.SqlClient.SqlException (0x80131904): Conversion failed when converting date and/or time from character string.
   at System.Data.SqlClient.SqlConnection.OnError(SqlException exception, Boolean breakConnection, Action`1 wrapCloseInAction)
   at System.Data.SqlClient.SqlInternalConnection.OnError(SqlException exception, Boolean breakConnection, Action`1 wrapCloseInAction)
   at System.Data.SqlClient.TdsParser.ThrowExceptionAndWarning(TdsParserStateObject stateObj, Boolean callerHasConnectionLock, Boolean asyncClose)
   at System.Data.SqlClient.TdsParser.TryRun(RunBehavior runBehavior, SqlCommand cmdHandler, SqlDataReader dataStream, BulkCopySimpleResultSet bulkCopyHandler, TdsParserStateObject stateObj, Boolean& dataReady)
   at System.Data.SqlClient.SqlDataReader.TryHasMoreRows(Boolean& moreRows)
   at System.Data.SqlClient.SqlDataReader.TryReadInternal(Boolean setTimeout, Boolean& more)
   at System.Data.SqlClient.SqlDataReader.Read()
   at adaOrderingSys.business_objects.Order.getCustNameBasedOnOrderDate(DateTime orderDate) in C:\Users\Tajay\Documents\Visual Studio 2013\Projects\ADA\adaOrderingSys\adaOrderingSys\business-objects\Order.cs:line 49
ClientConnectionId:91c117fe-8215-4ff7-87d0-277b0f70d459
Error Number:241,State:1,Class:16
2017-11-05 18:30:29.8203 ERROR System.Data.SqlClient.SqlException (0x80131904): Conversion failed when converting date and/or time from character string.
   at System.Data.SqlClient.SqlConnection.OnError(SqlException exception, Boolean breakConnection, Action`1 wrapCloseInAction)
   at System.Data.SqlClient.SqlInternalConnection.OnError(SqlException exception, Boolean breakConnection, Action`1 wrapCloseInAction)
   at System.Data.SqlClient.TdsParser.ThrowExceptionAndWarning(TdsParserStateObject stateObj, Boolean callerHasConnectionLock, Boolean asyncClose)
   at System.Data.SqlClient.TdsParser.TryRun(RunBehavior runBehavior, SqlCommand cmdHandler, SqlDataReader dataStream, BulkCopySimpleResultSet bulkCopyHandler, TdsParserStateObject stateObj, Boolean& dataReady)
   at System.Data.SqlClient.SqlDataReader.TryHasMoreRows(Boolean& moreRows)
   at System.Data.SqlClient.SqlDataReader.TryReadInternal(Boolean setTimeout, Boolean& more)
   at System.Data.SqlClient.SqlDataReader.Read()
   at adaOrderingSys.business_objects.Order.getCustNameBasedOnOrderDate(DateTime orderDate) in C:\Users\Tajay\Documents\Visual Studio 2013\Projects\ADA\adaOrderingSys\adaOrderingSys\business-objects\Order.cs:line 49
ClientConnectionId:91c117fe-8215-4ff7-87d0-277b0f70d459
Error Number:241,State:1,Class:16
2017-11-05 18:30:34.3263 ERROR System.Data.SqlClient.SqlException (0x80131904): Conversion failed when converting date and/or time from character string.
   at System.Data.SqlClient.SqlConnection.OnError(SqlException exception, Boolean breakConnection, Action`1 wrapCloseInAction)
   at System.Data.SqlClient.SqlInternalConnection.OnError(SqlException exception, Boolean breakConnection, Action`1 wrapCloseInAction)
   at System.Data.SqlClient.TdsParser.ThrowExceptionAndWarning(TdsParserStateObject stateObj, Boolean callerHasConnectionLock, Boolean asyncClose)
   at System.Data.SqlClient.TdsParser.TryRun(RunBehavior runBehavior, SqlCommand cmdHandler, SqlDataReader dataStream, BulkCopySimpleResultSet bulkCopyHandler, TdsParserStateObject stateObj, Boolean& dataReady)
   at System.Data.SqlClient.SqlDataReader.TryHasMoreRows(Boolean& moreRows)
   at System.Data.SqlClient.SqlDataReader.TryReadInternal(Boolean setTimeout, Boolean& more)
   at System.Data.SqlClient.SqlDataReader.Read()
   at adaOrderingSys.business_objects.Order.getCustNameBasedOnOrderDate(DateTime orderDate) in C:\Users\Tajay\Documents\Visual Studio 2013\Projects\ADA\adaOrderingSys\adaOrderingSys\business-objects\Order.cs:line 49
ClientConnectionId:91c117fe-8215-4ff7-87d0-277b0f70d459
Error Number:241,State:1,Class:16
2017-11-05 18:30:36.7424 INFO Retrieving order location
2017-11-05 18:30:36.7524 INFO Location successfully retrieved
2017-11-05 18:30:36.7644 INFO Getting customer names
2017-11-05 18:30:36.7644 INFO Names successfully receieved
2017-11-05 18:32:48.2899 INFO User: Tajay successfully logged in
2017-11-05 18:35:10.8335 INFO User: Tajay successfully logged in
2017-11-05 18:46:30.4976 INFO User: Tajay successfully logged in
2017-11-05 18:47:40.1741 INFO Attempting to create new order.
2017-11-05 18:47:40.2327 INFO Created order: 21
2017-11-05 18:47:40.2527 INFO New orderd created successfully with ID 21
2017-11-05 19:00:19.3319 INFO Attempting to create new order.
2017-11-05 19:00:19.3855 INFO Created order: 22
2017-11-05 19:00:19.4161 INFO New orderd created successfully with ID 22
2017-11-05 19:02:09.3244 INFO Attempting to create new order.
2017-11-05 19:02:09.3384 INFO Created order: 23
2017-11-05 19:02:09.3704 INFO New orderd created successfully with ID 23
2017-11-05 19:02:44.6851 INFO User: Tajay successfully logged in
