2017-10-04 07:09:49.5360 INFO User: Tajay successfully logged in
2017-10-04 07:10:43.5397 ERROR System.Data.SqlClient.SqlException (0x80131904): Could not find stored procedure 'dbo.usp_getUnfulfilledOrders'.
   at System.Data.SqlClient.SqlConnection.OnError(SqlException exception, Boolean breakConnection, Action`1 wrapCloseInAction)
   at System.Data.SqlClient.SqlInternalConnection.OnError(SqlException exception, Boolean breakConnection, Action`1 wrapCloseInAction)
   at System.Data.SqlClient.TdsParser.ThrowExceptionAndWarning(TdsParserStateObject stateObj, Boolean callerHasConnectionLock, Boolean asyncClose)
   at System.Data.SqlClient.TdsParser.TryRun(RunBehavior runBehavior, SqlCommand cmdHandler, SqlDataReader dataStream, BulkCopySimpleResultSet bulkCopyHandler, TdsParserStateObject stateObj, Boolean& dataReady)
   at System.Data.SqlClient.SqlDataReader.TryConsumeMetaData()
   at System.Data.SqlClient.SqlDataReader.get_MetaData()
   at System.Data.SqlClient.SqlCommand.FinishExecuteReader(SqlDataReader ds, RunBehavior runBehavior, String resetOptionsString, Boolean isInternal, Boolean forDescribeParameterEncryption)
   at System.Data.SqlClient.SqlCommand.RunExecuteReaderTds(CommandBehavior cmdBehavior, RunBehavior runBehavior, Boolean returnStream, Boolean async, Int32 timeout, Task& task, Boolean asyncWrite, Boolean inRetry, SqlDataReader ds, Boolean describeParameterEncryptionRequest)
   at System.Data.SqlClient.SqlCommand.RunExecuteReader(CommandBehavior cmdBehavior, RunBehavior runBehavior, Boolean returnStream, String method, TaskCompletionSource`1 completion, Int32 timeout, Task& task, Boolean& usedCache, Boolean asyncWrite, Boolean inRetry)
   at System.Data.SqlClient.SqlCommand.RunExecuteReader(CommandBehavior cmdBehavior, RunBehavior runBehavior, Boolean returnStream, String method)
   at System.Data.SqlClient.SqlCommand.ExecuteReader(CommandBehavior behavior, String method)
   at System.Data.SqlClient.SqlCommand.ExecuteReader()
   at adaOrderingSys.business_objects.Order.getCustNameBasedOnOrderDate() in C:\Users\Tajay\Documents\Visual Studio 2013\Projects\ADA\adaOrderingSys\adaOrderingSys\business-objects\Order.cs:line 83
ClientConnectionId:ddf6f193-818a-41cf-96da-7b794421024f
Error Number:2812,State:62,Class:16
2017-10-04 07:12:03.2460 ERROR System.Data.SqlClient.SqlException (0x80131904): Could not find stored procedure 'dbo.usp_CompareItemQuantity'.
   at System.Data.SqlClient.SqlConnection.OnError(SqlException exception, Boolean breakConnection, Action`1 wrapCloseInAction)
   at System.Data.SqlClient.SqlInternalConnection.OnError(SqlException exception, Boolean breakConnection, Action`1 wrapCloseInAction)
   at System.Data.SqlClient.TdsParser.ThrowExceptionAndWarning(TdsParserStateObject stateObj, Boolean callerHasConnectionLock, Boolean asyncClose)
   at System.Data.SqlClient.TdsParser.TryRun(RunBehavior runBehavior, SqlCommand cmdHandler, SqlDataReader dataStream, BulkCopySimpleResultSet bulkCopyHandler, TdsParserStateObject stateObj, Boolean& dataReady)
   at System.Data.SqlClient.SqlDataReader.TryConsumeMetaData()
   at System.Data.SqlClient.SqlDataReader.get_MetaData()
   at System.Data.SqlClient.SqlCommand.FinishExecuteReader(SqlDataReader ds, RunBehavior runBehavior, String resetOptionsString, Boolean isInternal, Boolean forDescribeParameterEncryption)
   at System.Data.SqlClient.SqlCommand.RunExecuteReaderTds(CommandBehavior cmdBehavior, RunBehavior runBehavior, Boolean returnStream, Boolean async, Int32 timeout, Task& task, Boolean asyncWrite, Boolean inRetry, SqlDataReader ds, Boolean describeParameterEncryptionRequest)
   at System.Data.SqlClient.SqlCommand.RunExecuteReader(CommandBehavior cmdBehavior, RunBehavior runBehavior, Boolean returnStream, String method, TaskCompletionSource`1 completion, Int32 timeout, Task& task, Boolean& usedCache, Boolean asyncWrite, Boolean inRetry)
   at System.Data.SqlClient.SqlCommand.RunExecuteReader(CommandBehavior cmdBehavior, RunBehavior runBehavior, Boolean returnStream, String method)
   at System.Data.SqlClient.SqlCommand.ExecuteScalar()
   at adaOrderingSys.newOrder.isQuantityEnough(Int32 quantity, String itemID) in C:\Users\Tajay\Documents\Visual Studio 2013\Projects\ADA\adaOrderingSys\adaOrderingSys\newOrder.cs:line 291
ClientConnectionId:ddf6f193-818a-41cf-96da-7b794421024f
Error Number:2812,State:62,Class:16
2017-10-04 07:15:32.2844 ERROR System.Data.SqlClient.SqlException (0x80131904): Could not find stored procedure 'dbo.usp_CompareItemQuantity'.
   at System.Data.SqlClient.SqlConnection.OnError(SqlException exception, Boolean breakConnection, Action`1 wrapCloseInAction)
   at System.Data.SqlClient.SqlInternalConnection.OnError(SqlException exception, Boolean breakConnection, Action`1 wrapCloseInAction)
   at System.Data.SqlClient.TdsParser.ThrowExceptionAndWarning(TdsParserStateObject stateObj, Boolean callerHasConnectionLock, Boolean asyncClose)
   at System.Data.SqlClient.TdsParser.TryRun(RunBehavior runBehavior, SqlCommand cmdHandler, SqlDataReader dataStream, BulkCopySimpleResultSet bulkCopyHandler, TdsParserStateObject stateObj, Boolean& dataReady)
   at System.Data.SqlClient.SqlDataReader.TryConsumeMetaData()
   at System.Data.SqlClient.SqlDataReader.get_MetaData()
   at System.Data.SqlClient.SqlCommand.FinishExecuteReader(SqlDataReader ds, RunBehavior runBehavior, String resetOptionsString, Boolean isInternal, Boolean forDescribeParameterEncryption)
   at System.Data.SqlClient.SqlCommand.RunExecuteReaderTds(CommandBehavior cmdBehavior, RunBehavior runBehavior, Boolean returnStream, Boolean async, Int32 timeout, Task& task, Boolean asyncWrite, Boolean inRetry, SqlDataReader ds, Boolean describeParameterEncryptionRequest)
   at System.Data.SqlClient.SqlCommand.RunExecuteReader(CommandBehavior cmdBehavior, RunBehavior runBehavior, Boolean returnStream, String method, TaskCompletionSource`1 completion, Int32 timeout, Task& task, Boolean& usedCache, Boolean asyncWrite, Boolean inRetry)
   at System.Data.SqlClient.SqlCommand.RunExecuteReader(CommandBehavior cmdBehavior, RunBehavior runBehavior, Boolean returnStream, String method)
   at System.Data.SqlClient.SqlCommand.ExecuteScalar()
   at adaOrderingSys.newOrder.isQuantityEnough(Int32 quantity, String itemID) in C:\Users\Tajay\Documents\Visual Studio 2013\Projects\ADA\adaOrderingSys\adaOrderingSys\newOrder.cs:line 291
ClientConnectionId:ddf6f193-818a-41cf-96da-7b794421024f
Error Number:2812,State:62,Class:16
2017-10-04 07:37:21.0410 INFO User: Tajay successfully logged in
2017-10-04 18:39:47.5599 INFO User: Tajay successfully logged in
2017-10-04 18:44:35.6758 INFO User: Tajay successfully logged in
2017-10-04 18:45:47.7901 INFO Attempting to create new order.
2017-10-04 18:45:47.8957 ERROR System.Data.SqlClient.SqlException (0x80131904): Could not find stored procedure 'dbo.usp_createOrder'.
   at System.Data.SqlClient.SqlConnection.OnError(SqlException exception, Boolean breakConnection, Action`1 wrapCloseInAction)
   at System.Data.SqlClient.SqlInternalConnection.OnError(SqlException exception, Boolean breakConnection, Action`1 wrapCloseInAction)
   at System.Data.SqlClient.TdsParser.ThrowExceptionAndWarning(TdsParserStateObject stateObj, Boolean callerHasConnectionLock, Boolean asyncClose)
   at System.Data.SqlClient.TdsParser.TryRun(RunBehavior runBehavior, SqlCommand cmdHandler, SqlDataReader dataStream, BulkCopySimpleResultSet bulkCopyHandler, TdsParserStateObject stateObj, Boolean& dataReady)
   at System.Data.SqlClient.SqlDataReader.TryConsumeMetaData()
   at System.Data.SqlClient.SqlDataReader.get_MetaData()
   at System.Data.SqlClient.SqlCommand.FinishExecuteReader(SqlDataReader ds, RunBehavior runBehavior, String resetOptionsString, Boolean isInternal, Boolean forDescribeParameterEncryption)
   at System.Data.SqlClient.SqlCommand.RunExecuteReaderTds(CommandBehavior cmdBehavior, RunBehavior runBehavior, Boolean returnStream, Boolean async, Int32 timeout, Task& task, Boolean asyncWrite, Boolean inRetry, SqlDataReader ds, Boolean describeParameterEncryptionRequest)
   at System.Data.SqlClient.SqlCommand.RunExecuteReader(CommandBehavior cmdBehavior, RunBehavior runBehavior, Boolean returnStream, String method, TaskCompletionSource`1 completion, Int32 timeout, Task& task, Boolean& usedCache, Boolean asyncWrite, Boolean inRetry)
   at System.Data.SqlClient.SqlCommand.RunExecuteReader(CommandBehavior cmdBehavior, RunBehavior runBehavior, Boolean returnStream, String method)
   at System.Data.SqlClient.SqlCommand.ExecuteScalar()
   at adaOrderingSys.business_objects.ItemsOrdered.insertItemsOrdered(Int32 custID, List`1 itemID, List`1 quantity, List`1 totalItemCost, Decimal totalCost, String location, List`1 additionals, Int32 salesNo, Int32 rowCount) in C:\Users\Tajay\Documents\Visual Studio 2013\Projects\ADA\adaOrderingSys\adaOrderingSys\business-objects\ItemsOrdered.cs:line 181
ClientConnectionId:a5dd6101-30ef-4895-8479-1727c8efef38
Error Number:2812,State:62,Class:16
2017-10-04 19:19:06.9967 INFO User: Tajay successfully logged in
2017-10-04 19:19:43.0980 INFO Attempting to create new order.
2017-10-04 19:19:43.1416 ERROR System.Data.SqlClient.SqlException (0x80131904): Could not find stored procedure 'dbo.usp_createOrder'.
   at System.Data.SqlClient.SqlConnection.OnError(SqlException exception, Boolean breakConnection, Action`1 wrapCloseInAction)
   at System.Data.SqlClient.SqlInternalConnection.OnError(SqlException exception, Boolean breakConnection, Action`1 wrapCloseInAction)
   at System.Data.SqlClient.TdsParser.ThrowExceptionAndWarning(TdsParserStateObject stateObj, Boolean callerHasConnectionLock, Boolean asyncClose)
   at System.Data.SqlClient.TdsParser.TryRun(RunBehavior runBehavior, SqlCommand cmdHandler, SqlDataReader dataStream, BulkCopySimpleResultSet bulkCopyHandler, TdsParserStateObject stateObj, Boolean& dataReady)
   at System.Data.SqlClient.SqlDataReader.TryConsumeMetaData()
   at System.Data.SqlClient.SqlDataReader.get_MetaData()
   at System.Data.SqlClient.SqlCommand.FinishExecuteReader(SqlDataReader ds, RunBehavior runBehavior, String resetOptionsString, Boolean isInternal, Boolean forDescribeParameterEncryption)
   at System.Data.SqlClient.SqlCommand.RunExecuteReaderTds(CommandBehavior cmdBehavior, RunBehavior runBehavior, Boolean returnStream, Boolean async, Int32 timeout, Task& task, Boolean asyncWrite, Boolean inRetry, SqlDataReader ds, Boolean describeParameterEncryptionRequest)
   at System.Data.SqlClient.SqlCommand.RunExecuteReader(CommandBehavior cmdBehavior, RunBehavior runBehavior, Boolean returnStream, String method, TaskCompletionSource`1 completion, Int32 timeout, Task& task, Boolean& usedCache, Boolean asyncWrite, Boolean inRetry)
   at System.Data.SqlClient.SqlCommand.RunExecuteReader(CommandBehavior cmdBehavior, RunBehavior runBehavior, Boolean returnStream, String method)
   at System.Data.SqlClient.SqlCommand.ExecuteScalar()
   at adaOrderingSys.business_objects.ItemsOrdered.insertItemsOrdered(Int32 custID, List`1 itemID, List`1 quantity, List`1 totalItemCost, Decimal totalCost, String location, List`1 additionals, Int32 salesNo, Int32 rowCount) in C:\Users\Tajay\Documents\Visual Studio 2013\Projects\ADA\adaOrderingSys\adaOrderingSys\business-objects\ItemsOrdered.cs:line 181
ClientConnectionId:bfad7716-4c48-4bcd-8174-a4da52565a69
Error Number:2812,State:62,Class:16
2017-10-04 19:20:10.5849 INFO Attempting to create new order.
2017-10-04 19:20:56.2008 ERROR System.Data.SqlClient.SqlException (0x80131904): Could not find stored procedure 'dbo.usp_createOrder'.
   at System.Data.SqlClient.SqlConnection.OnError(SqlException exception, Boolean breakConnection, Action`1 wrapCloseInAction)
   at System.Data.SqlClient.SqlInternalConnection.OnError(SqlException exception, Boolean breakConnection, Action`1 wrapCloseInAction)
   at System.Data.SqlClient.TdsParser.ThrowExceptionAndWarning(TdsParserStateObject stateObj, Boolean callerHasConnectionLock, Boolean asyncClose)
   at System.Data.SqlClient.TdsParser.TryRun(RunBehavior runBehavior, SqlCommand cmdHandler, SqlDataReader dataStream, BulkCopySimpleResultSet bulkCopyHandler, TdsParserStateObject stateObj, Boolean& dataReady)
   at System.Data.SqlClient.SqlDataReader.TryConsumeMetaData()
   at System.Data.SqlClient.SqlDataReader.get_MetaData()
   at System.Data.SqlClient.SqlCommand.FinishExecuteReader(SqlDataReader ds, RunBehavior runBehavior, String resetOptionsString, Boolean isInternal, Boolean forDescribeParameterEncryption)
   at System.Data.SqlClient.SqlCommand.RunExecuteReaderTds(CommandBehavior cmdBehavior, RunBehavior runBehavior, Boolean returnStream, Boolean async, Int32 timeout, Task& task, Boolean asyncWrite, Boolean inRetry, SqlDataReader ds, Boolean describeParameterEncryptionRequest)
   at System.Data.SqlClient.SqlCommand.RunExecuteReader(CommandBehavior cmdBehavior, RunBehavior runBehavior, Boolean returnStream, String method, TaskCompletionSource`1 completion, Int32 timeout, Task& task, Boolean& usedCache, Boolean asyncWrite, Boolean inRetry)
   at System.Data.SqlClient.SqlCommand.RunExecuteReader(CommandBehavior cmdBehavior, RunBehavior runBehavior, Boolean returnStream, String method)
   at System.Data.SqlClient.SqlCommand.ExecuteScalar()
   at adaOrderingSys.business_objects.ItemsOrdered.insertItemsOrdered(Int32 custID, List`1 itemID, List`1 quantity, List`1 totalItemCost, Decimal totalCost, String location, List`1 additionals, Int32 salesNo, Int32 rowCount) in C:\Users\Tajay\Documents\Visual Studio 2013\Projects\ADA\adaOrderingSys\adaOrderingSys\business-objects\ItemsOrdered.cs:line 181
ClientConnectionId:bfad7716-4c48-4bcd-8174-a4da52565a69
Error Number:2812,State:62,Class:16
2017-10-04 19:21:06.4767 INFO Attempting to create new order.
2017-10-04 19:21:28.0684 ERROR System.NullReferenceException: Object reference not set to an instance of an object.
   at adaOrderingSys.business_objects.ItemsOrdered.insertItemsOrdered(Int32 custID, List`1 itemID, List`1 quantity, List`1 totalItemCost, Decimal totalCost, String location, List`1 additionals, Int32 salesNo, Int32 rowCount) in C:\Users\Tajay\Documents\Visual Studio 2013\Projects\ADA\adaOrderingSys\adaOrderingSys\business-objects\ItemsOrdered.cs:line 181
2017-10-04 19:21:56.3009 INFO Attempting to create new order.
2017-10-04 19:22:10.8065 ERROR System.NullReferenceException: Object reference not set to an instance of an object.
   at adaOrderingSys.business_objects.ItemsOrdered.insertItemsOrdered(Int32 custID, List`1 itemID, List`1 quantity, List`1 totalItemCost, Decimal totalCost, String location, List`1 additionals, Int32 salesNo, Int32 rowCount) in C:\Users\Tajay\Documents\Visual Studio 2013\Projects\ADA\adaOrderingSys\adaOrderingSys\business-objects\ItemsOrdered.cs:line 181
2017-10-04 19:26:25.0976 INFO Attempting to create new order.
2017-10-04 19:26:25.1301 INFO Created order: 11
2017-10-04 19:26:25.1882 ERROR System.NullReferenceException: Object reference not set to an instance of an object.
   at adaOrderingSys.business_objects.ItemsOrdered.insertItemsOrdered(Int32 custID, List`1 itemID, List`1 quantity, List`1 totalItemCost, Decimal totalCost, String location, List`1 additionals, Int32 salesNo, Int32 rowCount)
2017-10-04 19:26:51.1320 INFO Attempting to create new order.
2017-10-04 19:27:02.4973 INFO Created order: 12
2017-10-04 19:27:35.6841 ERROR System.NullReferenceException: Object reference not set to an instance of an object.
   at adaOrderingSys.business_objects.ItemsOrdered.insertItemsOrdered(Int32 custID, List`1 itemID, List`1 quantity, List`1 totalItemCost, Decimal totalCost, String location, List`1 additionals, Int32 salesNo, Int32 rowCount)
2017-10-04 19:28:21.2279 INFO Attempting to create new order.
2017-10-04 19:28:22.6469 INFO Created order: 13
2017-10-04 19:28:22.6794 INFO New orderd created successfully with ID 13
