2017-11-26 14:34:55.5556 INFO User: Tajay successfully logged in
2017-11-26 14:35:30.0549 INFO Retrieving order location
2017-11-26 14:35:30.1228 INFO Location successfully retrieved
2017-11-26 14:35:30.1415 INFO Getting customer names
2017-11-26 14:35:30.1459 INFO Names successfully receieved
2017-11-26 18:41:44.6752 INFO Retrieving order location
2017-11-26 18:41:44.7533 INFO Location successfully retrieved
2017-11-26 18:41:44.7689 INFO Getting customer names
2017-11-26 18:41:44.8002 INFO Names successfully receieved
2017-11-26 19:31:57.8874 INFO User: Tajay successfully logged in
2017-11-26 19:32:13.3347 INFO Retrieving order location
2017-11-26 19:32:13.3347 INFO Location successfully retrieved
2017-11-26 19:32:13.3517 INFO Getting customer names
2017-11-26 19:32:13.3517 INFO Names successfully receieved
2017-11-26 21:28:19.7417 INFO User: Tajay successfully logged in
2017-11-26 21:31:16.3656 WARN Unable to log in user adauser. Incorrect credentials enterred
2017-11-26 21:31:24.1634 WARN Unable to log in user adauser. Incorrect credentials enterred
2017-11-26 21:31:33.0719 INFO User: adauser successfully logged in
2017-11-26 21:57:04.9676 INFO User: Tajay successfully logged in
2017-11-26 21:57:43.8050 INFO Retrieving order location
2017-11-26 21:57:43.8050 INFO Location successfully retrieved
2017-11-26 21:57:43.8246 INFO Getting customer names
2017-11-26 21:57:43.8321 INFO Names successfully receieved
2017-11-26 22:18:12.6150 INFO User: Tajay successfully logged in
2017-11-26 22:18:24.1382 INFO Retrieving order location
2017-11-26 22:18:24.1518 INFO Location successfully retrieved
2017-11-26 22:18:24.1598 INFO Getting customer names
2017-11-26 22:18:24.1598 INFO Names successfully receieved
