2017-12-12 01:36:54.7105 INFO User: Tajay successfully logged in
2017-12-12 01:38:54.0697 INFO User: Tajay successfully logged in
2017-12-12 01:48:15.1866 INFO User: Tajay successfully logged in
2017-12-12 01:51:23.4234 INFO User: Tajay successfully logged in
2017-12-12 02:01:10.8293 INFO User: Tajay successfully logged in
2017-12-12 02:03:56.2527 INFO User: Tajay successfully logged in
2017-12-12 02:04:19.1898 INFO Uodates made to summary by 
2017-12-12 02:04:48.2536 ERROR System.InvalidOperationException: Update requires the DeleteCommand to have a connection object. The Connection property of the DeleteCommand has not been initialized.
   at System.Data.Common.DbDataAdapter.UpdatedRowStatusErrors(RowUpdatedEventArgs rowUpdatedEvent, BatchCommandInfo[] batchCommands, Int32 commandCount)
   at System.Data.Common.DbDataAdapter.UpdatedRowStatus(RowUpdatedEventArgs rowUpdatedEvent, BatchCommandInfo[] batchCommands, Int32 commandCount)
   at System.Data.Common.DbDataAdapter.Update(DataRow[] dataRows, DataTableMapping tableMapping)
   at System.Data.Common.DbDataAdapter.UpdateFromDataTable(DataTable dataTable, DataTableMapping tableMapping)
   at System.Data.Common.DbDataAdapter.Update(DataTable dataTable)
   at adaOrderingSys.ViewLoadingSheets.button1_Click(Object sender, EventArgs e) in C:\Users\Tajay\Documents\Visual Studio 2013\Projects\ADA\adaOrderingSys\adaOrderingSys\ViewLoadingSheets.cs:line 78
2017-12-12 02:06:28.3789 INFO User: Tajay successfully logged in
2017-12-12 02:06:38.0170 ERROR System.Data.SqlClient.SqlException (0x80131904): Procedure or function 'usp_RemoveSummary' expects parameter '@summaryID', which was not supplied.
   at System.Data.Common.DbDataAdapter.UpdatedRowStatusErrors(RowUpdatedEventArgs rowUpdatedEvent, BatchCommandInfo[] batchCommands, Int32 commandCount)
   at System.Data.Common.DbDataAdapter.UpdatedRowStatus(RowUpdatedEventArgs rowUpdatedEvent, BatchCommandInfo[] batchCommands, Int32 commandCount)
   at System.Data.Common.DbDataAdapter.Update(DataRow[] dataRows, DataTableMapping tableMapping)
   at System.Data.Common.DbDataAdapter.UpdateFromDataTable(DataTable dataTable, DataTableMapping tableMapping)
   at System.Data.Common.DbDataAdapter.Update(DataTable dataTable)
   at adaOrderingSys.ViewLoadingSheets.button1_Click(Object sender, EventArgs e) in C:\Users\Tajay\Documents\Visual Studio 2013\Projects\ADA\adaOrderingSys\adaOrderingSys\ViewLoadingSheets.cs:line 78
ClientConnectionId:abf4d865-b2b4-4e1a-a1b0-a70d8ff20507
Error Number:201,State:4,Class:16
2017-12-12 02:08:09.6306 INFO User: Tajay successfully logged in
2017-12-12 02:12:10.5568 INFO User: Tajay successfully logged in
2017-12-12 02:13:23.8026 INFO Retrieving order location
2017-12-12 02:13:23.8136 INFO Location successfully retrieved
2017-12-12 02:13:23.8216 INFO Getting customer names
2017-12-12 02:13:23.8586 INFO Names successfully receieved
2017-12-12 02:17:01.0711 INFO User: Tajay successfully logged in
2017-12-12 02:17:09.2766 INFO Retrieving order location
2017-12-12 02:17:09.2766 INFO Location successfully retrieved
2017-12-12 02:17:09.2977 INFO Getting customer names
2017-12-12 02:17:09.3097 INFO Names successfully receieved
2017-12-12 02:17:39.0898 INFO Updated order 67
2017-12-12 02:18:02.4908 INFO Retrieving order location
2017-12-12 02:18:02.5008 INFO Location successfully retrieved
2017-12-12 02:18:02.5108 INFO Getting customer names
2017-12-12 02:18:02.5108 INFO Names successfully receieved
