2017-11-19 19:33:58.4291 INFO User: Tajay successfully logged in
2017-11-19 19:34:10.6803 INFO  Getting item name, quantity and additionals from 17
2017-11-19 19:34:10.6803 INFO Success
2017-11-19 19:34:10.6983 INFO  Getting item name, quantity and additionals from 21
2017-11-19 19:34:10.6983 INFO Success
2017-11-19 19:34:10.7123 INFO  Getting item name, quantity and additionals from 22
2017-11-19 19:34:10.7123 INFO Success
2017-11-19 19:34:10.7263 INFO  Getting item name, quantity and additionals from 35
2017-11-19 19:34:10.7263 INFO Success
2017-11-19 19:59:21.3066 INFO User: Tajay successfully logged in
2017-11-19 19:59:44.5293 INFO  Getting item name, quantity and additionals from 17
2017-11-19 19:59:44.5293 INFO Success
2017-11-19 19:59:44.5463 INFO Retrieving order location
2017-11-19 19:59:44.5463 INFO Location successfully retrieved
2017-11-19 19:59:44.5593 INFO  Getting item name, quantity and additionals from 18
2017-11-19 19:59:44.5593 INFO Success
2017-11-19 19:59:44.5713 INFO Retrieving order location
2017-11-19 19:59:44.5713 INFO Location successfully retrieved
2017-11-19 19:59:44.5713 INFO  Getting item name, quantity and additionals from 19
2017-11-19 19:59:44.5893 INFO Success
2017-11-19 19:59:44.5893 INFO Retrieving order location
2017-11-19 19:59:44.5893 INFO Location successfully retrieved
2017-11-19 19:59:44.6063 INFO  Getting item name, quantity and additionals from 21
2017-11-19 19:59:44.6063 INFO Success
2017-11-19 19:59:44.6193 INFO Retrieving order location
2017-11-19 19:59:44.6193 INFO Location successfully retrieved
2017-11-19 19:59:44.6193 INFO  Getting item name, quantity and additionals from 22
2017-11-19 19:59:44.6383 INFO Success
2017-11-19 19:59:44.6493 INFO Retrieving order location
2017-11-19 19:59:44.6643 INFO Location successfully retrieved
2017-11-19 19:59:44.6643 INFO  Getting item name, quantity and additionals from 23
2017-11-19 19:59:44.6813 INFO Success
2017-11-19 19:59:44.6813 INFO Retrieving order location
2017-11-19 19:59:44.6954 INFO Location successfully retrieved
2017-11-19 19:59:44.6954 INFO  Getting item name, quantity and additionals from 24
2017-11-19 19:59:44.6954 INFO Success
2017-11-19 19:59:44.7164 INFO Retrieving order location
2017-11-19 19:59:44.7164 INFO Location successfully retrieved
2017-11-19 19:59:44.7274 INFO  Getting item name, quantity and additionals from 25
2017-11-19 19:59:44.7274 INFO Success
2017-11-19 19:59:44.7274 INFO Retrieving order location
2017-11-19 19:59:44.7464 INFO Location successfully retrieved
2017-11-19 19:59:44.7464 INFO  Getting item name, quantity and additionals from 26
2017-11-19 19:59:44.7604 INFO Success
2017-11-19 19:59:44.7604 INFO Retrieving order location
2017-11-19 19:59:44.7604 INFO Location successfully retrieved
2017-11-19 19:59:44.7804 INFO  Getting item name, quantity and additionals from 27
2017-11-19 19:59:44.7804 INFO Success
2017-11-19 19:59:44.7934 INFO Retrieving order location
2017-11-19 19:59:44.7934 INFO Location successfully retrieved
2017-11-19 19:59:44.8054 INFO  Getting item name, quantity and additionals from 28
2017-11-19 19:59:44.8054 INFO Success
2017-11-19 19:59:44.8054 INFO Retrieving order location
2017-11-19 19:59:44.8984 INFO Location successfully retrieved
2017-11-19 19:59:44.8984 INFO  Getting item name, quantity and additionals from 33
2017-11-19 19:59:44.8984 INFO Success
2017-11-19 19:59:44.9154 INFO Retrieving order location
2017-11-19 19:59:44.9154 INFO Location successfully retrieved
2017-11-19 19:59:44.9154 INFO  Getting item name, quantity and additionals from 35
2017-11-19 19:59:44.9324 INFO Success
2017-11-19 19:59:44.9324 INFO Retrieving order location
2017-11-19 19:59:44.9324 INFO Location successfully retrieved
2017-11-19 20:03:07.9756 INFO User: Tajay successfully logged in
2017-11-19 20:03:16.0105 INFO  Getting item name, quantity and additionals from 17
2017-11-19 20:03:16.0105 INFO Success
2017-11-19 20:03:16.0245 INFO Retrieving order location
2017-11-19 20:03:16.0245 INFO Location successfully retrieved
2017-11-19 20:03:16.0245 INFO  Getting item name, quantity and additionals from 18
2017-11-19 20:03:16.0455 INFO Success
2017-11-19 20:03:16.0455 INFO Retrieving order location
2017-11-19 20:03:16.0565 INFO Location successfully retrieved
2017-11-19 20:03:16.0565 INFO  Getting item name, quantity and additionals from 19
2017-11-19 20:03:16.0565 INFO Success
2017-11-19 20:03:16.0755 INFO Retrieving order location
2017-11-19 20:03:16.0755 INFO Location successfully retrieved
2017-11-19 20:03:16.0925 INFO  Getting item name, quantity and additionals from 21
2017-11-19 20:03:16.0925 INFO Success
2017-11-19 20:03:16.1065 INFO Retrieving order location
2017-11-19 20:03:16.1065 INFO Location successfully retrieved
2017-11-19 20:03:16.1186 INFO  Getting item name, quantity and additionals from 22
2017-11-19 20:03:16.1186 INFO Success
2017-11-19 20:03:16.1186 INFO Retrieving order location
2017-11-19 20:03:16.1376 INFO Location successfully retrieved
2017-11-19 20:04:02.7611 INFO User: Tajay successfully logged in
2017-11-19 20:04:15.8639 INFO  Getting item name, quantity and additionals from 17
2017-11-19 20:04:15.8719 INFO Success
2017-11-19 20:04:21.7043 INFO Retrieving order location
2017-11-19 20:04:21.7143 INFO Location successfully retrieved
2017-11-19 20:04:51.1979 INFO User: Tajay successfully logged in
2017-11-19 20:05:03.7262 INFO  Getting item name, quantity and additionals from 17
2017-11-19 20:05:03.7262 INFO Success
2017-11-19 20:05:07.2936 INFO Retrieving order location
2017-11-19 20:05:07.3046 INFO Location successfully retrieved
2017-11-19 20:05:14.2548 INFO  Getting item name, quantity and additionals from 18
2017-11-19 20:05:14.2688 INFO Success
2017-11-19 20:05:22.2326 INFO Retrieving order location
2017-11-19 20:05:22.2416 INFO Location successfully retrieved
2017-11-19 20:05:22.2416 INFO  Getting item name, quantity and additionals from 19
2017-11-19 20:05:22.2597 INFO Success
2017-11-19 20:05:25.2696 INFO Retrieving order location
2017-11-19 20:05:25.2766 INFO Location successfully retrieved
2017-11-19 20:05:25.2766 INFO  Getting item name, quantity and additionals from 21
2017-11-19 20:05:25.2996 INFO Success
2017-11-19 20:05:28.8685 INFO Retrieving order location
2017-11-19 20:05:28.8685 INFO Location successfully retrieved
2017-11-19 20:05:39.4169 INFO  Getting item name, quantity and additionals from 22
2017-11-19 20:05:39.4169 INFO Success
2017-11-19 20:05:42.4375 INFO Retrieving order location
2017-11-19 20:05:42.4455 INFO Location successfully retrieved
2017-11-19 20:05:42.4455 INFO  Getting item name, quantity and additionals from 23
2017-11-19 20:05:42.4665 INFO Success
2017-11-19 20:05:45.7762 INFO Retrieving order location
2017-11-19 20:05:45.7762 INFO Location successfully retrieved
2017-11-19 20:05:45.7912 INFO  Getting item name, quantity and additionals from 24
2017-11-19 20:05:45.7912 INFO Success
2017-11-19 20:05:48.5292 INFO Retrieving order location
2017-11-19 20:05:48.5292 INFO Location successfully retrieved
2017-11-19 20:05:48.5472 INFO  Getting item name, quantity and additionals from 25
2017-11-19 20:05:48.5592 INFO Success
2017-11-19 20:05:50.7746 INFO Retrieving order location
2017-11-19 20:05:50.7746 INFO Location successfully retrieved
2017-11-19 20:05:50.7916 INFO  Getting item name, quantity and additionals from 26
2017-11-19 20:05:50.7916 INFO Success
2017-11-19 20:05:55.2753 INFO Retrieving order location
2017-11-19 20:05:55.2753 INFO Location successfully retrieved
2017-11-19 20:05:55.2943 INFO  Getting item name, quantity and additionals from 27
2017-11-19 20:05:55.3053 INFO Success
2017-11-19 20:05:58.1889 INFO Retrieving order location
2017-11-19 20:05:58.1959 INFO Location successfully retrieved
2017-11-19 20:05:58.1959 INFO  Getting item name, quantity and additionals from 28
2017-11-19 20:05:58.2179 INFO Success
2017-11-19 20:05:58.8301 INFO Retrieving order location
2017-11-19 20:05:58.8391 INFO Location successfully retrieved
2017-11-19 20:05:58.8391 INFO  Getting item name, quantity and additionals from 33
2017-11-19 20:05:58.8541 INFO Success
2017-11-19 20:06:01.2795 INFO Retrieving order location
2017-11-19 20:06:01.2925 INFO Location successfully retrieved
2017-11-19 20:06:01.2925 INFO  Getting item name, quantity and additionals from 35
2017-11-19 20:06:01.3226 INFO Success
2017-11-19 20:06:05.6814 INFO Retrieving order location
2017-11-19 20:06:05.6814 INFO Location successfully retrieved
2017-11-19 20:07:24.1571 INFO User: Tajay successfully logged in
2017-11-19 20:08:31.6502 INFO Attempting to create new order.
2017-11-19 20:08:31.7902 INFO New orderd created successfully with ID 36
2017-11-19 20:09:21.0809 INFO Attempting to create new order.
2017-11-19 20:09:21.1059 INFO New orderd created successfully with ID 37
2017-11-19 20:20:06.4377 INFO User: Tajay successfully logged in
2017-11-19 20:28:56.8504 INFO User: Tajay successfully logged in
2017-11-19 21:20:07.9609 INFO User: Tajay successfully logged in
2017-11-19 21:20:34.4874 INFO  Getting item name, quantity and additionals from 17
2017-11-19 21:20:34.5065 INFO Success
2017-11-19 21:20:34.5065 INFO Retrieving order location
2017-11-19 21:20:34.5265 INFO Location successfully retrieved
2017-11-19 21:20:34.5415 INFO  Getting item name, quantity and additionals from 18
2017-11-19 21:20:34.5415 INFO Success
2017-11-19 21:20:34.5601 INFO Retrieving order location
2017-11-19 21:20:34.5691 INFO Location successfully retrieved
2017-11-19 21:20:34.5691 INFO  Getting item name, quantity and additionals from 19
2017-11-19 21:20:34.5901 INFO Success
2017-11-19 21:20:34.6011 INFO Retrieving order location
2017-11-19 21:20:34.6166 INFO Location successfully retrieved
2017-11-19 21:20:34.6166 INFO  Getting item name, quantity and additionals from 21
2017-11-19 21:20:34.6357 INFO Success
2017-11-19 21:20:34.6357 INFO Retrieving order location
2017-11-19 21:20:34.6517 INFO Location successfully retrieved
2017-11-19 21:20:34.6517 INFO  Getting item name, quantity and additionals from 22
2017-11-19 21:20:34.6727 INFO Success
2017-11-19 21:20:34.6828 INFO Retrieving order location
2017-11-19 21:20:34.6828 INFO Location successfully retrieved
2017-11-19 21:20:34.7013 INFO  Getting item name, quantity and additionals from 23
2017-11-19 21:20:34.7103 INFO Success
2017-11-19 21:20:34.7103 INFO Retrieving order location
2017-11-19 21:20:34.7273 INFO Location successfully retrieved
2017-11-19 21:20:34.7273 INFO  Getting item name, quantity and additionals from 24
2017-11-19 21:20:34.7454 INFO Success
2017-11-19 21:20:34.7564 INFO Retrieving order location
2017-11-19 21:20:34.7564 INFO Location successfully retrieved
2017-11-19 21:20:34.7749 INFO  Getting item name, quantity and additionals from 25
2017-11-19 21:20:34.7749 INFO Success
2017-11-19 21:20:34.7934 INFO Retrieving order location
2017-11-19 21:20:34.8045 INFO Location successfully retrieved
2017-11-19 21:20:34.8045 INFO  Getting item name, quantity and additionals from 26
2017-11-19 21:20:34.8225 INFO Success
2017-11-19 21:20:34.8340 INFO Retrieving order location
2017-11-19 21:20:34.8340 INFO Location successfully retrieved
2017-11-19 21:20:34.8545 INFO  Getting item name, quantity and additionals from 27
2017-11-19 21:20:34.8545 INFO Success
2017-11-19 21:20:34.8706 INFO Retrieving order location
2017-11-19 21:20:34.8706 INFO Location successfully retrieved
2017-11-19 21:20:34.8851 INFO  Getting item name, quantity and additionals from 28
2017-11-19 21:20:34.8851 INFO Success
2017-11-19 21:20:34.9016 INFO Retrieving order location
2017-11-19 21:20:34.9016 INFO Location successfully retrieved
2017-11-19 21:20:34.9156 INFO  Getting item name, quantity and additionals from 33
2017-11-19 21:20:34.9156 INFO Success
2017-11-19 21:20:34.9287 INFO Retrieving order location
2017-11-19 21:20:34.9287 INFO Location successfully retrieved
2017-11-19 21:20:34.9287 INFO  Getting item name, quantity and additionals from 35
2017-11-19 21:20:34.9502 INFO Success
2017-11-19 21:20:34.9502 INFO Retrieving order location
2017-11-19 21:20:34.9642 INFO Location successfully retrieved
2017-11-19 21:20:34.9642 INFO  Getting item name, quantity and additionals from 36
2017-11-19 21:20:34.9792 INFO Success
2017-11-19 21:20:34.9792 INFO Retrieving order location
2017-11-19 21:20:34.9923 INFO Location successfully retrieved
2017-11-19 21:20:34.9923 INFO  Getting item name, quantity and additionals from 37
2017-11-19 21:20:34.9923 INFO Success
2017-11-19 21:20:35.0168 INFO Retrieving order location
2017-11-19 21:20:35.0263 INFO Location successfully retrieved
2017-11-19 21:26:19.5401 INFO User: Tajay successfully logged in
2017-11-19 21:26:35.5408 INFO  Getting item name, quantity and additionals from 17
2017-11-19 21:26:35.5608 INFO Success
2017-11-19 21:26:35.5809 INFO Retrieving order location
2017-11-19 21:26:35.5934 INFO Location successfully retrieved
2017-11-19 21:26:35.6059 INFO  Getting item name, quantity and additionals from 18
2017-11-19 21:26:35.6324 INFO Success
2017-11-19 21:26:35.6324 INFO Retrieving order location
2017-11-19 21:26:35.6510 INFO Location successfully retrieved
2017-11-19 21:26:35.6510 INFO  Getting item name, quantity and additionals from 19
2017-11-19 21:26:35.6735 INFO Success
2017-11-19 21:26:35.6825 INFO Retrieving order location
2017-11-19 21:26:35.6825 INFO Location successfully retrieved
2017-11-19 21:26:35.7021 INFO  Getting item name, quantity and additionals from 21
2017-11-19 21:26:35.7126 INFO Success
2017-11-19 21:26:35.7126 INFO Retrieving order location
2017-11-19 21:26:35.7316 INFO Location successfully retrieved
2017-11-19 21:26:35.7421 INFO  Getting item name, quantity and additionals from 22
2017-11-19 21:26:35.7421 INFO Success
2017-11-19 21:26:35.7627 INFO Retrieving order location
2017-11-19 21:26:35.7727 INFO Location successfully retrieved
2017-11-19 21:26:35.7727 INFO  Getting item name, quantity and additionals from 23
2017-11-19 21:26:35.7952 INFO Success
2017-11-19 21:26:35.8047 INFO Retrieving order location
2017-11-19 21:26:35.8047 INFO Location successfully retrieved
2017-11-19 21:26:35.8268 INFO  Getting item name, quantity and additionals from 24
2017-11-19 21:26:35.8413 INFO Success
2017-11-19 21:26:35.8503 INFO Retrieving order location
2017-11-19 21:26:35.8503 INFO Location successfully retrieved
2017-11-19 21:26:35.8693 INFO  Getting item name, quantity and additionals from 25
2017-11-19 21:26:35.8814 INFO Success
2017-11-19 21:26:35.8814 INFO Retrieving order location
2017-11-19 21:26:35.8994 INFO Location successfully retrieved
2017-11-19 21:26:35.8994 INFO  Getting item name, quantity and additionals from 26
2017-11-19 21:26:35.9199 INFO Success
2017-11-19 21:26:35.9289 INFO Retrieving order location
2017-11-19 21:26:35.9289 INFO Location successfully retrieved
2017-11-19 21:26:35.9490 INFO  Getting item name, quantity and additionals from 27
2017-11-19 21:26:35.9600 INFO Success
2017-11-19 21:26:35.9600 INFO Retrieving order location
2017-11-19 21:26:35.9785 INFO Location successfully retrieved
2017-11-19 21:26:35.9785 INFO  Getting item name, quantity and additionals from 28
2017-11-19 21:26:35.9980 INFO Success
2017-11-19 21:26:36.0086 INFO Retrieving order location
2017-11-19 21:26:36.0086 INFO Location successfully retrieved
2017-11-19 21:26:36.0296 INFO  Getting item name, quantity and additionals from 33
2017-11-19 21:26:36.0451 INFO Success
2017-11-19 21:26:36.0541 INFO Retrieving order location
2017-11-19 21:26:36.0541 INFO Location successfully retrieved
2017-11-19 21:26:36.0752 INFO  Getting item name, quantity and additionals from 35
2017-11-19 21:26:36.0862 INFO Success
2017-11-19 21:26:36.0862 INFO Retrieving order location
2017-11-19 21:26:36.1047 INFO Location successfully retrieved
2017-11-19 21:26:36.1047 INFO  Getting item name, quantity and additionals from 36
2017-11-19 21:26:36.1273 INFO Success
2017-11-19 21:26:36.1368 INFO Retrieving order location
2017-11-19 21:26:36.1368 INFO Location successfully retrieved
2017-11-19 21:26:36.1558 INFO  Getting item name, quantity and additionals from 37
2017-11-19 21:26:36.1663 INFO Success
2017-11-19 21:26:36.1663 INFO Retrieving order location
2017-11-19 21:26:36.1859 INFO Location successfully retrieved
2017-11-19 21:27:14.1072 INFO User: Tajay successfully logged in
2017-11-19 21:27:23.8281 INFO  Getting item name, quantity and additionals from 17
2017-11-19 21:27:23.8431 INFO Success
2017-11-19 21:27:23.8551 INFO Retrieving order location
2017-11-19 21:27:23.8732 INFO Location successfully retrieved
2017-11-19 21:27:23.8867 INFO  Getting item name, quantity and additionals from 18
2017-11-19 21:27:23.9007 INFO Success
2017-11-19 21:27:23.9157 INFO Retrieving order location
2017-11-19 21:27:23.9398 INFO Location successfully retrieved
2017-11-19 21:27:23.9513 INFO  Getting item name, quantity and additionals from 19
2017-11-19 21:27:23.9693 INFO Success
2017-11-19 21:27:23.9808 INFO Retrieving order location
2017-11-19 21:27:23.9908 INFO Location successfully retrieved
2017-11-19 21:27:23.9908 INFO  Getting item name, quantity and additionals from 21
2017-11-19 21:27:24.0154 INFO Success
2017-11-19 21:27:24.0254 INFO Retrieving order location
2017-11-19 21:27:24.0254 INFO Location successfully retrieved
2017-11-19 21:27:24.0504 INFO  Getting item name, quantity and additionals from 22
2017-11-19 21:27:24.0615 INFO Success
2017-11-19 21:27:24.0710 INFO Retrieving order location
2017-11-19 21:27:24.0710 INFO Location successfully retrieved
2017-11-19 21:27:24.0920 INFO  Getting item name, quantity and additionals from 23
2017-11-19 21:27:24.1050 INFO Success
2017-11-19 21:27:24.1050 INFO Retrieving order location
2017-11-19 21:27:24.1296 INFO Location successfully retrieved
2017-11-19 21:27:24.1426 INFO  Getting item name, quantity and additionals from 24
2017-11-19 21:27:24.1566 INFO Success
2017-11-19 21:27:24.1701 INFO Retrieving order location
2017-11-19 21:27:24.1832 INFO Location successfully retrieved
2017-11-19 21:27:24.1957 INFO  Getting item name, quantity and additionals from 25
2017-11-19 21:27:24.1957 INFO Success
2017-11-19 21:27:24.2197 INFO Retrieving order location
2017-11-19 21:27:24.2312 INFO Location successfully retrieved
2017-11-19 21:27:24.2408 INFO  Getting item name, quantity and additionals from 26
2017-11-19 21:27:24.2408 INFO Success
2017-11-19 21:27:24.3139 INFO Retrieving order location
2017-11-19 21:27:24.3219 INFO Location successfully retrieved
2017-11-19 21:27:24.3219 INFO  Getting item name, quantity and additionals from 27
2017-11-19 21:27:24.3404 INFO Success
2017-11-19 21:27:24.3519 INFO Retrieving order location
2017-11-19 21:27:24.3519 INFO Location successfully retrieved
2017-11-19 21:27:24.3720 INFO  Getting item name, quantity and additionals from 28
2017-11-19 21:27:24.3870 INFO Success
2017-11-19 21:27:24.3975 INFO Retrieving order location
2017-11-19 21:27:24.3975 INFO Location successfully retrieved
2017-11-19 21:27:24.4155 INFO  Getting item name, quantity and additionals from 33
2017-11-19 21:27:24.4155 INFO Success
2017-11-19 21:27:24.4361 INFO Retrieving order location
2017-11-19 21:27:24.4456 INFO Location successfully retrieved
2017-11-19 21:27:24.4456 INFO  Getting item name, quantity and additionals from 35
2017-11-19 21:27:24.4661 INFO Success
2017-11-19 21:27:24.4751 INFO Retrieving order location
2017-11-19 21:27:24.4751 INFO Location successfully retrieved
2017-11-19 21:27:24.4917 INFO  Getting item name, quantity and additionals from 36
2017-11-19 21:27:24.4917 INFO Success
2017-11-19 21:27:24.5092 INFO Retrieving order location
2017-11-19 21:27:24.5092 INFO Location successfully retrieved
2017-11-19 21:27:24.5282 INFO  Getting item name, quantity and additionals from 37
2017-11-19 21:27:24.5387 INFO Success
2017-11-19 21:27:24.5387 INFO Retrieving order location
2017-11-19 21:27:24.5578 INFO Location successfully retrieved
2017-11-19 21:28:24.7004 INFO User: Tajay successfully logged in
2017-11-19 21:28:33.1723 INFO  Getting item name, quantity and additionals from 17
2017-11-19 21:28:33.1928 INFO Success
2017-11-19 21:28:33.2058 INFO Retrieving order location
2017-11-19 21:28:33.2189 INFO Location successfully retrieved
2017-11-19 21:28:33.2304 INFO  Getting item name, quantity and additionals from 18
2017-11-19 21:28:33.2414 INFO Success
2017-11-19 21:28:33.2414 INFO Retrieving order location
2017-11-19 21:28:33.2639 INFO Location successfully retrieved
2017-11-19 21:28:33.2745 INFO  Getting item name, quantity and additionals from 19
2017-11-19 21:28:33.2745 INFO Success
2017-11-19 21:28:33.3015 INFO Retrieving order location
2017-11-19 21:28:33.3145 INFO Location successfully retrieved
2017-11-19 21:28:33.3250 INFO  Getting item name, quantity and additionals from 21
2017-11-19 21:28:33.3366 INFO Success
2017-11-19 21:28:33.3506 INFO Retrieving order location
2017-11-19 21:28:33.3506 INFO Location successfully retrieved
2017-11-19 21:28:33.3741 INFO  Getting item name, quantity and additionals from 22
2017-11-19 21:28:33.3851 INFO Success
2017-11-19 21:28:33.3851 INFO Retrieving order location
2017-11-19 21:28:33.4062 INFO Location successfully retrieved
2017-11-19 21:28:33.4172 INFO  Getting item name, quantity and additionals from 23
2017-11-19 21:28:33.4172 INFO Success
2017-11-19 21:28:33.4367 INFO Retrieving order location
2017-11-19 21:28:33.4487 INFO Location successfully retrieved
2017-11-19 21:28:33.4487 INFO  Getting item name, quantity and additionals from 24
2017-11-19 21:28:33.4693 INFO Success
2017-11-19 21:28:33.4808 INFO Retrieving order location
2017-11-19 21:28:33.4913 INFO Location successfully retrieved
2017-11-19 21:28:33.4913 INFO  Getting item name, quantity and additionals from 25
2017-11-19 21:28:33.5194 INFO Success
2017-11-19 21:28:33.5314 INFO Retrieving order location
2017-11-19 21:28:33.5434 INFO Location successfully retrieved
2017-11-19 21:28:33.5539 INFO  Getting item name, quantity and additionals from 26
2017-11-19 21:28:33.5730 INFO Success
2017-11-19 21:28:33.5875 INFO Retrieving order location
2017-11-19 21:28:33.5875 INFO Location successfully retrieved
2017-11-19 21:28:33.6120 INFO  Getting item name, quantity and additionals from 27
2017-11-19 21:28:33.6245 INFO Success
2017-11-19 21:28:33.6351 INFO Retrieving order location
2017-11-19 21:28:33.6351 INFO Location successfully retrieved
2017-11-19 21:28:33.6561 INFO  Getting item name, quantity and additionals from 28
2017-11-19 21:28:33.6711 INFO Success
2017-11-19 21:28:33.6816 INFO Retrieving order location
2017-11-19 21:28:33.6946 INFO Location successfully retrieved
2017-11-19 21:28:33.6946 INFO  Getting item name, quantity and additionals from 33
2017-11-19 21:28:33.7167 INFO Success
2017-11-19 21:28:33.7272 INFO Retrieving order location
2017-11-19 21:28:33.7272 INFO Location successfully retrieved
2017-11-19 21:28:33.7497 INFO  Getting item name, quantity and additionals from 35
2017-11-19 21:28:33.7613 INFO Success
2017-11-19 21:28:33.7723 INFO Retrieving order location
2017-11-19 21:28:33.7723 INFO Location successfully retrieved
2017-11-19 21:28:33.7988 INFO  Getting item name, quantity and additionals from 36
2017-11-19 21:28:33.8103 INFO Success
2017-11-19 21:28:33.8204 INFO Retrieving order location
2017-11-19 21:28:33.8204 INFO Location successfully retrieved
2017-11-19 21:28:33.8389 INFO  Getting item name, quantity and additionals from 37
2017-11-19 21:28:33.8389 INFO Success
2017-11-19 21:28:33.8554 INFO Retrieving order location
2017-11-19 21:28:33.8554 INFO Location successfully retrieved
2017-11-19 21:30:08.8691 INFO User: Tajay successfully logged in
2017-11-19 21:30:25.8873 INFO  Getting item name, quantity and additionals from 17
2017-11-19 21:30:25.9104 INFO Success
2017-11-19 21:30:25.9219 INFO Retrieving order location
2017-11-19 21:30:25.9329 INFO Location successfully retrieved
2017-11-19 21:30:25.9444 INFO  Getting item name, quantity and additionals from 18
2017-11-19 21:30:25.9444 INFO Success
2017-11-19 21:30:25.9655 INFO Retrieving order location
2017-11-19 21:30:25.9655 INFO Location successfully retrieved
2017-11-19 21:30:25.9770 INFO  Getting item name, quantity and additionals from 19
2017-11-19 21:30:25.9920 INFO Success
2017-11-19 21:30:25.9920 INFO Retrieving order location
2017-11-19 21:30:26.0090 INFO Location successfully retrieved
2017-11-19 21:30:26.0276 INFO  Getting item name, quantity and additionals from 21
2017-11-19 21:30:26.0386 INFO Success
2017-11-19 21:30:26.0386 INFO Retrieving order location
2017-11-19 21:30:26.0586 INFO Location successfully retrieved
2017-11-19 21:30:26.0706 INFO  Getting item name, quantity and additionals from 22
2017-11-19 21:30:26.0706 INFO Success
2017-11-19 21:30:26.0882 INFO Retrieving order location
2017-11-19 21:30:26.1017 INFO Location successfully retrieved
2017-11-19 21:30:26.1017 INFO  Getting item name, quantity and additionals from 23
2017-11-19 21:30:26.1222 INFO Success
2017-11-19 21:30:26.1332 INFO Retrieving order location
2017-11-19 21:30:26.1332 INFO Location successfully retrieved
2017-11-19 21:30:26.1332 INFO  Getting item name, quantity and additionals from 24
2017-11-19 21:30:26.1558 INFO Success
2017-11-19 21:30:26.1663 INFO Retrieving order location
2017-11-19 21:30:26.1663 INFO Location successfully retrieved
2017-11-19 21:30:26.1908 INFO  Getting item name, quantity and additionals from 25
2017-11-19 21:30:26.2003 INFO Success
2017-11-19 21:30:26.2099 INFO Retrieving order location
2017-11-19 21:30:26.2099 INFO Location successfully retrieved
2017-11-19 21:30:26.2249 INFO  Getting item name, quantity and additionals from 26
2017-11-19 21:30:26.2404 INFO Success
2017-11-19 21:30:26.2404 INFO Retrieving order location
2017-11-19 21:30:26.2660 INFO Location successfully retrieved
2017-11-19 21:30:26.2755 INFO  Getting item name, quantity and additionals from 27
2017-11-19 21:30:26.2755 INFO Success
2017-11-19 21:30:26.2965 INFO Retrieving order location
2017-11-19 21:30:26.3065 INFO Location successfully retrieved
2017-11-19 21:30:26.3065 INFO  Getting item name, quantity and additionals from 28
2017-11-19 21:30:26.3260 INFO Success
2017-11-19 21:30:26.3346 INFO Retrieving order location
2017-11-19 21:30:26.3346 INFO Location successfully retrieved
2017-11-19 21:30:26.3551 INFO  Getting item name, quantity and additionals from 33
2017-11-19 21:30:26.3551 INFO Success
2017-11-19 21:30:26.3686 INFO Retrieving order location
2017-11-19 21:30:26.3686 INFO Location successfully retrieved
2017-11-19 21:30:26.3897 INFO  Getting item name, quantity and additionals from 35
2017-11-19 21:30:26.3987 INFO Success
2017-11-19 21:30:26.3987 INFO Retrieving order location
2017-11-19 21:30:26.4217 INFO Location successfully retrieved
2017-11-19 21:30:26.4337 INFO  Getting item name, quantity and additionals from 36
2017-11-19 21:30:26.4452 INFO Success
2017-11-19 21:30:26.4452 INFO Retrieving order location
2017-11-19 21:30:26.4668 INFO Location successfully retrieved
2017-11-19 21:30:26.4798 INFO  Getting item name, quantity and additionals from 37
2017-11-19 21:30:26.4798 INFO Success
2017-11-19 21:30:26.5003 INFO Retrieving order location
2017-11-19 21:30:26.5078 INFO Location successfully retrieved
2017-11-19 23:10:05.9200 INFO User: Tajay successfully logged in
2017-11-19 23:11:54.6440 INFO  Getting item name, quantity and additionals from 17
2017-11-19 23:11:54.6570 INFO Success
2017-11-19 23:11:54.6690 INFO Retrieving order location
2017-11-19 23:11:54.6931 INFO Location successfully retrieved
2017-11-19 23:11:54.7071 INFO  Getting item name, quantity and additionals from 18
2017-11-19 23:11:54.7071 INFO Success
2017-11-19 23:11:54.7196 INFO Retrieving order location
2017-11-19 23:11:54.7296 INFO Location successfully retrieved
2017-11-19 23:11:54.7296 INFO  Getting item name, quantity and additionals from 19
2017-11-19 23:11:54.7481 INFO Success
2017-11-19 23:11:54.7577 INFO Retrieving order location
2017-11-19 23:11:54.7577 INFO Location successfully retrieved
2017-11-19 23:11:54.7757 INFO  Getting item name, quantity and additionals from 21
2017-11-19 23:11:54.7757 INFO Success
2017-11-19 23:11:54.8007 INFO Retrieving order location
2017-11-19 23:11:54.8092 INFO Location successfully retrieved
2017-11-19 23:11:54.8092 INFO  Getting item name, quantity and additionals from 22
2017-11-19 23:11:54.8278 INFO Success
2017-11-19 23:11:54.8358 INFO Retrieving order location
2017-11-19 23:11:54.8358 INFO Location successfully retrieved
2017-11-19 23:11:54.8558 INFO  Getting item name, quantity and additionals from 23
2017-11-19 23:11:54.8558 INFO Success
2017-11-19 23:11:54.8738 INFO Retrieving order location
2017-11-19 23:11:54.8844 INFO Location successfully retrieved
2017-11-19 23:11:54.8844 INFO  Getting item name, quantity and additionals from 24
2017-11-19 23:11:54.9074 INFO Success
2017-11-19 23:11:54.9159 INFO Retrieving order location
2017-11-19 23:11:54.9299 INFO Location successfully retrieved
2017-11-19 23:11:54.9299 INFO  Getting item name, quantity and additionals from 25
2017-11-19 23:11:54.9485 INFO Success
2017-11-19 23:11:54.9485 INFO Retrieving order location
2017-11-19 23:11:54.9670 INFO Location successfully retrieved
2017-11-19 23:11:54.9755 INFO  Getting item name, quantity and additionals from 26
2017-11-19 23:11:54.9755 INFO Success
2017-11-19 23:11:54.9930 INFO Retrieving order location
2017-11-19 23:11:54.9930 INFO Location successfully retrieved
2017-11-19 23:11:55.0116 INFO  Getting item name, quantity and additionals from 27
2017-11-19 23:11:55.0116 INFO Success
2017-11-19 23:11:55.0291 INFO Retrieving order location
2017-11-19 23:11:55.0291 INFO Location successfully retrieved
2017-11-19 23:11:55.0446 INFO  Getting item name, quantity and additionals from 28
2017-11-19 23:11:55.0536 INFO Success
2017-11-19 23:11:55.0536 INFO Retrieving order location
2017-11-19 23:11:55.0702 INFO Location successfully retrieved
2017-11-19 23:11:55.0702 INFO  Getting item name, quantity and additionals from 33
2017-11-19 23:11:55.0902 INFO Success
2017-11-19 23:11:55.0902 INFO Retrieving order location
2017-11-19 23:11:55.1057 INFO Location successfully retrieved
2017-11-19 23:11:55.1057 INFO  Getting item name, quantity and additionals from 35
2017-11-19 23:11:55.1238 INFO Success
2017-11-19 23:11:55.1313 INFO Retrieving order location
2017-11-19 23:11:55.1313 INFO Location successfully retrieved
2017-11-19 23:11:55.1513 INFO  Getting item name, quantity and additionals from 36
2017-11-19 23:11:55.1513 INFO Success
2017-11-19 23:11:55.1683 INFO Retrieving order location
2017-11-19 23:11:55.1683 INFO Location successfully retrieved
2017-11-19 23:11:55.1859 INFO  Getting item name, quantity and additionals from 37
2017-11-19 23:11:55.1944 INFO Success
2017-11-19 23:11:55.1944 INFO Retrieving order location
2017-11-19 23:11:55.2104 INFO Location successfully retrieved
2017-11-19 23:13:00.1047 INFO User: Tajay successfully logged in
2017-11-19 23:13:05.9618 INFO  Getting item name, quantity and additionals from 17
2017-11-19 23:13:05.9618 INFO Success
2017-11-19 23:13:05.9858 INFO Retrieving order location
2017-11-19 23:13:05.9978 INFO Location successfully retrieved
2017-11-19 23:13:06.0108 INFO  Getting item name, quantity and additionals from 18
2017-11-19 23:13:06.0218 INFO Success
2017-11-19 23:13:06.0218 INFO Retrieving order location
2017-11-19 23:13:06.0388 INFO Location successfully retrieved
2017-11-19 23:13:06.0388 INFO  Getting item name, quantity and additionals from 19
2017-11-19 23:13:06.0548 INFO Success
2017-11-19 23:13:06.0548 INFO Retrieving order location
2017-11-19 23:13:06.0728 INFO Location successfully retrieved
2017-11-19 23:13:06.0728 INFO  Getting item name, quantity and additionals from 21
2017-11-19 23:13:06.0898 INFO Success
2017-11-19 23:13:06.0998 INFO Retrieving order location
2017-11-19 23:13:06.0998 INFO Location successfully retrieved
2017-11-19 23:13:06.1188 INFO  Getting item name, quantity and additionals from 22
2017-11-19 23:13:06.1188 INFO Success
2017-11-19 23:13:06.1389 INFO Retrieving order location
2017-11-19 23:13:06.1389 INFO Location successfully retrieved
2017-11-19 23:13:06.1539 INFO  Getting item name, quantity and additionals from 23
2017-11-19 23:13:06.1639 INFO Success
2017-11-19 23:13:06.1639 INFO Retrieving order location
2017-11-19 23:13:06.1809 INFO Location successfully retrieved
2017-11-19 23:13:06.1809 INFO  Getting item name, quantity and additionals from 24
2017-11-19 23:13:06.1999 INFO Success
2017-11-19 23:13:06.2119 INFO Retrieving order location
2017-11-19 23:13:06.2119 INFO Location successfully retrieved
2017-11-19 23:13:06.2299 INFO  Getting item name, quantity and additionals from 25
2017-11-19 23:13:06.2299 INFO Success
2017-11-19 23:13:06.2479 INFO Retrieving order location
2017-11-19 23:13:06.2479 INFO Location successfully retrieved
2017-11-19 23:13:06.2629 INFO  Getting item name, quantity and additionals from 26
2017-11-19 23:13:06.2719 INFO Success
2017-11-19 23:13:06.2719 INFO Retrieving order location
2017-11-19 23:13:06.2719 INFO Location successfully retrieved
2017-11-19 23:13:06.2949 INFO  Getting item name, quantity and additionals from 27
2017-11-19 23:13:06.3029 INFO Success
2017-11-19 23:13:06.3029 INFO Retrieving order location
2017-11-19 23:13:06.3029 INFO Location successfully retrieved
2017-11-19 23:13:06.3239 INFO  Getting item name, quantity and additionals from 28
2017-11-19 23:13:06.3239 INFO Success
2017-11-19 23:13:06.3369 INFO Retrieving order location
2017-11-19 23:13:06.3369 INFO Location successfully retrieved
2017-11-19 23:13:06.3509 INFO  Getting item name, quantity and additionals from 33
2017-11-19 23:13:06.3509 INFO Success
2017-11-19 23:13:06.3509 INFO Retrieving order location
2017-11-19 23:13:06.3709 INFO Location successfully retrieved
2017-11-19 23:13:06.3709 INFO  Getting item name, quantity and additionals from 35
2017-11-19 23:13:06.3849 INFO Success
2017-11-19 23:13:06.3849 INFO Retrieving order location
2017-11-19 23:13:06.3989 INFO Location successfully retrieved
2017-11-19 23:13:06.3989 INFO  Getting item name, quantity and additionals from 36
2017-11-19 23:13:06.4220 INFO Success
2017-11-19 23:13:06.4330 INFO Retrieving order location
2017-11-19 23:13:06.4330 INFO Location successfully retrieved
2017-11-19 23:13:06.4480 INFO  Getting item name, quantity and additionals from 37
2017-11-19 23:13:06.4480 INFO Success
2017-11-19 23:13:06.4630 INFO Retrieving order location
2017-11-19 23:13:06.4630 INFO Location successfully retrieved
2017-11-19 23:14:59.2372 INFO Attempting to create new order.
2017-11-19 23:14:59.3073 INFO New orderd created successfully with ID 38
2017-11-19 23:18:38.5226 INFO Attempting to create new order.
2017-11-19 23:18:38.5646 INFO New orderd created successfully with ID 39
2017-11-19 23:19:04.4008 INFO Attempting to create new order.
2017-11-19 23:19:04.4008 INFO New orderd created successfully with ID 40
2017-11-19 23:19:18.9006 INFO Attempting to create new order.
2017-11-19 23:19:18.9206 INFO New orderd created successfully with ID 41
2017-11-19 23:19:57.3922 INFO Attempting to create new order.
2017-11-19 23:19:57.4212 INFO New orderd created successfully with ID 42
2017-11-19 23:44:29.6429 INFO User: Tajay successfully logged in
2017-11-19 23:44:35.2313 INFO  Getting item name, quantity and additionals from 17
2017-11-19 23:44:35.2449 INFO Success
2017-11-19 23:44:35.2449 INFO Retrieving order location
2017-11-19 23:44:35.2639 INFO Location successfully retrieved
2017-11-19 23:44:35.2724 INFO  Getting item name, quantity and additionals from 18
2017-11-19 23:44:35.2724 INFO Success
2017-11-19 23:44:35.2884 INFO Retrieving order location
2017-11-19 23:44:35.2884 INFO Location successfully retrieved
2017-11-19 23:44:35.3039 INFO  Getting item name, quantity and additionals from 19
2017-11-19 23:44:35.3039 INFO Success
2017-11-19 23:44:35.3215 INFO Retrieving order location
2017-11-19 23:44:35.3215 INFO Location successfully retrieved
2017-11-19 23:44:35.3390 INFO  Getting item name, quantity and additionals from 21
2017-11-19 23:44:35.3515 INFO Success
2017-11-19 23:44:35.3515 INFO Retrieving order location
2017-11-19 23:44:35.3741 INFO Location successfully retrieved
2017-11-19 23:44:35.3861 INFO  Getting item name, quantity and additionals from 22
2017-11-19 23:44:35.3861 INFO Success
2017-11-19 23:44:35.4021 INFO Retrieving order location
2017-11-19 23:44:35.4021 INFO Location successfully retrieved
2017-11-19 23:44:35.4196 INFO  Getting item name, quantity and additionals from 23
2017-11-19 23:44:35.4282 INFO Success
2017-11-19 23:44:35.4282 INFO Retrieving order location
2017-11-19 23:44:35.4452 INFO Location successfully retrieved
2017-11-19 23:44:35.4452 INFO  Getting item name, quantity and additionals from 24
2017-11-19 23:44:35.4617 INFO Success
2017-11-19 23:44:35.4617 INFO Retrieving order location
2017-11-19 23:44:35.4797 INFO Location successfully retrieved
2017-11-19 23:44:35.4797 INFO  Getting item name, quantity and additionals from 25
2017-11-19 23:44:35.4963 INFO Success
2017-11-19 23:44:35.4963 INFO Retrieving order location
2017-11-19 23:44:35.5138 INFO Location successfully retrieved
2017-11-19 23:44:35.5223 INFO  Getting item name, quantity and additionals from 26
2017-11-19 23:44:35.5223 INFO Success
2017-11-19 23:44:35.5393 INFO Retrieving order location
2017-11-19 23:44:35.5393 INFO Location successfully retrieved
2017-11-19 23:44:35.5554 INFO  Getting item name, quantity and additionals from 27
2017-11-19 23:44:35.5554 INFO Success
2017-11-19 23:44:35.5739 INFO Retrieving order location
2017-11-19 23:44:35.5844 INFO Location successfully retrieved
2017-11-19 23:44:35.5844 INFO  Getting item name, quantity and additionals from 28
2017-11-19 23:44:35.6059 INFO Success
2017-11-19 23:44:35.6170 INFO Retrieving order location
2017-11-19 23:44:35.6450 INFO Location successfully retrieved
2017-11-19 23:44:35.6881 INFO  Getting item name, quantity and additionals from 33
2017-11-19 23:44:35.7006 INFO Success
2017-11-19 23:44:35.7006 INFO Retrieving order location
2017-11-19 23:44:35.7206 INFO Location successfully retrieved
2017-11-19 23:44:35.7281 INFO  Getting item name, quantity and additionals from 35
2017-11-19 23:44:35.7281 INFO Success
2017-11-19 23:44:35.7467 INFO Retrieving order location
2017-11-19 23:44:35.7467 INFO Location successfully retrieved
2017-11-19 23:44:35.7632 INFO  Getting item name, quantity and additionals from 36
2017-11-19 23:44:35.7737 INFO Success
2017-11-19 23:44:35.7737 INFO Retrieving order location
2017-11-19 23:44:35.7917 INFO Location successfully retrieved
2017-11-19 23:44:35.8028 INFO  Getting item name, quantity and additionals from 37
2017-11-19 23:44:35.8028 INFO Success
2017-11-19 23:44:35.8213 INFO Retrieving order location
2017-11-19 23:44:35.8213 INFO Location successfully retrieved
2017-11-19 23:44:35.8388 INFO  Getting item name, quantity and additionals from 38
2017-11-19 23:44:35.8513 INFO Success
2017-11-19 23:44:35.8513 INFO Retrieving order location
2017-11-19 23:44:35.8689 INFO Location successfully retrieved
2017-11-19 23:44:35.8689 INFO  Getting item name, quantity and additionals from 39
2017-11-19 23:44:35.8884 INFO Success
2017-11-19 23:44:35.8989 INFO Retrieving order location
2017-11-19 23:44:35.8989 INFO Location successfully retrieved
2017-11-19 23:44:35.9180 INFO  Getting item name, quantity and additionals from 40
2017-11-19 23:44:35.9305 INFO Success
2017-11-19 23:44:35.9305 INFO Retrieving order location
2017-11-19 23:44:35.9485 INFO Location successfully retrieved
2017-11-19 23:44:35.9485 INFO  Getting item name, quantity and additionals from 41
2017-11-19 23:44:35.9675 INFO Success
2017-11-19 23:44:35.9675 INFO Retrieving order location
2017-11-19 23:44:35.9876 INFO Location successfully retrieved
2017-11-19 23:44:35.9956 INFO  Getting item name, quantity and additionals from 42
2017-11-19 23:44:36.0091 INFO Success
2017-11-19 23:44:36.0091 INFO Retrieving order location
2017-11-19 23:44:36.0246 INFO Location successfully retrieved
2017-11-19 23:48:35.5540 INFO User: Tajay successfully logged in
2017-11-19 23:48:41.1462 INFO  Getting item name, quantity and additionals from 17
2017-11-19 23:48:41.1582 INFO Success
2017-11-19 23:48:41.1663 INFO Retrieving order location
2017-11-19 23:48:41.1783 INFO Location successfully retrieved
2017-11-19 23:49:38.9169 INFO  Getting item name, quantity and additionals from 18
2017-11-19 23:49:38.9359 INFO Success
2017-11-19 23:49:38.9499 INFO Retrieving order location
2017-11-19 23:49:38.9619 INFO Location successfully retrieved
2017-11-19 23:50:16.1581 INFO  Getting item name, quantity and additionals from 19
2017-11-19 23:50:16.1761 INFO Success
2017-11-19 23:50:16.1876 INFO Retrieving order location
2017-11-19 23:50:16.2102 INFO Location successfully retrieved
2017-11-19 23:52:08.0320 INFO  Getting item name, quantity and additionals from 21
2017-11-19 23:52:08.0616 INFO Success
2017-11-19 23:52:08.0846 INFO Retrieving order location
2017-11-19 23:52:08.1011 INFO Location successfully retrieved
