2017-08-04 06:30:37.7810 INFO User: Tajay successfully logged in
2017-08-04 06:31:56.8947 INFO User: Tajay successfully logged in
2017-08-04 06:35:49.9128 INFO User: Tajay successfully logged in
2017-08-04 06:37:08.3231 WARN Unable to log in user Tajay
2017-08-04 06:37:13.3193 INFO User: Tajay successfully logged in
2017-08-04 06:38:30.4945 INFO User: Tajay successfully logged in
2017-08-04 06:39:54.3637 INFO User: Tajay successfully logged in
2017-08-04 06:41:25.7434 INFO User: Tajay successfully logged in
2017-08-04 08:47:17.4195 INFO User: Tajay successfully logged in
2017-08-04 08:47:30.4218 ERROR System.ArgumentOutOfRangeException: Index was out of range. Must be non-negative and less than the size of the collection.
Parameter name: index
   at System.ThrowHelper.ThrowArgumentOutOfRangeException(ExceptionArgument argument, ExceptionResource resource)
   at System.Collections.Generic.List`1.get_Item(Int32 index)
   at adaOrderingSys.SummaryForm.createLoadingSheet(Object sender, PrintPageEventArgs e) in c:\Users\Tajay\Documents\Visual Studio 2013\Projects\ADA\adaOrderingSys\adaOrderingSys\SummaryForm.cs:line 212
2017-08-04 08:47:59.3882 INFO User: Tajay successfully logged in
2017-08-04 08:50:49.8291 INFO User: Tajay successfully logged in
2017-08-04 08:51:21.2123 ERROR System.ArgumentOutOfRangeException: Index was out of range. Must be non-negative and less than the size of the collection.
Parameter name: index
   at System.ThrowHelper.ThrowArgumentOutOfRangeException(ExceptionArgument argument, ExceptionResource resource)
   at System.Collections.Generic.List`1.get_Item(Int32 index)
   at adaOrderingSys.SummaryForm.createLoadingSheet(Object sender, PrintPageEventArgs e) in c:\Users\Tajay\Documents\Visual Studio 2013\Projects\ADA\adaOrderingSys\adaOrderingSys\SummaryForm.cs:line 212
2017-08-04 08:52:08.7994 INFO User: Tajay successfully logged in
2017-08-04 08:56:44.4020 INFO User: Tajay successfully logged in
2017-08-04 08:57:00.0355 ERROR System.ArgumentOutOfRangeException: Index was out of range. Must be non-negative and less than the size of the collection.
Parameter name: index
   at System.ThrowHelper.ThrowArgumentOutOfRangeException(ExceptionArgument argument, ExceptionResource resource)
   at System.Collections.Generic.List`1.get_Item(Int32 index)
   at adaOrderingSys.SummaryForm.createLoadingSheet(Object sender, PrintPageEventArgs e) in c:\Users\Tajay\Documents\Visual Studio 2013\Projects\ADA\adaOrderingSys\adaOrderingSys\SummaryForm.cs:line 213
2017-08-04 09:15:29.6830 INFO User: Tajay successfully logged in
2017-08-04 13:35:47.4448 INFO User: Tajay successfully logged in
2017-08-04 13:37:56.8888 INFO User: Tajay successfully logged in
2017-08-04 13:42:26.6104 INFO User: Tajay successfully logged in
2017-08-04 13:45:19.3322 INFO User: Tajay successfully logged in
2017-08-04 13:59:11.7091 INFO User: Tajay successfully logged in
2017-08-04 14:00:27.0755 INFO User: Tajay successfully logged in
2017-08-04 14:05:52.4066 INFO User: Tajay successfully logged in
2017-08-04 16:12:04.6602 INFO User: Tajay successfully logged in
2017-08-04 16:17:24.1644 INFO User: Tajay successfully logged in
2017-08-04 16:19:47.7049 INFO User: Tajay successfully logged in
2017-08-04 16:23:09.5727 INFO User: Tajay successfully logged in
2017-08-04 16:30:21.0714 INFO User: Tajay successfully logged in
2017-08-04 16:32:36.6750 INFO User: Tajay successfully logged in
2017-08-04 16:35:10.9830 INFO User: Tajay successfully logged in
2017-08-04 16:41:09.6723 INFO User: Tajay successfully logged in
2017-08-04 16:45:30.7947 INFO User: Tajay successfully logged in
2017-08-04 16:47:47.5004 INFO User: Tajay successfully logged in
2017-08-04 18:06:19.8568 INFO User: Tajay successfully logged in
