2017-11-03 07:07:04.8797 INFO User: Tajay successfully logged in
2017-11-03 07:12:44.7075 INFO User: Tajay successfully logged in
2017-11-03 07:12:47.3514 ERROR System.Data.SqlClient.SqlException (0x80131904): Conversion failed when converting date and/or time from character string.
   at System.Data.SqlClient.SqlConnection.OnError(SqlException exception, Boolean breakConnection, Action`1 wrapCloseInAction)
   at System.Data.SqlClient.SqlInternalConnection.OnError(SqlException exception, Boolean breakConnection, Action`1 wrapCloseInAction)
   at System.Data.SqlClient.TdsParser.ThrowExceptionAndWarning(TdsParserStateObject stateObj, Boolean callerHasConnectionLock, Boolean asyncClose)
   at System.Data.SqlClient.TdsParser.TryRun(RunBehavior runBehavior, SqlCommand cmdHandler, SqlDataReader dataStream, BulkCopySimpleResultSet bulkCopyHandler, TdsParserStateObject stateObj, Boolean& dataReady)
   at System.Data.SqlClient.SqlDataReader.TryHasMoreRows(Boolean& moreRows)
   at System.Data.SqlClient.SqlDataReader.TryReadInternal(Boolean setTimeout, Boolean& more)
   at System.Data.SqlClient.SqlDataReader.Read()
   at adaOrderingSys.business_objects.Order.getCustNameBasedOnOrderDate(DateTime orderDate) in C:\Users\Tajay\Documents\Visual Studio 2013\Projects\ADA\adaOrderingSys\adaOrderingSys\business-objects\Order.cs:line 49
ClientConnectionId:9f8a66db-9014-46e1-beea-eaa64f476168
Error Number:241,State:1,Class:16
2017-11-03 07:12:47.4984 ERROR System.Data.SqlClient.SqlException (0x80131904): Conversion failed when converting date and/or time from character string.
   at System.Data.SqlClient.SqlConnection.OnError(SqlException exception, Boolean breakConnection, Action`1 wrapCloseInAction)
   at System.Data.SqlClient.SqlInternalConnection.OnError(SqlException exception, Boolean breakConnection, Action`1 wrapCloseInAction)
   at System.Data.SqlClient.TdsParser.ThrowExceptionAndWarning(TdsParserStateObject stateObj, Boolean callerHasConnectionLock, Boolean asyncClose)
   at System.Data.SqlClient.TdsParser.TryRun(RunBehavior runBehavior, SqlCommand cmdHandler, SqlDataReader dataStream, BulkCopySimpleResultSet bulkCopyHandler, TdsParserStateObject stateObj, Boolean& dataReady)
   at System.Data.SqlClient.SqlDataReader.TryHasMoreRows(Boolean& moreRows)
   at System.Data.SqlClient.SqlDataReader.TryReadInternal(Boolean setTimeout, Boolean& more)
   at System.Data.SqlClient.SqlDataReader.Read()
   at adaOrderingSys.business_objects.Order.getCustNameBasedOnOrderDate(DateTime orderDate) in C:\Users\Tajay\Documents\Visual Studio 2013\Projects\ADA\adaOrderingSys\adaOrderingSys\business-objects\Order.cs:line 49
ClientConnectionId:9f8a66db-9014-46e1-beea-eaa64f476168
Error Number:241,State:1,Class:16
2017-11-03 07:14:18.3364 ERROR System.Data.SqlClient.SqlException (0x80131904): Conversion failed when converting date and/or time from character string.
   at System.Data.SqlClient.SqlConnection.OnError(SqlException exception, Boolean breakConnection, Action`1 wrapCloseInAction)
   at System.Data.SqlClient.SqlInternalConnection.OnError(SqlException exception, Boolean breakConnection, Action`1 wrapCloseInAction)
   at System.Data.SqlClient.TdsParser.ThrowExceptionAndWarning(TdsParserStateObject stateObj, Boolean callerHasConnectionLock, Boolean asyncClose)
   at System.Data.SqlClient.TdsParser.TryRun(RunBehavior runBehavior, SqlCommand cmdHandler, SqlDataReader dataStream, BulkCopySimpleResultSet bulkCopyHandler, TdsParserStateObject stateObj, Boolean& dataReady)
   at System.Data.SqlClient.SqlDataReader.TryHasMoreRows(Boolean& moreRows)
   at System.Data.SqlClient.SqlDataReader.TryReadInternal(Boolean setTimeout, Boolean& more)
   at System.Data.SqlClient.SqlDataReader.Read()
   at adaOrderingSys.business_objects.Order.getCustNameBasedOnOrderDate(DateTime orderDate) in C:\Users\Tajay\Documents\Visual Studio 2013\Projects\ADA\adaOrderingSys\adaOrderingSys\business-objects\Order.cs:line 49
ClientConnectionId:9f8a66db-9014-46e1-beea-eaa64f476168
Error Number:241,State:1,Class:16
2017-11-03 07:14:18.3521 ERROR System.Data.SqlClient.SqlException (0x80131904): Conversion failed when converting date and/or time from character string.
   at System.Data.SqlClient.SqlConnection.OnError(SqlException exception, Boolean breakConnection, Action`1 wrapCloseInAction)
   at System.Data.SqlClient.SqlInternalConnection.OnError(SqlException exception, Boolean breakConnection, Action`1 wrapCloseInAction)
   at System.Data.SqlClient.TdsParser.ThrowExceptionAndWarning(TdsParserStateObject stateObj, Boolean callerHasConnectionLock, Boolean asyncClose)
   at System.Data.SqlClient.TdsParser.TryRun(RunBehavior runBehavior, SqlCommand cmdHandler, SqlDataReader dataStream, BulkCopySimpleResultSet bulkCopyHandler, TdsParserStateObject stateObj, Boolean& dataReady)
   at System.Data.SqlClient.SqlDataReader.TryHasMoreRows(Boolean& moreRows)
   at System.Data.SqlClient.SqlDataReader.TryReadInternal(Boolean setTimeout, Boolean& more)
   at System.Data.SqlClient.SqlDataReader.Read()
   at adaOrderingSys.business_objects.Order.getCustNameBasedOnOrderDate(DateTime orderDate) in C:\Users\Tajay\Documents\Visual Studio 2013\Projects\ADA\adaOrderingSys\adaOrderingSys\business-objects\Order.cs:line 49
ClientConnectionId:9f8a66db-9014-46e1-beea-eaa64f476168
Error Number:241,State:1,Class:16
2017-11-03 07:14:27.9968 ERROR System.Data.SqlClient.SqlException (0x80131904): Conversion failed when converting date and/or time from character string.
   at System.Data.SqlClient.SqlConnection.OnError(SqlException exception, Boolean breakConnection, Action`1 wrapCloseInAction)
   at System.Data.SqlClient.SqlInternalConnection.OnError(SqlException exception, Boolean breakConnection, Action`1 wrapCloseInAction)
   at System.Data.SqlClient.TdsParser.ThrowExceptionAndWarning(TdsParserStateObject stateObj, Boolean callerHasConnectionLock, Boolean asyncClose)
   at System.Data.SqlClient.TdsParser.TryRun(RunBehavior runBehavior, SqlCommand cmdHandler, SqlDataReader dataStream, BulkCopySimpleResultSet bulkCopyHandler, TdsParserStateObject stateObj, Boolean& dataReady)
   at System.Data.SqlClient.SqlDataReader.TryHasMoreRows(Boolean& moreRows)
   at System.Data.SqlClient.SqlDataReader.TryReadInternal(Boolean setTimeout, Boolean& more)
   at System.Data.SqlClient.SqlDataReader.Read()
   at adaOrderingSys.business_objects.Order.getCustNameBasedOnOrderDate(DateTime orderDate) in C:\Users\Tajay\Documents\Visual Studio 2013\Projects\ADA\adaOrderingSys\adaOrderingSys\business-objects\Order.cs:line 49
ClientConnectionId:9f8a66db-9014-46e1-beea-eaa64f476168
Error Number:241,State:1,Class:16
2017-11-03 07:14:33.6160 INFO Retrieving order location
2017-11-03 07:14:33.6316 INFO Location successfully retrieved
2017-11-03 07:14:33.6473 INFO Getting customer names
2017-11-03 07:14:33.6473 INFO Names successfully receieved
2017-11-03 07:28:48.6550 INFO User: Tajay successfully logged in
2017-11-03 07:30:00.6965 INFO User: Tajay successfully logged in
2017-11-03 07:30:03.1396 ERROR System.Data.SqlClient.SqlException (0x80131904): Conversion failed when converting date and/or time from character string.
   at System.Data.SqlClient.SqlConnection.OnError(SqlException exception, Boolean breakConnection, Action`1 wrapCloseInAction)
   at System.Data.SqlClient.SqlInternalConnection.OnError(SqlException exception, Boolean breakConnection, Action`1 wrapCloseInAction)
   at System.Data.SqlClient.TdsParser.ThrowExceptionAndWarning(TdsParserStateObject stateObj, Boolean callerHasConnectionLock, Boolean asyncClose)
   at System.Data.SqlClient.TdsParser.TryRun(RunBehavior runBehavior, SqlCommand cmdHandler, SqlDataReader dataStream, BulkCopySimpleResultSet bulkCopyHandler, TdsParserStateObject stateObj, Boolean& dataReady)
   at System.Data.SqlClient.SqlDataReader.TryHasMoreRows(Boolean& moreRows)
   at System.Data.SqlClient.SqlDataReader.TryReadInternal(Boolean setTimeout, Boolean& more)
   at System.Data.SqlClient.SqlDataReader.Read()
   at adaOrderingSys.business_objects.Order.getCustNameBasedOnOrderDate(DateTime orderDate) in C:\Users\Tajay\Documents\Visual Studio 2013\Projects\ADA\adaOrderingSys\adaOrderingSys\business-objects\Order.cs:line 49
ClientConnectionId:98776872-167d-45bc-92c2-175d3ff828d7
Error Number:241,State:1,Class:16
2017-11-03 07:30:03.1676 ERROR System.Data.SqlClient.SqlException (0x80131904): Conversion failed when converting date and/or time from character string.
   at System.Data.SqlClient.SqlConnection.OnError(SqlException exception, Boolean breakConnection, Action`1 wrapCloseInAction)
   at System.Data.SqlClient.SqlInternalConnection.OnError(SqlException exception, Boolean breakConnection, Action`1 wrapCloseInAction)
   at System.Data.SqlClient.TdsParser.ThrowExceptionAndWarning(TdsParserStateObject stateObj, Boolean callerHasConnectionLock, Boolean asyncClose)
   at System.Data.SqlClient.TdsParser.TryRun(RunBehavior runBehavior, SqlCommand cmdHandler, SqlDataReader dataStream, BulkCopySimpleResultSet bulkCopyHandler, TdsParserStateObject stateObj, Boolean& dataReady)
   at System.Data.SqlClient.SqlDataReader.TryHasMoreRows(Boolean& moreRows)
   at System.Data.SqlClient.SqlDataReader.TryReadInternal(Boolean setTimeout, Boolean& more)
   at System.Data.SqlClient.SqlDataReader.Read()
   at adaOrderingSys.business_objects.Order.getCustNameBasedOnOrderDate(DateTime orderDate) in C:\Users\Tajay\Documents\Visual Studio 2013\Projects\ADA\adaOrderingSys\adaOrderingSys\business-objects\Order.cs:line 49
ClientConnectionId:98776872-167d-45bc-92c2-175d3ff828d7
Error Number:241,State:1,Class:16
2017-11-03 07:30:20.6382 ERROR System.Data.SqlClient.SqlException (0x80131904): Conversion failed when converting date and/or time from character string.
   at System.Data.SqlClient.SqlConnection.OnError(SqlException exception, Boolean breakConnection, Action`1 wrapCloseInAction)
   at System.Data.SqlClient.SqlInternalConnection.OnError(SqlException exception, Boolean breakConnection, Action`1 wrapCloseInAction)
   at System.Data.SqlClient.TdsParser.ThrowExceptionAndWarning(TdsParserStateObject stateObj, Boolean callerHasConnectionLock, Boolean asyncClose)
   at System.Data.SqlClient.TdsParser.TryRun(RunBehavior runBehavior, SqlCommand cmdHandler, SqlDataReader dataStream, BulkCopySimpleResultSet bulkCopyHandler, TdsParserStateObject stateObj, Boolean& dataReady)
   at System.Data.SqlClient.SqlDataReader.TryHasMoreRows(Boolean& moreRows)
   at System.Data.SqlClient.SqlDataReader.TryReadInternal(Boolean setTimeout, Boolean& more)
   at System.Data.SqlClient.SqlDataReader.Read()
   at adaOrderingSys.business_objects.Order.getCustNameBasedOnOrderDate(DateTime orderDate) in C:\Users\Tajay\Documents\Visual Studio 2013\Projects\ADA\adaOrderingSys\adaOrderingSys\business-objects\Order.cs:line 49
ClientConnectionId:98776872-167d-45bc-92c2-175d3ff828d7
Error Number:241,State:1,Class:16
2017-11-03 07:30:20.6760 ERROR System.Data.SqlClient.SqlException (0x80131904): Conversion failed when converting date and/or time from character string.
   at System.Data.SqlClient.SqlConnection.OnError(SqlException exception, Boolean breakConnection, Action`1 wrapCloseInAction)
   at System.Data.SqlClient.SqlInternalConnection.OnError(SqlException exception, Boolean breakConnection, Action`1 wrapCloseInAction)
   at System.Data.SqlClient.TdsParser.ThrowExceptionAndWarning(TdsParserStateObject stateObj, Boolean callerHasConnectionLock, Boolean asyncClose)
   at System.Data.SqlClient.TdsParser.TryRun(RunBehavior runBehavior, SqlCommand cmdHandler, SqlDataReader dataStream, BulkCopySimpleResultSet bulkCopyHandler, TdsParserStateObject stateObj, Boolean& dataReady)
   at System.Data.SqlClient.SqlDataReader.TryHasMoreRows(Boolean& moreRows)
   at System.Data.SqlClient.SqlDataReader.TryReadInternal(Boolean setTimeout, Boolean& more)
   at System.Data.SqlClient.SqlDataReader.Read()
   at adaOrderingSys.business_objects.Order.getCustNameBasedOnOrderDate(DateTime orderDate) in C:\Users\Tajay\Documents\Visual Studio 2013\Projects\ADA\adaOrderingSys\adaOrderingSys\business-objects\Order.cs:line 49
ClientConnectionId:98776872-167d-45bc-92c2-175d3ff828d7
Error Number:241,State:1,Class:16
2017-11-03 07:30:23.6406 ERROR System.Data.SqlClient.SqlException (0x80131904): Conversion failed when converting date and/or time from character string.
   at System.Data.SqlClient.SqlConnection.OnError(SqlException exception, Boolean breakConnection, Action`1 wrapCloseInAction)
   at System.Data.SqlClient.SqlInternalConnection.OnError(SqlException exception, Boolean breakConnection, Action`1 wrapCloseInAction)
   at System.Data.SqlClient.TdsParser.ThrowExceptionAndWarning(TdsParserStateObject stateObj, Boolean callerHasConnectionLock, Boolean asyncClose)
   at System.Data.SqlClient.TdsParser.TryRun(RunBehavior runBehavior, SqlCommand cmdHandler, SqlDataReader dataStream, BulkCopySimpleResultSet bulkCopyHandler, TdsParserStateObject stateObj, Boolean& dataReady)
   at System.Data.SqlClient.SqlDataReader.TryHasMoreRows(Boolean& moreRows)
   at System.Data.SqlClient.SqlDataReader.TryReadInternal(Boolean setTimeout, Boolean& more)
   at System.Data.SqlClient.SqlDataReader.Read()
   at adaOrderingSys.business_objects.Order.getCustNameBasedOnOrderDate(DateTime orderDate) in C:\Users\Tajay\Documents\Visual Studio 2013\Projects\ADA\adaOrderingSys\adaOrderingSys\business-objects\Order.cs:line 49
ClientConnectionId:98776872-167d-45bc-92c2-175d3ff828d7
Error Number:241,State:1,Class:16
2017-11-03 07:30:25.9752 INFO Retrieving order location
2017-11-03 07:30:25.9910 INFO Location successfully retrieved
2017-11-03 07:30:25.9910 INFO Getting customer names
2017-11-03 07:30:26.0379 INFO Names successfully receieved
