2017-11-27 07:15:19.6267 INFO User: Tajay successfully logged in
2017-11-27 07:17:07.5947 INFO Retrieving order location
2017-11-27 07:17:07.6103 INFO Location successfully retrieved
2017-11-27 07:17:07.6259 INFO Getting customer names
2017-11-27 07:17:07.6793 INFO Names successfully receieved
2017-11-27 07:20:41.8919 INFO User: Tajay successfully logged in
2017-11-27 07:24:12.2712 INFO User: Tajay successfully logged in
2017-11-27 07:25:31.2373 INFO User: Tajay successfully logged in
2017-11-27 07:26:06.2261 INFO User: Tajay successfully logged in
2017-11-27 07:26:50.6129 INFO User: Tajay successfully logged in
2017-11-27 07:27:39.5446 INFO User: Tajay successfully logged in
2017-11-27 07:31:04.5014 INFO User: Tajay successfully logged in
2017-11-27 07:31:51.7400 INFO User: Tajay successfully logged in
2017-11-27 07:32:33.1847 INFO User: Tajay successfully logged in
2017-11-27 07:38:28.6972 INFO User: Tajay successfully logged in
2017-11-27 07:42:46.2443 INFO User: Tajay successfully logged in
2017-11-27 07:42:53.5804 INFO Retrieving order location
2017-11-27 07:42:53.5884 INFO Location successfully retrieved
2017-11-27 07:42:53.5884 INFO Getting customer names
2017-11-27 07:42:53.6054 INFO Names successfully receieved
2017-11-27 07:42:56.4294 ERROR System.NullReferenceException: Object reference not set to an instance of an object.
   at adaOrderingSys.ViewOrders.btnAdd_Click(Object sender, EventArgs e) in C:\Users\Tajay\Documents\Visual Studio 2013\Projects\ADA\adaOrderingSys\adaOrderingSys\ViewOrders.cs:line 538
2017-11-27 07:44:44.1493 ERROR System.NullReferenceException: Object reference not set to an instance of an object.
   at adaOrderingSys.ViewOrders.btnAdd_Click(Object sender, EventArgs e) in C:\Users\Tajay\Documents\Visual Studio 2013\Projects\ADA\adaOrderingSys\adaOrderingSys\ViewOrders.cs:line 538
2017-11-27 07:44:49.0771 ERROR System.NullReferenceException: Object reference not set to an instance of an object.
   at adaOrderingSys.ViewOrders.btnAdd_Click(Object sender, EventArgs e) in C:\Users\Tajay\Documents\Visual Studio 2013\Projects\ADA\adaOrderingSys\adaOrderingSys\ViewOrders.cs:line 538
2017-11-27 07:46:49.7423 INFO User: Tajay successfully logged in
2017-11-27 07:46:54.8624 INFO Retrieving order location
2017-11-27 07:46:54.8624 INFO Location successfully retrieved
2017-11-27 07:46:54.8844 INFO Getting customer names
2017-11-27 07:46:54.8844 INFO Names successfully receieved
2017-11-27 07:48:23.9528 INFO User: Tajay successfully logged in
2017-11-27 07:48:31.7957 INFO Retrieving order location
2017-11-27 07:48:31.8073 INFO Location successfully retrieved
2017-11-27 07:48:31.8233 INFO Getting customer names
2017-11-27 07:48:31.8313 INFO Names successfully receieved
2017-11-27 07:50:58.8915 INFO User: Tajay successfully logged in
2017-11-27 07:51:06.6944 INFO Retrieving order location
2017-11-27 07:51:06.6944 INFO Location successfully retrieved
2017-11-27 07:51:06.7134 INFO Getting customer names
2017-11-27 07:51:06.7254 INFO Names successfully receieved
2017-11-27 07:52:23.1946 INFO User: Tajay successfully logged in
2017-11-27 07:54:05.5971 ERROR System.Data.SqlClient.SqlException (0x80131904): Conversion failed when converting date and/or time from character string.
   at System.Data.SqlClient.SqlConnection.OnError(SqlException exception, Boolean breakConnection, Action`1 wrapCloseInAction)
   at System.Data.SqlClient.SqlInternalConnection.OnError(SqlException exception, Boolean breakConnection, Action`1 wrapCloseInAction)
   at System.Data.SqlClient.TdsParser.ThrowExceptionAndWarning(TdsParserStateObject stateObj, Boolean callerHasConnectionLock, Boolean asyncClose)
   at System.Data.SqlClient.TdsParser.TryRun(RunBehavior runBehavior, SqlCommand cmdHandler, SqlDataReader dataStream, BulkCopySimpleResultSet bulkCopyHandler, TdsParserStateObject stateObj, Boolean& dataReady)
   at System.Data.SqlClient.SqlDataReader.TryHasMoreRows(Boolean& moreRows)
   at System.Data.SqlClient.SqlDataReader.TryReadInternal(Boolean setTimeout, Boolean& more)
   at System.Data.SqlClient.SqlDataReader.Read()
   at adaOrderingSys.business_objects.Order.getCustNameBasedOnOrderDate(DateTime orderDate) in C:\Users\Tajay\Documents\Visual Studio 2013\Projects\ADA\adaOrderingSys\adaOrderingSys\business-objects\Order.cs:line 49
ClientConnectionId:93404310-54d0-4778-8c9e-eae1d1290373
Error Number:241,State:1,Class:16
2017-11-27 07:54:13.8665 INFO Retrieving order location
2017-11-27 07:54:13.8665 INFO Location successfully retrieved
2017-11-27 07:54:13.8915 INFO Getting customer names
2017-11-27 07:54:13.8991 INFO Names successfully receieved
2017-11-27 07:54:39.7460 INFO Retrieving order location
2017-11-27 07:54:39.7460 INFO Location successfully retrieved
2017-11-27 07:54:39.7596 INFO Getting customer names
2017-11-27 07:54:39.7596 INFO Names successfully receieved
2017-11-27 07:54:42.5389 INFO Retrieving order location
2017-11-27 07:54:42.5389 INFO Location successfully retrieved
2017-11-27 07:54:42.5524 INFO Getting customer names
2017-11-27 07:54:42.5524 INFO Names successfully receieved
2017-11-27 07:54:46.1420 INFO Retrieving order location
2017-11-27 07:54:46.1490 INFO Location successfully retrieved
2017-11-27 07:54:46.1590 INFO Getting customer names
2017-11-27 07:54:46.1590 INFO Names successfully receieved
2017-11-27 07:54:48.5920 INFO Retrieving order location
2017-11-27 07:54:48.5990 INFO Location successfully retrieved
2017-11-27 07:54:48.5990 INFO Getting customer names
2017-11-27 07:54:48.6120 INFO Names successfully receieved
2017-11-27 07:54:53.7173 INFO Retrieving order location
2017-11-27 07:54:53.7243 INFO Location successfully retrieved
2017-11-27 07:54:53.7243 INFO Getting customer names
2017-11-27 07:54:53.7423 INFO Names successfully receieved
2017-11-27 07:54:55.1330 INFO Retrieving order location
2017-11-27 07:54:55.1330 INFO Location successfully retrieved
2017-11-27 07:54:55.1460 INFO Getting customer names
2017-11-27 07:54:55.1460 INFO Names successfully receieved
2017-11-27 07:58:11.4507 INFO User: Tajay successfully logged in
2017-11-27 08:01:33.0002 INFO User: Tajay successfully logged in
2017-11-27 08:02:39.9197 INFO  Getting item name, quantity and additionals from 28
2017-11-27 08:02:39.9732 INFO Retrieving order location
2017-11-27 08:02:39.9902 INFO Location successfully retrieved
