2017-10-31 19:00:01.3941 INFO User: Tajay successfully logged in
2017-10-31 19:00:12.2289 INFO Retrieving order location
2017-10-31 19:00:12.3072 INFO Location successfully retrieved
2017-10-31 19:00:12.3228 INFO Getting customer names
2017-10-31 19:00:12.3228 INFO Names successfully receieved
2017-10-31 19:15:37.2146 INFO User: Tajay successfully logged in
2017-10-31 19:15:42.8688 INFO Retrieving order location
2017-10-31 19:15:42.8688 INFO Location successfully retrieved
2017-10-31 19:15:42.8844 INFO Getting customer names
2017-10-31 19:15:42.9000 INFO Names successfully receieved
2017-10-31 19:26:46.4663 INFO User: Tajay successfully logged in
2017-10-31 19:26:56.5452 INFO Retrieving order location
2017-10-31 19:26:56.5648 INFO Location successfully retrieved
2017-10-31 19:26:56.5648 INFO Getting customer names
2017-10-31 19:26:56.5648 INFO Names successfully receieved
2017-10-31 19:36:08.8748 INFO User: Tajay successfully logged in
2017-10-31 19:36:13.8999 INFO Retrieving order location
2017-10-31 19:36:13.8999 INFO Location successfully retrieved
2017-10-31 19:36:13.9169 INFO Getting customer names
2017-10-31 19:36:13.9169 INFO Names successfully receieved
