2017-10-14 03:22:32.2338 INFO User: Tajay successfully logged in
2017-10-14 03:26:21.0081 INFO User: Tajay successfully logged in
2017-10-14 03:28:18.4600 INFO User: Tajay successfully logged in
2017-10-14 03:29:38.2109 INFO User: Tajay successfully logged in
2017-10-14 03:30:02.4914 INFO Attempting to create new order.
2017-10-14 03:30:07.6174 INFO Created order: 2
2017-10-14 03:30:07.6604 INFO New orderd created successfully with ID 2
2017-10-14 03:51:20.7298 ERROR System.Data.SqlClient.SqlException (0x80131904): Conversion failed when converting date and/or time from character string.
   at System.Data.SqlClient.SqlConnection.OnError(SqlException exception, Boolean breakConnection, Action`1 wrapCloseInAction)
   at System.Data.SqlClient.SqlInternalConnection.OnError(SqlException exception, Boolean breakConnection, Action`1 wrapCloseInAction)
   at System.Data.SqlClient.TdsParser.ThrowExceptionAndWarning(TdsParserStateObject stateObj, Boolean callerHasConnectionLock, Boolean asyncClose)
   at System.Data.SqlClient.TdsParser.TryRun(RunBehavior runBehavior, SqlCommand cmdHandler, SqlDataReader dataStream, BulkCopySimpleResultSet bulkCopyHandler, TdsParserStateObject stateObj, Boolean& dataReady)
   at System.Data.SqlClient.SqlDataReader.TryHasMoreRows(Boolean& moreRows)
   at System.Data.SqlClient.SqlDataReader.TryReadInternal(Boolean setTimeout, Boolean& more)
   at System.Data.SqlClient.SqlDataReader.Read()
   at adaOrderingSys.business_objects.Order.getCustNameBasedOnOrderDate(DateTime orderDate) in C:\Users\Tajay\Documents\Visual Studio 2013\Projects\ADA\adaOrderingSys\adaOrderingSys\business-objects\Order.cs:line 49
ClientConnectionId:94e6d556-5c82-49a2-a2a7-2d0d1f03cc7f
Error Number:241,State:1,Class:16
2017-10-14 03:51:31.5610 INFO Retrieving order location
2017-10-14 03:51:31.5900 INFO Location is: Portmore
2017-10-14 03:51:31.5900 INFO Getting customer names
2017-10-14 03:51:31.6040 INFO Names successfully receieved
2017-10-14 03:51:31.6520 ERROR System.NullReferenceException: Object reference not set to an instance of an object.
   at adaOrderingSys.ViewOrders.populateDataTable(Int32 orderID) in C:\Users\Tajay\Documents\Visual Studio 2013\Projects\ADA\adaOrderingSys\adaOrderingSys\ViewOrders.cs:line 172
2017-10-14 03:52:04.9723 INFO Retrieving order location
2017-10-14 03:52:04.9803 INFO Location is: Portmore
2017-10-14 03:52:04.9933 INFO Getting customer names
2017-10-14 03:52:04.9933 INFO Names successfully receieved
2017-10-14 03:52:05.0600 ERROR System.ArgumentException: Items collection cannot be modified when the DataSource property is set.
   at System.Windows.Forms.ComboBox.CheckNoDataSource()
   at System.Windows.Forms.ComboBox.ObjectCollection.Clear()
   at adaOrderingSys.ViewOrders.list_Orders_DoubleClick(Object sender, EventArgs e) in C:\Users\Tajay\Documents\Visual Studio 2013\Projects\ADA\adaOrderingSys\adaOrderingSys\ViewOrders.cs:line 78
2017-10-14 03:52:17.5373 INFO Retrieving order location
2017-10-14 03:52:17.5373 INFO Location is: Portmore
2017-10-14 03:52:17.5578 INFO Getting customer names
2017-10-14 03:52:17.5578 INFO Names successfully receieved
2017-10-14 03:58:15.9973 INFO User: Tajay successfully logged in
2017-10-14 03:58:20.8256 INFO Retrieving order location
2017-10-14 03:58:20.8256 INFO Location is: Portmore
2017-10-14 03:58:20.8416 INFO Getting customer names
2017-10-14 03:58:20.8416 INFO Names successfully receieved
2017-10-14 03:59:02.9832 ERROR System.InvalidOperationException: Fill: SelectCommand.Connection property has not been initialized.
   at System.Data.Common.DbDataAdapter.GetConnection3(DbDataAdapter adapter, IDbCommand command, String method)
   at System.Data.Common.DbDataAdapter.FillInternal(DataSet dataset, DataTable[] datatables, Int32 startRecord, Int32 maxRecords, String srcTable, IDbCommand command, CommandBehavior behavior)
   at System.Data.Common.DbDataAdapter.Fill(DataTable[] dataTables, Int32 startRecord, Int32 maxRecords, IDbCommand command, CommandBehavior behavior)
   at System.Data.Common.DbDataAdapter.Fill(DataTable dataTable)
   at adaOrderingSys.ViewOrders.populateDataTable(Int32 orderID) in C:\Users\Tajay\Documents\Visual Studio 2013\Projects\ADA\adaOrderingSys\adaOrderingSys\ViewOrders.cs:line 186
2017-10-14 04:01:50.6254 INFO User: Tajay successfully logged in
2017-10-14 04:01:57.2945 INFO Retrieving order location
2017-10-14 04:01:57.2945 INFO Location is: Portmore
2017-10-14 04:01:57.3080 INFO Getting customer names
2017-10-14 04:01:57.3080 INFO Names successfully receieved
2017-10-14 04:03:05.3144 INFO Retrieving order location
2017-10-14 04:03:05.3244 INFO Location is: Portmore
2017-10-14 04:03:05.3244 INFO Getting customer names
2017-10-14 04:03:05.3399 INFO Names successfully receieved
2017-10-14 04:03:05.3659 ERROR System.ArgumentException: Items collection cannot be modified when the DataSource property is set.
   at System.Windows.Forms.ComboBox.CheckNoDataSource()
   at System.Windows.Forms.ComboBox.ObjectCollection.Clear()
   at adaOrderingSys.ViewOrders.list_Orders_DoubleClick(Object sender, EventArgs e) in C:\Users\Tajay\Documents\Visual Studio 2013\Projects\ADA\adaOrderingSys\adaOrderingSys\ViewOrders.cs:line 81
2017-10-14 04:03:12.5044 INFO Retrieving order location
2017-10-14 04:03:12.5104 INFO Location is: Portmore
2017-10-14 04:03:12.5444 INFO Getting customer names
2017-10-14 04:03:12.5524 INFO Names successfully receieved
2017-10-14 04:03:12.5694 ERROR System.ArgumentException: Items collection cannot be modified when the DataSource property is set.
   at System.Windows.Forms.ComboBox.CheckNoDataSource()
   at System.Windows.Forms.ComboBox.ObjectCollection.Clear()
   at adaOrderingSys.ViewOrders.list_Orders_DoubleClick(Object sender, EventArgs e) in C:\Users\Tajay\Documents\Visual Studio 2013\Projects\ADA\adaOrderingSys\adaOrderingSys\ViewOrders.cs:line 81
2017-10-14 04:03:55.4867 INFO User: Tajay successfully logged in
2017-10-14 04:04:05.8364 INFO Retrieving order location
2017-10-14 04:04:05.8364 INFO Location is: Portmore
2017-10-14 04:04:05.8579 INFO Getting customer names
2017-10-14 04:04:05.8649 INFO Names successfully receieved
2017-10-14 04:07:29.3689 INFO User: Tajay successfully logged in
2017-10-14 04:07:38.6496 INFO Retrieving order location
2017-10-14 04:07:38.6626 INFO Location is: Portmore
2017-10-14 04:07:38.6626 INFO Getting customer names
2017-10-14 04:07:38.6856 INFO Names successfully receieved
2017-10-14 04:12:45.4446 INFO User: Tajay successfully logged in
2017-10-14 04:12:52.2089 INFO Retrieving order location
2017-10-14 04:12:52.2089 INFO Location is: Portmore
2017-10-14 04:12:52.2259 INFO Getting customer names
2017-10-14 04:12:52.2259 INFO Names successfully receieved
2017-10-14 04:13:46.0533 INFO Retrieving order location
2017-10-14 04:13:46.0533 INFO Location is: Portmore
2017-10-14 04:13:47.1529 INFO Getting customer names
2017-10-14 04:13:47.1619 INFO Names successfully receieved
2017-10-14 04:17:50.5094 ERROR System.ArgumentException: Items collection cannot be modified when the DataSource property is set.
   at System.Windows.Forms.ComboBox.CheckNoDataSource()
   at System.Windows.Forms.ComboBox.ObjectCollection.Clear()
   at adaOrderingSys.ViewOrders.list_Orders_DoubleClick(Object sender, EventArgs e)
2017-10-14 04:17:58.3308 INFO Retrieving order location
2017-10-14 04:17:58.4111 INFO Location is: Portmore
2017-10-14 04:17:58.4191 INFO Getting customer names
2017-10-14 04:17:58.4191 INFO Names successfully receieved
2017-10-14 04:18:00.9906 ERROR System.Data.DuplicateNameException: A column named 'itemID' already belongs to this DataTable.
   at System.Data.DataColumnCollection.RegisterColumnName(String name, DataColumn column)
   at System.Data.DataColumnCollection.BaseAdd(DataColumn column)
   at System.Data.DataColumnCollection.AddAt(Int32 index, DataColumn column)
   at System.Data.DataColumnCollection.Add(String columnName, Type type)
   at adaOrderingSys.ViewOrders.populateDataTable(Int32 orderID)
2017-10-14 09:46:13.6781 INFO User: Tajay successfully logged in
2017-10-14 09:46:21.0847 INFO Retrieving order location
2017-10-14 09:46:21.0847 INFO Location is: Portmore
2017-10-14 09:46:21.1072 INFO Getting customer names
2017-10-14 09:46:21.1172 INFO Names successfully receieved
2017-10-14 09:50:40.6820 INFO User: Tajay successfully logged in
2017-10-14 09:50:44.3596 INFO Retrieving order location
2017-10-14 09:50:44.3676 INFO Location is: Portmore
2017-10-14 09:50:44.3676 INFO Getting customer names
2017-10-14 09:50:44.3876 INFO Names successfully receieved
2017-10-14 10:26:41.8204 INFO User: Tajay successfully logged in
2017-10-14 10:26:44.6581 INFO Retrieving order location
2017-10-14 10:26:44.6671 INFO Location is: Portmore
2017-10-14 10:26:44.6671 INFO Getting customer names
2017-10-14 10:26:44.6821 INFO Names successfully receieved
